{"numTotalTestSuites":11,"numPassedTestSuites":11,"numFailedTestSuites":0,"numPendingTestSuites":0,"numTotalTests":29,"numPassedTests":29,"numFailedTests":0,"numPendingTests":0,"numTodoTests":0,"snapshot":{"added":0,"failure":false,"filesAdded":0,"filesRemoved":0,"filesRemovedList":[],"filesUnmatched":0,"filesUpdated":0,"matched":0,"total":0,"unchecked":0,"uncheckedKeysByFile":[],"unmatched":0,"updated":0,"didUpdate":false},"startTime":1785692448972,"success":true,"testResults":[{"assertionResults":[{"ancestorTitles":["Auth Store","login"],"fullName":"Auth Store login sets user and authentication state","status":"passed","title":"sets user and authentication state","duration":29.841699999997218,"failureMessages":[],"meta":{},"tags":[]},{"ancestorTitles":["Auth Store","logout"],"fullName":"Auth Store logout clears user and auth state","status":"passed","title":"clears user and auth state","duration":1.3087000000014086,"failureMessages":[],"meta":{},"tags":[]},{"ancestorTitles":["Auth Store","hasPermission"],"fullName":"Auth Store hasPermission returns false when not authenticated","status":"passed","title":"returns false when not authenticated","duration":0.9464000000007218,"failureMessages":[],"meta":{},"tags":[]},{"ancestorTitles":["Auth Store","hasPermission"],"fullName":"Auth Store hasPermission super_admin has all permissions","status":"passed","title":"super_admin has all permissions","duration":1.0098999999972875,"failureMessages":[],"meta":{},"tags":[]},{"ancestorTitles":["Auth Store","hasPermission"],"fullName":"Auth Store hasPermission admin has most permissions except restricted","status":"passed","title":"admin has most permissions except restricted","duration":3.1806999999971595,"failureMessages":[],"meta":{},"tags":[]},{"ancestorTitles":["Auth Store","hasPermission"],"fullName":"Auth Store hasPermission accountant has accounting permissions","status":"passed","title":"accountant has accounting permissions","duration":2.238199999999779,"failureMessages":[],"meta":{},"tags":[]},{"ancestorTitles":["Auth Store","hasPermission"],"fullName":"Auth Store hasPermission sales_rep has sales and crm permissions","status":"passed","title":"sales_rep has sales and crm permissions","duration":1.0240999999950873,"failureMessages":[],"meta":{},"tags":[]},{"ancestorTitles":["Auth Store","hasPermission"],"fullName":"Auth Store hasPermission viewer has read-only permissions","status":"passed","title":"viewer has read-only permissions","duration":1.176899999998568,"failureMessages":[],"meta":{},"tags":[]},{"ancestorTitles":["Auth Store","hasRole"],"fullName":"Auth Store hasRole returns true for matching role","status":"passed","title":"returns true for matching role","duration":1.3971000000019558,"failureMessages":[],"meta":{},"tags":[]},{"ancestorTitles":["Auth Store","hasRole"],"fullName":"Auth Store hasRole returns false for non-matching role","status":"passed","title":"returns false for non-matching role","duration":1.3516000000017812,"failureMessages":[],"meta":{},"tags":[]},{"ancestorTitles":["Auth Store","initAuth"],"fullName":"Auth Store initAuth restores auth from localStorage","status":"passed","title":"restores auth from localStorage","duration":2.2030000000013388,"failureMessages":[],"meta":{},"tags":[]},{"ancestorTitles":["Auth Store","initAuth"],"fullName":"Auth Store initAuth handles invalid stored data","status":"passed","title":"handles invalid stored data","duration":1.2061000000030617,"failureMessages":[],"meta":{},"tags":[]},{"ancestorTitles":["Auth Store","initAuth"],"fullName":"Auth Store initAuth rejects persisted auth when session fingerprint is missing","status":"passed","title":"rejects persisted auth when session fingerprint is missing","duration":1.3372000000017579,"failureMessages":[],"meta":{},"tags":[]},{"ancestorTitles":["Auth Store","initAuth"],"fullName":"Auth Store initAuth clears expired session from localStorage","status":"passed","title":"clears expired session from localStorage","duration":2.207800000003772,"failureMessages":[],"meta":{},"tags":[]},{"ancestorTitles":["Auth Store","initAuth"],"fullName":"Auth Store initAuth sets loading to false when no stored user","status":"passed","title":"sets loading to false when no stored user","duration":2.401399999995192,"failureMessages":[],"meta":{},"tags":[]},{"ancestorTitles":["Auth Store","initAuth"],"fullName":"Auth Store initAuth clears stale user from localStorage when DB user no longer exists","status":"passed","title":"clears stale user from localStorage when DB user no longer exists","duration":5.999600000002829,"failureMessages":[],"meta":{},"tags":[]},{"ancestorTitles":["Auth Store","checkSession"],"fullName":"Auth Store checkSession returns false when no activity recorded","status":"passed","title":"returns false when no activity recorded","duration":0.8412000000025728,"failureMessages":[],"meta":{},"tags":[]},{"ancestorTitles":["Auth Store","checkSession"],"fullName":"Auth Store checkSession returns true when activity is recent","status":"passed","title":"returns true when activity is recent","duration":0.6727000000028056,"failureMessages":[],"meta":{},"tags":[]},{"ancestorTitles":["Auth Store","checkSession"],"fullName":"Auth Store checkSession returns false and logs out when session expired","status":"passed","title":"returns false and logs out when session expired","duration":0.7938999999969383,"failureMessages":[],"meta":{},"tags":[]},{"ancestorTitles":["Auth Store","recordActivity"],"fullName":"Auth Store recordActivity updates lastActivityAt timestamp","status":"passed","title":"updates lastActivityAt timestamp","duration":1.053299999999581,"failureMessages":[],"meta":{},"tags":[]},{"ancestorTitles":["Auth Store","recordActivity"],"fullName":"Auth Store recordActivity saves activity to localStorage","status":"passed","title":"saves activity to localStorage","duration":0.7968000000037136,"failureMessages":[],"meta":{},"tags":[]},{"ancestorTitles":["Auth Store","canAccessOwned"],"fullName":"Auth Store canAccessOwned returns true when user has module permission","status":"passed","title":"returns true when user has module permission","duration":0.7003000000040629,"failureMessages":[],"meta":{},"tags":[]},{"ancestorTitles":["Auth Store","canAccessOwned"],"fullName":"Auth Store canAccessOwned returns false when user lacks permission","status":"passed","title":"returns false when user lacks permission","duration":0.6434000000008382,"failureMessages":[],"meta":{},"tags":[]},{"ancestorTitles":["Auth Store","shouldFilterByOwner"],"fullName":"Auth Store shouldFilterByOwner returns false when not authenticated","status":"passed","title":"returns false when not authenticated","duration":0.5969000000040978,"failureMessages":[],"meta":{},"tags":[]},{"ancestorTitles":["Auth Store","shouldFilterByOwner"],"fullName":"Auth Store shouldFilterByOwner returns false for super_admin","status":"passed","title":"returns false for super_admin","duration":8.1733000000022,"failureMessages":[],"meta":{},"tags":[]},{"ancestorTitles":["Auth Store","shouldFilterByOwner"],"fullName":"Auth Store shouldFilterByOwner returns false for admin","status":"passed","title":"returns false for admin","duration":3.9161999999996624,"failureMessages":[],"meta":{},"tags":[]},{"ancestorTitles":["Auth Store","shouldFilterByOwner"],"fullName":"Auth Store shouldFilterByOwner returns false when user has full view permission","status":"passed","title":"returns false when user has full view permission","duration":1.0311999999976251,"failureMessages":[],"meta":{},"tags":[]},{"ancestorTitles":["Auth Store","shouldFilterByOwner"],"fullName":"Auth Store shouldFilterByOwner returns true when user has only own permission","status":"passed","title":"returns true when user has only own permission","duration":0.5831000000034692,"failureMessages":[],"meta":{},"tags":[]},{"ancestorTitles":["Auth Store","shouldFilterByOwner"],"fullName":"Auth Store shouldFilterByOwner returns false when user has no permissions for module","status":"passed","title":"returns false when user has no permissions for module","duration":0.524199999999837,"failureMessages":[],"meta":{},"tags":[]}],"startTime":1785692487190,"endTime":1785692487271.5242,"status":"passed","message":"","name":"E:/MaghzAccountApp/MaghzAccountFlash35/src/modules/auth/store.test.ts"}]}