<?xml version="1.0" encoding="UTF-8"?>
<coverage generated="1781818850990" clover="3.2.0">
  <project timestamp="1781818850990" name="All files">
    <metrics statements="1490" coveredstatements="1313" conditionals="958" coveredconditionals="755" methods="404" coveredmethods="274" elements="2852" coveredelements="2342" complexity="0" loc="1490" ncloc="1490" packages="11" files="55" classes="55"/>
    <package name="electron">
      <metrics statements="328" coveredstatements="326" conditionals="142" coveredconditionals="117" methods="9" coveredmethods="8"/>
      <file name="seedDemoData.js" path="E:\MaghzAccountApp\MaghzAccountFlash35\electron\seedDemoData.js">
        <metrics statements="328" coveredstatements="326" conditionals="142" coveredconditionals="117" methods="9" coveredmethods="8"/>
        <line num="1" count="9" type="stmt"/>
        <line num="15" count="9" type="stmt"/>
        <line num="16" count="9" type="stmt"/>
        <line num="18" count="9" type="stmt"/>
        <line num="19" count="9" type="stmt"/>
        <line num="20" count="9" type="stmt"/>
        <line num="23" count="9" type="stmt"/>
        <line num="25" count="9" type="stmt"/>
        <line num="64" count="9" type="stmt"/>
        <line num="72" count="9" type="stmt"/>
        <line num="80" count="9" type="stmt"/>
        <line num="86" count="9" type="stmt"/>
        <line num="103" count="9" type="stmt"/>
        <line num="109" count="9" type="stmt"/>
        <line num="116" count="9" type="stmt"/>
        <line num="124" count="9" type="stmt"/>
        <line num="129" count="9" type="stmt"/>
        <line num="135" count="9" type="stmt"/>
        <line num="153" count="9" type="stmt"/>
        <line num="159" count="9" type="stmt"/>
        <line num="170" count="9" type="stmt"/>
        <line num="181" count="9" type="stmt"/>
        <line num="183" count="9" type="stmt"/>
        <line num="194" count="9" type="stmt"/>
        <line num="205" count="0" type="stmt"/>
        <line num="206" count="0" type="stmt"/>
        <line num="210" count="9" type="stmt"/>
        <line num="214" count="9" type="cond" truecount="2" falsecount="0"/>
        <line num="218" count="9" type="stmt"/>
        <line num="219" count="9" type="stmt"/>
        <line num="220" count="9" type="stmt"/>
        <line num="221" count="9" type="stmt"/>
        <line num="222" count="9" type="cond" truecount="1" falsecount="1"/>
        <line num="224" count="9" type="stmt"/>
        <line num="231" count="9" type="stmt"/>
        <line num="232" count="9" type="cond" truecount="1" falsecount="1"/>
        <line num="233" count="9" type="stmt"/>
        <line num="238" count="9" type="stmt"/>
        <line num="239" count="9" type="stmt"/>
        <line num="240" count="27" type="stmt"/>
        <line num="249" count="9" type="stmt"/>
        <line num="250" count="9" type="stmt"/>
        <line num="251" count="9" type="stmt"/>
        <line num="252" count="279" type="cond" truecount="2" falsecount="0"/>
        <line num="253" count="279" type="stmt"/>
        <line num="260" count="279" type="stmt"/>
        <line num="261" count="279" type="cond" truecount="2" falsecount="0"/>
        <line num="262" count="31" type="stmt"/>
        <line num="263" count="31" type="stmt"/>
        <line num="265" count="279" type="cond" truecount="1" falsecount="1"/>
        <line num="269" count="9" type="stmt"/>
        <line num="270" count="9" type="stmt"/>
        <line num="271" count="9" type="stmt"/>
        <line num="272" count="45" type="cond" truecount="2" falsecount="0"/>
        <line num="273" count="45" type="cond" truecount="2" falsecount="0"/>
        <line num="274" count="45" type="cond" truecount="2" falsecount="0"/>
        <line num="275" count="45" type="stmt"/>
        <line num="282" count="45" type="stmt"/>
        <line num="283" count="45" type="cond" truecount="2" falsecount="0"/>
        <line num="284" count="5" type="stmt"/>
        <line num="285" count="5" type="stmt"/>
        <line num="287" count="45" type="cond" truecount="1" falsecount="1"/>
        <line num="291" count="9" type="stmt"/>
        <line num="292" count="9" type="stmt"/>
        <line num="293" count="45" type="stmt"/>
        <line num="302" count="9" type="stmt"/>
        <line num="303" count="9" type="stmt"/>
        <line num="304" count="36" type="stmt"/>
        <line num="313" count="9" type="stmt"/>
        <line num="314" count="9" type="stmt"/>
        <line num="315" count="18" type="stmt"/>
        <line num="316" count="18" type="stmt"/>
        <line num="325" count="9" type="stmt"/>
        <line num="326" count="9" type="stmt"/>
        <line num="327" count="126" type="stmt"/>
        <line num="328" count="126" type="cond" truecount="1" falsecount="1"/>
        <line num="329" count="126" type="stmt"/>
        <line num="338" count="9" type="stmt"/>
        <line num="339" count="9" type="stmt"/>
        <line num="340" count="27" type="stmt"/>
        <line num="349" count="9" type="stmt"/>
        <line num="350" count="9" type="stmt"/>
        <line num="358" count="9" type="stmt"/>
        <line num="359" count="9" type="stmt"/>
        <line num="368" count="9" type="stmt"/>
        <line num="369" count="63" type="stmt"/>
        <line num="378" count="9" type="stmt"/>
        <line num="379" count="9" type="stmt"/>
        <line num="380" count="72" type="stmt"/>
        <line num="389" count="9" type="stmt"/>
        <line num="390" count="9" type="stmt"/>
        <line num="391" count="72" type="stmt"/>
        <line num="400" count="9" type="stmt"/>
        <line num="401" count="9" type="stmt"/>
        <line num="402" count="9" type="stmt"/>
        <line num="403" count="27" type="stmt"/>
        <line num="410" count="27" type="stmt"/>
        <line num="411" count="27" type="cond" truecount="2" falsecount="0"/>
        <line num="412" count="3" type="stmt"/>
        <line num="413" count="3" type="stmt"/>
        <line num="415" count="27" type="cond" truecount="1" falsecount="1"/>
        <line num="417" count="9" type="stmt"/>
        <line num="420" count="9" type="stmt"/>
        <line num="421" count="9" type="stmt"/>
        <line num="422" count="9" type="stmt"/>
        <line num="423" count="135" type="cond" truecount="1" falsecount="1"/>
        <line num="424" count="135" type="stmt"/>
        <line num="431" count="135" type="stmt"/>
        <line num="432" count="135" type="cond" truecount="2" falsecount="0"/>
        <line num="433" count="15" type="stmt"/>
        <line num="434" count="15" type="stmt"/>
        <line num="436" count="135" type="cond" truecount="1" falsecount="1"/>
        <line num="437" count="135" type="stmt"/>
        <line num="438" count="135" type="cond" truecount="1" falsecount="1"/>
        <line num="439" count="135" type="stmt"/>
        <line num="450" count="9" type="stmt"/>
        <line num="451" count="9" type="stmt"/>
        <line num="452" count="9" type="stmt"/>
        <line num="453" count="27" type="stmt"/>
        <line num="460" count="27" type="stmt"/>
        <line num="461" count="27" type="cond" truecount="2" falsecount="0"/>
        <line num="462" count="3" type="stmt"/>
        <line num="463" count="3" type="stmt"/>
        <line num="465" count="27" type="cond" truecount="1" falsecount="1"/>
        <line num="467" count="9" type="stmt"/>
        <line num="470" count="9" type="stmt"/>
        <line num="471" count="9" type="cond" truecount="1" falsecount="1"/>
        <line num="472" count="9" type="stmt"/>
        <line num="473" count="9" type="stmt"/>
        <line num="474" count="9" type="stmt"/>
        <line num="475" count="135" type="cond" truecount="1" falsecount="1"/>
        <line num="476" count="135" type="stmt"/>
        <line num="477" count="135" type="stmt"/>
        <line num="484" count="135" type="stmt"/>
        <line num="490" count="135" type="stmt"/>
        <line num="495" count="9" type="stmt"/>
        <line num="496" count="9" type="stmt"/>
        <line num="497" count="9" type="stmt"/>
        <line num="498" count="36" type="stmt"/>
        <line num="505" count="36" type="stmt"/>
        <line num="506" count="36" type="cond" truecount="2" falsecount="0"/>
        <line num="507" count="4" type="stmt"/>
        <line num="508" count="4" type="stmt"/>
        <line num="510" count="36" type="cond" truecount="1" falsecount="1"/>
        <line num="512" count="9" type="stmt"/>
        <line num="513" count="9" type="stmt"/>
        <line num="514" count="72" type="stmt"/>
        <line num="515" count="72" type="stmt"/>
        <line num="522" count="72" type="stmt"/>
        <line num="523" count="72" type="cond" truecount="2" falsecount="0"/>
        <line num="524" count="8" type="stmt"/>
        <line num="525" count="8" type="stmt"/>
        <line num="527" count="72" type="cond" truecount="1" falsecount="1"/>
        <line num="531" count="9" type="stmt"/>
        <line num="532" count="9" type="stmt"/>
        <line num="533" count="45" type="stmt"/>
        <line num="542" count="9" type="cond" truecount="1" falsecount="1"/>
        <line num="543" count="9" type="stmt"/>
        <line num="544" count="9" type="stmt"/>
        <line num="551" count="9" type="stmt"/>
        <line num="552" count="9" type="cond" truecount="2" falsecount="0"/>
        <line num="553" count="1" type="stmt"/>
        <line num="554" count="1" type="stmt"/>
        <line num="556" count="9" type="cond" truecount="1" falsecount="1"/>
        <line num="557" count="9" type="stmt"/>
        <line num="558" count="9" type="stmt"/>
        <line num="559" count="72" type="stmt"/>
        <line num="560" count="72" type="cond" truecount="2" falsecount="0"/>
        <line num="561" count="72" type="stmt"/>
        <line num="562" count="72" type="stmt"/>
        <line num="563" count="72" type="stmt"/>
        <line num="564" count="72" type="stmt"/>
        <line num="565" count="72" type="stmt"/>
        <line num="572" count="9" type="cond" truecount="1" falsecount="1"/>
        <line num="573" count="9" type="stmt"/>
        <line num="579" count="9" type="stmt"/>
        <line num="582" count="72" type="stmt"/>
        <line num="583" count="72" type="stmt"/>
        <line num="585" count="9" type="stmt"/>
        <line num="586" count="9" type="stmt"/>
        <line num="587" count="9" type="stmt"/>
        <line num="588" count="45" type="cond" truecount="2" falsecount="0"/>
        <line num="589" count="9" type="stmt"/>
        <line num="590" count="9" type="stmt"/>
        <line num="591" count="81" type="stmt"/>
        <line num="592" count="81" type="cond" truecount="2" falsecount="0"/>
        <line num="594" count="9" type="cond" truecount="4" falsecount="0"/>
        <line num="595" count="4" type="stmt"/>
        <line num="602" count="4" type="stmt"/>
        <line num="603" count="36" type="stmt"/>
        <line num="604" count="20" type="stmt"/>
        <line num="605" count="20" type="stmt"/>
        <line num="606" count="20" type="stmt"/>
        <line num="613" count="20" type="stmt"/>
        <line num="614" count="20" type="cond" truecount="2" falsecount="0"/>
        <line num="615" count="5" type="stmt"/>
        <line num="616" count="5" type="stmt"/>
        <line num="618" count="20" type="cond" truecount="1" falsecount="1"/>
        <line num="619" count="20" type="stmt"/>
        <line num="620" count="36" type="stmt"/>
        <line num="621" count="36" type="stmt"/>
        <line num="622" count="36" type="stmt"/>
        <line num="633" count="9" type="stmt"/>
        <line num="634" count="9" type="stmt"/>
        <line num="635" count="9" type="stmt"/>
        <line num="636" count="27" type="cond" truecount="2" falsecount="0"/>
        <line num="637" count="9" type="cond" truecount="4" falsecount="0"/>
        <line num="638" count="4" type="stmt"/>
        <line num="643" count="4" type="stmt"/>
        <line num="644" count="20" type="stmt"/>
        <line num="645" count="12" type="stmt"/>
        <line num="652" count="12" type="stmt"/>
        <line num="653" count="12" type="cond" truecount="2" falsecount="0"/>
        <line num="654" count="3" type="stmt"/>
        <line num="655" count="3" type="stmt"/>
        <line num="657" count="12" type="cond" truecount="1" falsecount="1"/>
        <line num="658" count="12" type="stmt"/>
        <line num="659" count="20" type="stmt"/>
        <line num="670" count="9" type="stmt"/>
        <line num="671" count="9" type="cond" truecount="4" falsecount="0"/>
        <line num="672" count="4" type="stmt"/>
        <line num="677" count="4" type="stmt"/>
        <line num="678" count="16" type="stmt"/>
        <line num="679" count="12" type="stmt"/>
        <line num="680" count="12" type="stmt"/>
        <line num="681" count="12" type="stmt"/>
        <line num="688" count="12" type="stmt"/>
        <line num="689" count="12" type="cond" truecount="2" falsecount="0"/>
        <line num="690" count="3" type="stmt"/>
        <line num="691" count="3" type="stmt"/>
        <line num="693" count="12" type="cond" truecount="1" falsecount="1"/>
        <line num="694" count="12" type="stmt"/>
        <line num="695" count="16" type="stmt"/>
        <line num="706" count="9" type="stmt"/>
        <line num="707" count="9" type="cond" truecount="4" falsecount="0"/>
        <line num="708" count="4" type="stmt"/>
        <line num="712" count="4" type="stmt"/>
        <line num="713" count="8" type="stmt"/>
        <line num="714" count="12" type="stmt"/>
        <line num="715" count="12" type="stmt"/>
        <line num="717" count="8" type="stmt"/>
        <line num="724" count="8" type="stmt"/>
        <line num="725" count="8" type="cond" truecount="2" falsecount="0"/>
        <line num="726" count="2" type="stmt"/>
        <line num="727" count="2" type="stmt"/>
        <line num="729" count="8" type="cond" truecount="1" falsecount="1"/>
        <line num="730" count="8" type="stmt"/>
        <line num="731" count="12" type="stmt"/>
        <line num="732" count="12" type="stmt"/>
        <line num="733" count="12" type="stmt"/>
        <line num="744" count="9" type="stmt"/>
        <line num="745" count="9" type="stmt"/>
        <line num="746" count="9" type="cond" truecount="4" falsecount="0"/>
        <line num="747" count="4" type="stmt"/>
        <line num="748" count="4" type="stmt"/>
        <line num="749" count="4" type="stmt"/>
        <line num="750" count="4" type="stmt"/>
        <line num="751" count="4" type="stmt"/>
        <line num="752" count="4" type="stmt"/>
        <line num="759" count="4" type="stmt"/>
        <line num="760" count="4" type="cond" truecount="2" falsecount="0"/>
        <line num="761" count="3" type="stmt"/>
        <line num="770" count="9" type="stmt"/>
        <line num="771" count="9" type="stmt"/>
        <line num="772" count="9" type="cond" truecount="4" falsecount="0"/>
        <line num="773" count="4" type="stmt"/>
        <line num="774" count="4" type="stmt"/>
        <line num="775" count="4" type="stmt"/>
        <line num="776" count="4" type="stmt"/>
        <line num="777" count="4" type="stmt"/>
        <line num="778" count="4" type="stmt"/>
        <line num="779" count="4" type="stmt"/>
        <line num="786" count="4" type="stmt"/>
        <line num="787" count="4" type="cond" truecount="2" falsecount="0"/>
        <line num="788" count="3" type="stmt"/>
        <line num="797" count="9" type="stmt"/>
        <line num="798" count="9" type="cond" truecount="2" falsecount="0"/>
        <line num="799" count="4" type="stmt"/>
        <line num="800" count="4" type="stmt"/>
        <line num="801" count="4" type="stmt"/>
        <line num="802" count="12" type="stmt"/>
        <line num="803" count="12" type="stmt"/>
        <line num="804" count="12" type="stmt"/>
        <line num="805" count="12" type="stmt"/>
        <line num="815" count="9" type="stmt"/>
        <line num="816" count="9" type="cond" truecount="2" falsecount="0"/>
        <line num="817" count="4" type="stmt"/>
        <line num="818" count="4" type="stmt"/>
        <line num="819" count="4" type="stmt"/>
        <line num="820" count="4" type="stmt"/>
        <line num="821" count="4" type="stmt"/>
        <line num="822" count="12" type="stmt"/>
        <line num="823" count="12" type="stmt"/>
        <line num="824" count="12" type="stmt"/>
        <line num="825" count="12" type="stmt"/>
        <line num="835" count="9" type="stmt"/>
        <line num="836" count="9" type="stmt"/>
        <line num="837" count="54" type="stmt"/>
        <line num="846" count="9" type="stmt"/>
        <line num="847" count="9" type="stmt"/>
        <line num="848" count="4" type="stmt"/>
        <line num="849" count="4" type="cond" truecount="1" falsecount="1"/>
        <line num="850" count="4" type="cond" truecount="1" falsecount="1"/>
        <line num="851" count="4" type="cond" truecount="1" falsecount="1"/>
        <line num="852" count="4" type="cond" truecount="1" falsecount="1"/>
        <line num="853" count="4" type="stmt"/>
        <line num="862" count="9" type="stmt"/>
        <line num="863" count="9" type="cond" truecount="2" falsecount="0"/>
        <line num="864" count="4" type="stmt"/>
        <line num="871" count="4" type="stmt"/>
        <line num="872" count="4" type="cond" truecount="2" falsecount="0"/>
        <line num="873" count="3" type="stmt"/>
        <line num="878" count="3" type="stmt"/>
        <line num="888" count="9" type="stmt"/>
        <line num="889" count="9" type="stmt"/>
        <line num="890" count="9" type="stmt"/>
        <line num="891" count="9" type="cond" truecount="2" falsecount="0"/>
        <line num="892" count="4" type="stmt"/>
        <line num="898" count="4" type="stmt"/>
        <line num="904" count="4" type="stmt"/>
        <line num="910" count="4" type="stmt"/>
        <line num="919" count="9" type="stmt"/>
        <line num="920" count="9" type="stmt"/>
        <line num="921" count="9" type="stmt"/>
        <line num="922" count="9" type="cond" truecount="4" falsecount="0"/>
        <line num="923" count="4" type="stmt"/>
        <line num="924" count="4" type="stmt"/>
        <line num="932" count="9" type="stmt"/>
      </file>
    </package>
    <package name="src.app">
      <metrics statements="57" coveredstatements="50" conditionals="58" coveredconditionals="47" methods="30" coveredmethods="27"/>
      <file name="layout.tsx" path="E:\MaghzAccountApp\MaghzAccountFlash35\src\app\layout.tsx">
        <metrics statements="57" coveredstatements="50" conditionals="58" coveredconditionals="47" methods="30" coveredmethods="27"/>
        <line num="41" count="1" type="stmt"/>
        <line num="179" count="100" type="stmt"/>
        <line num="180" count="100" type="stmt"/>
        <line num="181" count="100" type="stmt"/>
        <line num="182" count="310" type="stmt"/>
        <line num="183" count="100" type="stmt"/>
        <line num="185" count="468" type="cond" truecount="3" falsecount="1"/>
        <line num="189" count="100" type="stmt"/>
        <line num="190" count="100" type="cond" truecount="2" falsecount="0"/>
        <line num="191" count="100" type="stmt"/>
        <line num="193" count="100" type="cond" truecount="2" falsecount="0"/>
        <line num="195" count="86" type="stmt"/>
        <line num="200" count="0" type="cond" truecount="0" falsecount="2"/>
        <line num="201" count="0" type="stmt"/>
        <line num="202" count="0" type="stmt"/>
        <line num="230" count="0" type="stmt"/>
        <line num="231" count="0" type="stmt"/>
        <line num="252" count="1" type="stmt"/>
        <line num="253" count="10" type="stmt"/>
        <line num="254" count="31" type="stmt"/>
        <line num="255" count="31" type="stmt"/>
        <line num="257" count="10" type="stmt"/>
        <line num="283" count="100" type="stmt"/>
        <line num="302" count="1" type="stmt"/>
        <line num="303" count="13" type="stmt"/>
        <line num="304" count="41" type="stmt"/>
        <line num="305" count="41" type="stmt"/>
        <line num="306" count="41" type="stmt"/>
        <line num="307" count="41" type="stmt"/>
        <line num="308" count="41" type="stmt"/>
        <line num="309" count="41" type="stmt"/>
        <line num="310" count="41" type="stmt"/>
        <line num="311" count="13" type="stmt"/>
        <line num="313" count="13" type="stmt"/>
        <line num="314" count="1" type="stmt"/>
        <line num="315" count="1" type="stmt"/>
        <line num="318" count="13" type="stmt"/>
        <line num="350" count="1" type="cond" truecount="1" falsecount="1"/>
        <line num="370" count="1" type="stmt"/>
        <line num="371" count="13" type="stmt"/>
        <line num="372" count="13" type="stmt"/>
        <line num="373" count="13" type="stmt"/>
        <line num="374" count="4" type="stmt"/>
        <line num="376" count="4" type="stmt"/>
        <line num="377" count="1" type="cond" truecount="1" falsecount="1"/>
        <line num="378" count="1" type="stmt"/>
        <line num="382" count="4" type="stmt"/>
        <line num="383" count="4" type="cond" truecount="2" falsecount="0"/>
        <line num="385" count="3" type="stmt"/>
        <line num="386" count="12" type="stmt"/>
        <line num="388" count="3" type="stmt"/>
        <line num="389" count="0" type="cond" truecount="0" falsecount="2"/>
        <line num="390" count="0" type="stmt"/>
        <line num="394" count="3" type="stmt"/>
        <line num="395" count="12" type="stmt"/>
        <line num="396" count="3" type="stmt"/>
        <line num="400" count="4" type="stmt"/>
      </file>
    </package>
    <package name="src.core.database.schema">
      <metrics statements="144" coveredstatements="60" conditionals="0" coveredconditionals="0" methods="84" coveredmethods="0"/>
      <file name="accounting.ts" path="E:\MaghzAccountApp\MaghzAccountFlash35\src\core\database\schema\accounting.ts">
        <metrics statements="8" coveredstatements="3" conditionals="0" coveredconditionals="0" methods="5" coveredmethods="0"/>
        <line num="5" count="1" type="stmt"/>
        <line num="7" count="0" type="stmt"/>
        <line num="24" count="1" type="stmt"/>
        <line num="26" count="0" type="stmt"/>
        <line num="40" count="1" type="stmt"/>
        <line num="42" count="0" type="stmt"/>
        <line num="43" count="0" type="stmt"/>
        <line num="44" count="0" type="stmt"/>
      </file>
      <file name="core.ts" path="E:\MaghzAccountApp\MaghzAccountFlash35\src\core\database\schema\core.ts">
        <metrics statements="13" coveredstatements="7" conditionals="0" coveredconditionals="0" methods="6" coveredmethods="0"/>
        <line num="4" count="1" type="stmt"/>
        <line num="23" count="1" type="stmt"/>
        <line num="25" count="0" type="stmt"/>
        <line num="39" count="1" type="stmt"/>
        <line num="41" count="0" type="stmt"/>
        <line num="51" count="1" type="stmt"/>
        <line num="53" count="0" type="stmt"/>
        <line num="60" count="1" type="stmt"/>
        <line num="62" count="0" type="stmt"/>
        <line num="72" count="1" type="stmt"/>
        <line num="74" count="0" type="stmt"/>
        <line num="84" count="1" type="stmt"/>
        <line num="86" count="0" type="stmt"/>
      </file>
      <file name="crm.ts" path="E:\MaghzAccountApp\MaghzAccountFlash35\src\core\database\schema\crm.ts">
        <metrics statements="17" coveredstatements="6" conditionals="0" coveredconditionals="0" methods="11" coveredmethods="0"/>
        <line num="5" count="1" type="stmt"/>
        <line num="7" count="0" type="stmt"/>
        <line num="15" count="0" type="stmt"/>
        <line num="24" count="1" type="stmt"/>
        <line num="26" count="0" type="stmt"/>
        <line num="34" count="0" type="stmt"/>
        <line num="42" count="1" type="stmt"/>
        <line num="44" count="0" type="stmt"/>
        <line num="52" count="0" type="stmt"/>
        <line num="59" count="1" type="stmt"/>
        <line num="61" count="0" type="stmt"/>
        <line num="74" count="1" type="stmt"/>
        <line num="76" count="0" type="stmt"/>
        <line num="85" count="0" type="stmt"/>
        <line num="90" count="1" type="stmt"/>
        <line num="92" count="0" type="stmt"/>
        <line num="101" count="0" type="stmt"/>
      </file>
      <file name="hr.ts" path="E:\MaghzAccountApp\MaghzAccountFlash35\src\core\database\schema\hr.ts">
        <metrics statements="18" coveredstatements="7" conditionals="0" coveredconditionals="0" methods="11" coveredmethods="0"/>
        <line num="5" count="1" type="stmt"/>
        <line num="7" count="0" type="stmt"/>
        <line num="16" count="1" type="stmt"/>
        <line num="18" count="0" type="stmt"/>
        <line num="39" count="1" type="stmt"/>
        <line num="41" count="0" type="stmt"/>
        <line num="42" count="0" type="stmt"/>
        <line num="54" count="1" type="stmt"/>
        <line num="56" count="0" type="stmt"/>
        <line num="57" count="0" type="stmt"/>
        <line num="69" count="1" type="stmt"/>
        <line num="71" count="0" type="stmt"/>
        <line num="81" count="1" type="stmt"/>
        <line num="83" count="0" type="stmt"/>
        <line num="84" count="0" type="stmt"/>
        <line num="94" count="1" type="stmt"/>
        <line num="96" count="0" type="stmt"/>
        <line num="97" count="0" type="stmt"/>
      </file>
      <file name="index.ts" path="E:\MaghzAccountApp\MaghzAccountFlash35\src\core\database\schema\index.ts">
        <metrics statements="0" coveredstatements="0" conditionals="0" coveredconditionals="0" methods="0" coveredmethods="0"/>
      </file>
      <file name="inventory.ts" path="E:\MaghzAccountApp\MaghzAccountFlash35\src\core\database\schema\inventory.ts">
        <metrics statements="21" coveredstatements="9" conditionals="0" coveredconditionals="0" methods="12" coveredmethods="0"/>
        <line num="6" count="1" type="stmt"/>
        <line num="8" count="0" type="stmt"/>
        <line num="15" count="1" type="stmt"/>
        <line num="17" count="0" type="stmt"/>
        <line num="25" count="0" type="stmt"/>
        <line num="40" count="1" type="stmt"/>
        <line num="43" count="0" type="stmt"/>
        <line num="44" count="0" type="stmt"/>
        <line num="46" count="0" type="stmt"/>
        <line num="52" count="1" type="stmt"/>
        <line num="54" count="0" type="stmt"/>
        <line num="65" count="1" type="stmt"/>
        <line num="67" count="0" type="stmt"/>
        <line num="76" count="1" type="stmt"/>
        <line num="78" count="0" type="stmt"/>
        <line num="91" count="1" type="stmt"/>
        <line num="93" count="0" type="stmt"/>
        <line num="105" count="1" type="stmt"/>
        <line num="107" count="0" type="stmt"/>
        <line num="113" count="1" type="stmt"/>
        <line num="115" count="0" type="stmt"/>
      </file>
      <file name="manufacturing.ts" path="E:\MaghzAccountApp\MaghzAccountFlash35\src\core\database\schema\manufacturing.ts">
        <metrics statements="8" coveredstatements="4" conditionals="0" coveredconditionals="0" methods="4" coveredmethods="0"/>
        <line num="5" count="1" type="stmt"/>
        <line num="7" count="0" type="stmt"/>
        <line num="19" count="1" type="stmt"/>
        <line num="21" count="0" type="stmt"/>
        <line num="30" count="1" type="stmt"/>
        <line num="32" count="0" type="stmt"/>
        <line num="52" count="1" type="stmt"/>
        <line num="54" count="0" type="stmt"/>
      </file>
      <file name="purchases.ts" path="E:\MaghzAccountApp\MaghzAccountFlash35\src\core\database\schema\purchases.ts">
        <metrics statements="16" coveredstatements="7" conditionals="0" coveredconditionals="0" methods="9" coveredmethods="0"/>
        <line num="6" count="1" type="stmt"/>
        <line num="8" count="0" type="stmt"/>
        <line num="24" count="1" type="stmt"/>
        <line num="26" count="0" type="stmt"/>
        <line num="49" count="1" type="stmt"/>
        <line num="51" count="0" type="stmt"/>
        <line num="63" count="1" type="stmt"/>
        <line num="65" count="0" type="stmt"/>
        <line num="79" count="1" type="stmt"/>
        <line num="81" count="0" type="stmt"/>
        <line num="82" count="0" type="stmt"/>
        <line num="89" count="1" type="stmt"/>
        <line num="91" count="0" type="stmt"/>
        <line num="108" count="1" type="stmt"/>
        <line num="110" count="0" type="stmt"/>
        <line num="111" count="0" type="stmt"/>
      </file>
      <file name="sales.ts" path="E:\MaghzAccountApp\MaghzAccountFlash35\src\core\database\schema\sales.ts">
        <metrics statements="16" coveredstatements="7" conditionals="0" coveredconditionals="0" methods="9" coveredmethods="0"/>
        <line num="6" count="1" type="stmt"/>
        <line num="8" count="0" type="stmt"/>
        <line num="25" count="1" type="stmt"/>
        <line num="27" count="0" type="stmt"/>
        <line num="50" count="1" type="stmt"/>
        <line num="52" count="0" type="stmt"/>
        <line num="65" count="1" type="stmt"/>
        <line num="67" count="0" type="stmt"/>
        <line num="82" count="1" type="stmt"/>
        <line num="84" count="0" type="stmt"/>
        <line num="85" count="0" type="stmt"/>
        <line num="93" count="1" type="stmt"/>
        <line num="95" count="0" type="stmt"/>
        <line num="113" count="1" type="stmt"/>
        <line num="115" count="0" type="stmt"/>
        <line num="116" count="0" type="stmt"/>
      </file>
      <file name="settings.ts" path="E:\MaghzAccountApp\MaghzAccountFlash35\src\core\database\schema\settings.ts">
        <metrics statements="23" coveredstatements="8" conditionals="0" coveredconditionals="0" methods="15" coveredmethods="0"/>
        <line num="6" count="1" type="stmt"/>
        <line num="8" count="0" type="stmt"/>
        <line num="23" count="1" type="stmt"/>
        <line num="25" count="0" type="stmt"/>
        <line num="35" count="0" type="stmt"/>
        <line num="36" count="0" type="stmt"/>
        <line num="37" count="0" type="stmt"/>
        <line num="43" count="1" type="stmt"/>
        <line num="45" count="0" type="stmt"/>
        <line num="56" count="1" type="stmt"/>
        <line num="58" count="0" type="stmt"/>
        <line num="61" count="0" type="stmt"/>
        <line num="72" count="1" type="stmt"/>
        <line num="74" count="0" type="stmt"/>
        <line num="79" count="0" type="stmt"/>
        <line num="89" count="1" type="stmt"/>
        <line num="91" count="0" type="stmt"/>
        <line num="103" count="1" type="stmt"/>
        <line num="105" count="0" type="stmt"/>
        <line num="115" count="0" type="stmt"/>
        <line num="121" count="1" type="stmt"/>
        <line num="123" count="0" type="stmt"/>
        <line num="125" count="0" type="stmt"/>
      </file>
      <file name="vouchers.ts" path="E:\MaghzAccountApp\MaghzAccountFlash35\src\core\database\schema\vouchers.ts">
        <metrics statements="4" coveredstatements="2" conditionals="0" coveredconditionals="0" methods="2" coveredmethods="0"/>
        <line num="5" count="1" type="stmt"/>
        <line num="7" count="0" type="stmt"/>
        <line num="29" count="1" type="stmt"/>
        <line num="31" count="0" type="stmt"/>
      </file>
    </package>
    <package name="src.core.hooks">
      <metrics statements="58" coveredstatements="56" conditionals="27" coveredconditionals="23" methods="15" coveredmethods="14"/>
      <file name="useAsyncData.ts" path="E:\MaghzAccountApp\MaghzAccountFlash35\src\core\hooks\useAsyncData.ts">
        <metrics statements="22" coveredstatements="22" conditionals="11" coveredconditionals="10" methods="8" coveredmethods="8"/>
        <line num="15" count="33" type="stmt"/>
        <line num="16" count="33" type="stmt"/>
        <line num="17" count="33" type="stmt"/>
        <line num="18" count="33" type="stmt"/>
        <line num="20" count="33" type="stmt"/>
        <line num="21" count="13" type="cond" truecount="2" falsecount="0"/>
        <line num="22" count="3" type="stmt"/>
        <line num="23" count="3" type="stmt"/>
        <line num="24" count="3" type="stmt"/>
        <line num="25" count="3" type="stmt"/>
        <line num="27" count="10" type="stmt"/>
        <line num="28" count="10" type="stmt"/>
        <line num="29" count="10" type="stmt"/>
        <line num="30" count="10" type="stmt"/>
        <line num="32" count="8" type="cond" truecount="2" falsecount="0"/>
        <line num="35" count="2" type="cond" truecount="3" falsecount="1"/>
        <line num="38" count="10" type="cond" truecount="2" falsecount="0"/>
        <line num="40" count="10" type="stmt"/>
        <line num="41" count="10" type="stmt"/>
        <line num="46" count="33" type="stmt"/>
        <line num="47" count="1" type="stmt"/>
        <line num="50" count="33" type="stmt"/>
      </file>
      <file name="usePaginatedList.ts" path="E:\MaghzAccountApp\MaghzAccountFlash35\src\core\hooks\usePaginatedList.ts">
        <metrics statements="36" coveredstatements="34" conditionals="16" coveredconditionals="13" methods="7" coveredmethods="6"/>
        <line num="17" count="34" type="cond" truecount="3" falsecount="0"/>
        <line num="18" count="34" type="stmt"/>
        <line num="19" count="34" type="stmt"/>
        <line num="20" count="34" type="stmt"/>
        <line num="21" count="34" type="stmt"/>
        <line num="22" count="34" type="stmt"/>
        <line num="23" count="34" type="stmt"/>
        <line num="25" count="34" type="stmt"/>
        <line num="26" count="34" type="stmt"/>
        <line num="28" count="34" type="stmt"/>
        <line num="30" count="34" type="stmt"/>
        <line num="31" count="11" type="stmt"/>
        <line num="32" count="11" type="stmt"/>
        <line num="33" count="11" type="stmt"/>
        <line num="34" count="11" type="stmt"/>
        <line num="35" count="9" type="cond" truecount="4" falsecount="0"/>
        <line num="36" count="8" type="stmt"/>
        <line num="37" count="8" type="stmt"/>
        <line num="39" count="1" type="stmt"/>
        <line num="40" count="1" type="stmt"/>
        <line num="41" count="1" type="cond" truecount="1" falsecount="1"/>
        <line num="44" count="2" type="cond" truecount="2" falsecount="0"/>
        <line num="45" count="2" type="stmt"/>
        <line num="46" count="2" type="stmt"/>
        <line num="48" count="11" type="stmt"/>
        <line num="52" count="34" type="stmt"/>
        <line num="53" count="11" type="cond" truecount="1" falsecount="1"/>
        <line num="57" count="34" type="stmt"/>
        <line num="58" count="4" type="cond" truecount="1" falsecount="1"/>
        <line num="61" count="34" type="stmt"/>
        <line num="62" count="1" type="stmt"/>
        <line num="63" count="1" type="stmt"/>
        <line num="66" count="34" type="stmt"/>
        <line num="67" count="0" type="stmt"/>
        <line num="68" count="0" type="stmt"/>
        <line num="71" count="34" type="stmt"/>
      </file>
    </package>
    <package name="src.core.i18n">
      <metrics statements="99" coveredstatements="98" conditionals="11" coveredconditionals="8" methods="4" coveredmethods="4"/>
      <file name="ar.json" path="E:\MaghzAccountApp\MaghzAccountFlash35\src\core\i18n\ar.json">
        <metrics statements="42" coveredstatements="42" conditionals="0" coveredconditionals="0" methods="0" coveredmethods="0"/>
        <line num="1" count="4" type="stmt"/>
        <line num="2" count="4" type="stmt"/>
        <line num="3" count="4" type="stmt"/>
        <line num="4" count="4" type="stmt"/>
        <line num="5" count="4" type="stmt"/>
        <line num="6" count="4" type="stmt"/>
        <line num="7" count="4" type="stmt"/>
        <line num="8" count="4" type="stmt"/>
        <line num="9" count="4" type="stmt"/>
        <line num="10" count="4" type="stmt"/>
        <line num="11" count="4" type="stmt"/>
        <line num="12" count="4" type="stmt"/>
        <line num="13" count="4" type="stmt"/>
        <line num="14" count="4" type="stmt"/>
        <line num="15" count="4" type="stmt"/>
        <line num="16" count="4" type="stmt"/>
        <line num="17" count="4" type="stmt"/>
        <line num="18" count="4" type="stmt"/>
        <line num="19" count="4" type="stmt"/>
        <line num="20" count="4" type="stmt"/>
        <line num="21" count="4" type="stmt"/>
        <line num="22" count="4" type="stmt"/>
        <line num="23" count="4" type="stmt"/>
        <line num="24" count="4" type="stmt"/>
        <line num="25" count="4" type="stmt"/>
        <line num="26" count="4" type="stmt"/>
        <line num="27" count="4" type="stmt"/>
        <line num="28" count="4" type="stmt"/>
        <line num="29" count="4" type="stmt"/>
        <line num="30" count="4" type="stmt"/>
        <line num="31" count="4" type="stmt"/>
        <line num="32" count="4" type="stmt"/>
        <line num="33" count="4" type="stmt"/>
        <line num="34" count="4" type="stmt"/>
        <line num="35" count="4" type="stmt"/>
        <line num="36" count="4" type="stmt"/>
        <line num="37" count="4" type="stmt"/>
        <line num="38" count="4" type="stmt"/>
        <line num="39" count="4" type="stmt"/>
        <line num="40" count="4" type="stmt"/>
        <line num="41" count="4" type="stmt"/>
        <line num="42" count="4" type="stmt"/>
      </file>
      <file name="en.json" path="E:\MaghzAccountApp\MaghzAccountFlash35\src\core\i18n\en.json">
        <metrics statements="42" coveredstatements="42" conditionals="0" coveredconditionals="0" methods="0" coveredmethods="0"/>
        <line num="1" count="4" type="stmt"/>
        <line num="2" count="4" type="stmt"/>
        <line num="3" count="4" type="stmt"/>
        <line num="4" count="4" type="stmt"/>
        <line num="5" count="4" type="stmt"/>
        <line num="6" count="4" type="stmt"/>
        <line num="7" count="4" type="stmt"/>
        <line num="8" count="4" type="stmt"/>
        <line num="9" count="4" type="stmt"/>
        <line num="10" count="4" type="stmt"/>
        <line num="11" count="4" type="stmt"/>
        <line num="12" count="4" type="stmt"/>
        <line num="13" count="4" type="stmt"/>
        <line num="14" count="4" type="stmt"/>
        <line num="15" count="4" type="stmt"/>
        <line num="16" count="4" type="stmt"/>
        <line num="17" count="4" type="stmt"/>
        <line num="18" count="4" type="stmt"/>
        <line num="19" count="4" type="stmt"/>
        <line num="20" count="4" type="stmt"/>
        <line num="21" count="4" type="stmt"/>
        <line num="22" count="4" type="stmt"/>
        <line num="23" count="4" type="stmt"/>
        <line num="24" count="4" type="stmt"/>
        <line num="25" count="4" type="stmt"/>
        <line num="26" count="4" type="stmt"/>
        <line num="27" count="4" type="stmt"/>
        <line num="28" count="4" type="stmt"/>
        <line num="29" count="4" type="stmt"/>
        <line num="30" count="4" type="stmt"/>
        <line num="31" count="4" type="stmt"/>
        <line num="32" count="4" type="stmt"/>
        <line num="33" count="4" type="stmt"/>
        <line num="34" count="4" type="stmt"/>
        <line num="35" count="4" type="stmt"/>
        <line num="36" count="4" type="stmt"/>
        <line num="37" count="4" type="stmt"/>
        <line num="38" count="4" type="stmt"/>
        <line num="39" count="4" type="stmt"/>
        <line num="40" count="4" type="stmt"/>
        <line num="41" count="4" type="stmt"/>
        <line num="42" count="4" type="stmt"/>
      </file>
      <file name="useTranslation.ts" path="E:\MaghzAccountApp\MaghzAccountFlash35\src\core\i18n\useTranslation.ts">
        <metrics statements="15" coveredstatements="14" conditionals="11" coveredconditionals="8" methods="4" coveredmethods="4"/>
        <line num="5" count="3" type="stmt"/>
        <line num="8" count="114" type="stmt"/>
        <line num="9" count="38" type="stmt"/>
        <line num="11" count="38" type="stmt"/>
        <line num="12" count="286" type="stmt"/>
        <line num="13" count="286" type="stmt"/>
        <line num="14" count="286" type="stmt"/>
        <line num="15" count="712" type="cond" truecount="4" falsecount="1"/>
        <line num="16" count="712" type="stmt"/>
        <line num="18" count="0" type="stmt"/>
        <line num="21" count="286" type="cond" truecount="1" falsecount="1"/>
        <line num="22" count="286" type="cond" truecount="2" falsecount="0"/>
        <line num="23" count="40" type="stmt"/>
        <line num="24" count="83" type="cond" truecount="1" falsecount="1"/>
        <line num="28" count="38" type="stmt"/>
      </file>
    </package>
    <package name="src.core.store">
      <metrics statements="39" coveredstatements="37" conditionals="17" coveredconditionals="11" methods="24" coveredmethods="24"/>
      <file name="index.ts" path="E:\MaghzAccountApp\MaghzAccountFlash35\src\core\store\index.ts">
        <metrics statements="28" coveredstatements="26" conditionals="14" coveredconditionals="8" methods="14" coveredmethods="14"/>
        <line num="46" count="9" type="stmt"/>
        <line num="47" count="9" type="stmt"/>
        <line num="51" count="3" type="cond" truecount="2" falsecount="0"/>
        <line num="52" count="3" type="cond" truecount="2" falsecount="0"/>
        <line num="56" count="5" type="stmt"/>
        <line num="57" count="5" type="stmt"/>
        <line num="58" count="5" type="stmt"/>
        <line num="59" count="5" type="cond" truecount="1" falsecount="1"/>
        <line num="61" count="5" type="stmt"/>
        <line num="63" count="5" type="cond" truecount="1" falsecount="1"/>
        <line num="64" count="0" type="cond" truecount="0" falsecount="2"/>
        <line num="65" count="0" type="cond" truecount="0" falsecount="2"/>
        <line num="67" count="5" type="stmt"/>
        <line num="70" count="5" type="stmt"/>
        <line num="72" count="5" type="stmt"/>
        <line num="81" count="3" type="stmt"/>
        <line num="84" count="1" type="stmt"/>
        <line num="85" count="1" type="stmt"/>
        <line num="88" count="3" type="stmt"/>
        <line num="89" count="3" type="cond" truecount="2" falsecount="0"/>
        <line num="90" count="3" type="stmt"/>
        <line num="91" count="3" type="stmt"/>
        <line num="95" count="3" type="stmt"/>
        <line num="96" count="3" type="stmt"/>
        <line num="99" count="2" type="stmt"/>
        <line num="103" count="3" type="stmt"/>
        <line num="105" count="2" type="stmt"/>
        <line num="109" count="54" type="stmt"/>
      </file>
      <file name="toastStore.ts" path="E:\MaghzAccountApp\MaghzAccountFlash35\src\core\store\toastStore.ts">
        <metrics statements="11" coveredstatements="11" conditionals="3" coveredconditionals="3" methods="10" coveredmethods="10"/>
        <line num="19" count="4" type="stmt"/>
        <line num="21" count="4" type="stmt"/>
        <line num="24" count="30" type="stmt"/>
        <line num="25" count="30" type="stmt"/>
        <line num="26" count="30" type="stmt"/>
        <line num="27" count="30" type="cond" truecount="2" falsecount="0"/>
        <line num="28" count="19" type="stmt"/>
        <line num="29" count="2" type="stmt"/>
        <line num="32" count="30" type="stmt"/>
        <line num="34" count="4" type="stmt"/>
        <line num="35" count="2" type="stmt"/>
      </file>
    </package>
    <package name="src.core.ui.components">
      <metrics statements="160" coveredstatements="151" conditionals="226" coveredconditionals="191" methods="72" coveredmethods="64"/>
      <file name="ActionButtons.tsx" path="E:\MaghzAccountApp\MaghzAccountFlash35\src\core\ui\components\ActionButtons.tsx">
        <metrics statements="3" coveredstatements="3" conditionals="24" coveredconditionals="23" methods="1" coveredmethods="1"/>
        <line num="22" count="2" type="stmt"/>
        <line num="37" count="12" type="cond" truecount="1" falsecount="1"/>
        <line num="39" count="12" type="stmt"/>
      </file>
      <file name="Badge.tsx" path="E:\MaghzAccountApp\MaghzAccountFlash35\src\core\ui\components\Badge.tsx">
        <metrics statements="2" coveredstatements="2" conditionals="0" coveredconditionals="0" methods="1" coveredmethods="1"/>
        <line num="9" count="1" type="stmt"/>
        <line num="10" count="4" type="stmt"/>
      </file>
      <file name="Button.tsx" path="E:\MaghzAccountApp\MaghzAccountFlash35\src\core\ui\components\Button.tsx">
        <metrics statements="5" coveredstatements="5" conditionals="10" coveredconditionals="9" methods="1" coveredmethods="1"/>
        <line num="12" count="5" type="stmt"/>
        <line num="14" count="217" type="stmt"/>
        <line num="22" count="217" type="stmt"/>
        <line num="28" count="217" type="stmt"/>
        <line num="56" count="5" type="stmt"/>
      </file>
      <file name="Card.tsx" path="E:\MaghzAccountApp\MaghzAccountFlash35\src\core\ui\components\Card.tsx">
        <metrics statements="7" coveredstatements="7" conditionals="6" coveredconditionals="6" methods="3" coveredmethods="3"/>
        <line num="10" count="2" type="stmt"/>
        <line num="12" count="20" type="stmt"/>
        <line num="37" count="2" type="stmt"/>
        <line num="39" count="2" type="stmt"/>
        <line num="40" count="3" type="stmt"/>
        <line num="45" count="2" type="stmt"/>
        <line num="46" count="3" type="stmt"/>
      </file>
      <file name="ConfirmDialog.tsx" path="E:\MaghzAccountApp\MaghzAccountFlash35\src\core\ui\components\ConfirmDialog.tsx">
        <metrics statements="5" coveredstatements="5" conditionals="9" coveredconditionals="6" methods="2" coveredmethods="2"/>
        <line num="18" count="1" type="stmt"/>
        <line num="29" count="11" type="stmt"/>
        <line num="35" count="11" type="cond" truecount="1" falsecount="3"/>
        <line num="37" count="11" type="stmt"/>
        <line num="71" count="22" type="stmt"/>
      </file>
      <file name="DataTablePro.tsx" path="E:\MaghzAccountApp\MaghzAccountFlash35\src\core\ui\components\DataTablePro.tsx">
        <metrics statements="23" coveredstatements="19" conditionals="29" coveredconditionals="25" methods="14" coveredmethods="10"/>
        <line num="63" count="18" type="stmt"/>
        <line num="64" count="18" type="stmt"/>
        <line num="65" count="18" type="stmt"/>
        <line num="66" count="18" type="stmt"/>
        <line num="68" count="18" type="stmt"/>
        <line num="80" count="39" type="stmt"/>
        <line num="83" count="18" type="cond" truecount="2" falsecount="0"/>
        <line num="84" count="1" type="stmt"/>
        <line num="95" count="17" type="cond" truecount="2" falsecount="0"/>
        <line num="96" count="2" type="stmt"/>
        <line num="103" count="15" type="stmt"/>
        <line num="116" count="1" type="stmt"/>
        <line num="148" count="15" type="stmt"/>
        <line num="150" count="30" type="stmt"/>
        <line num="177" count="41" type="stmt"/>
        <line num="179" count="1" type="stmt"/>
        <line num="186" count="82" type="stmt"/>
        <line num="202" count="1" type="stmt"/>
        <line num="206" count="59" type="stmt"/>
        <line num="216" count="0" type="stmt"/>
        <line num="224" count="0" type="stmt"/>
        <line num="237" count="0" type="stmt"/>
        <line num="245" count="0" type="stmt"/>
      </file>
      <file name="EmptyState.tsx" path="E:\MaghzAccountApp\MaghzAccountFlash35\src\core\ui\components\EmptyState.tsx">
        <metrics statements="4" coveredstatements="4" conditionals="5" coveredconditionals="5" methods="1" coveredmethods="1"/>
        <line num="13" count="1" type="stmt"/>
        <line num="20" count="1" type="stmt"/>
        <line num="26" count="1" type="stmt"/>
        <line num="28" count="1" type="stmt"/>
      </file>
      <file name="ErrorBoundary.tsx" path="E:\MaghzAccountApp\MaghzAccountFlash35\src\core\ui\components\ErrorBoundary.tsx">
        <metrics statements="17" coveredstatements="13" conditionals="8" coveredconditionals="7" methods="7" coveredmethods="5"/>
        <line num="18" count="8" type="stmt"/>
        <line num="19" count="8" type="stmt"/>
        <line num="23" count="6" type="stmt"/>
        <line num="27" count="3" type="stmt"/>
        <line num="28" count="3" type="cond" truecount="1" falsecount="1"/>
        <line num="29" count="3" type="stmt"/>
        <line num="33" count="1" type="stmt"/>
        <line num="34" count="1" type="stmt"/>
        <line num="37" count="0" type="stmt"/>
        <line num="38" count="0" type="stmt"/>
        <line num="41" count="0" type="stmt"/>
        <line num="42" count="0" type="stmt"/>
        <line num="46" count="17" type="cond" truecount="4" falsecount="0"/>
        <line num="47" count="9" type="cond" truecount="2" falsecount="0"/>
        <line num="48" count="3" type="stmt"/>
        <line num="50" count="6" type="stmt"/>
        <line num="86" count="8" type="stmt"/>
      </file>
      <file name="Input.tsx" path="E:\MaghzAccountApp\MaghzAccountFlash35\src\core\ui\components\Input.tsx">
        <metrics statements="3" coveredstatements="3" conditionals="40" coveredconditionals="20" methods="1" coveredmethods="1"/>
        <line num="13" count="1" type="stmt"/>
        <line num="15" count="4" type="stmt"/>
        <line num="63" count="1" type="stmt"/>
      </file>
      <file name="Modal.tsx" path="E:\MaghzAccountApp\MaghzAccountFlash35\src\core\ui\components\Modal.tsx">
        <metrics statements="16" coveredstatements="15" conditionals="18" coveredconditionals="14" methods="6" coveredmethods="5"/>
        <line num="17" count="1" type="stmt"/>
        <line num="27" count="22" type="stmt"/>
        <line num="28" count="20" type="cond" truecount="2" falsecount="0"/>
        <line num="29" count="2" type="stmt"/>
        <line num="31" count="18" type="stmt"/>
        <line num="33" count="20" type="stmt"/>
        <line num="34" count="20" type="stmt"/>
        <line num="38" count="22" type="stmt"/>
        <line num="39" count="22" type="stmt"/>
        <line num="40" count="0" type="cond" truecount="0" falsecount="2"/>
        <line num="42" count="22" type="cond" truecount="2" falsecount="0"/>
        <line num="43" count="2" type="stmt"/>
        <line num="45" count="22" type="stmt"/>
        <line num="48" count="22" type="cond" truecount="2" falsecount="0"/>
        <line num="50" count="2" type="stmt"/>
        <line num="57" count="2" type="stmt"/>
      </file>
      <file name="PageLoader.tsx" path="E:\MaghzAccountApp\MaghzAccountFlash35\src\core\ui\components\PageLoader.tsx">
        <metrics statements="3" coveredstatements="3" conditionals="5" coveredconditionals="5" methods="1" coveredmethods="1"/>
        <line num="8" count="2" type="cond" truecount="1" falsecount="0"/>
        <line num="9" count="5" type="cond" truecount="2" falsecount="0"/>
        <line num="13" count="5" type="stmt"/>
      </file>
      <file name="Pagination.tsx" path="E:\MaghzAccountApp\MaghzAccountFlash35\src\core\ui\components\Pagination.tsx">
        <metrics statements="13" coveredstatements="13" conditionals="10" coveredconditionals="10" methods="7" coveredmethods="7"/>
        <line num="26" count="15" type="stmt"/>
        <line num="27" count="15" type="stmt"/>
        <line num="28" count="15" type="cond" truecount="2" falsecount="0"/>
        <line num="29" count="15" type="stmt"/>
        <line num="30" count="15" type="stmt"/>
        <line num="31" count="15" type="stmt"/>
        <line num="33" count="15" type="stmt"/>
        <line num="42" count="1" type="stmt"/>
        <line num="52" count="1" type="stmt"/>
        <line num="65" count="1" type="stmt"/>
        <line num="75" count="1" type="stmt"/>
        <line num="88" count="1" type="stmt"/>
        <line num="93" count="8" type="stmt"/>
      </file>
      <file name="PermissionGate.tsx" path="E:\MaghzAccountApp\MaghzAccountFlash35\src\core\ui\components\PermissionGate.tsx">
        <metrics statements="19" coveredstatements="19" conditionals="30" coveredconditionals="29" methods="9" coveredmethods="9"/>
        <line num="13" count="3" type="cond" truecount="3" falsecount="1"/>
        <line num="14" count="3" type="cond" truecount="2" falsecount="0"/>
        <line num="15" count="4" type="stmt"/>
        <line num="16" count="1" type="stmt"/>
        <line num="24" count="43" type="stmt"/>
        <line num="38" count="2" type="stmt"/>
        <line num="48" count="157" type="stmt"/>
        <line num="49" count="157" type="stmt"/>
        <line num="50" count="157" type="stmt"/>
        <line num="52" count="52" type="cond" truecount="2" falsecount="0"/>
        <line num="54" count="51" type="cond" truecount="2" falsecount="0"/>
        <line num="55" count="2" type="cond" truecount="2" falsecount="0"/>
        <line num="56" count="2" type="cond" truecount="2" falsecount="0"/>
        <line num="59" count="50" type="cond" truecount="4" falsecount="0"/>
        <line num="61" count="48" type="cond" truecount="4" falsecount="0"/>
        <line num="63" count="47" type="cond" truecount="5" falsecount="0"/>
        <line num="65" count="42" type="stmt"/>
        <line num="75" count="2" type="cond" truecount="1" falsecount="0"/>
        <line num="76" count="43" type="stmt"/>
      </file>
      <file name="StatusBadge.tsx" path="E:\MaghzAccountApp\MaghzAccountFlash35\src\core\ui\components\StatusBadge.tsx">
        <metrics statements="5" coveredstatements="5" conditionals="7" coveredconditionals="7" methods="1" coveredmethods="1"/>
        <line num="11" count="2" type="stmt"/>
        <line num="42" count="2" type="stmt"/>
        <line num="47" count="25" type="stmt"/>
        <line num="48" count="25" type="stmt"/>
        <line num="50" count="25" type="stmt"/>
      </file>
      <file name="Table.tsx" path="E:\MaghzAccountApp\MaghzAccountFlash35\src\core\ui\components\Table.tsx">
        <metrics statements="15" coveredstatements="15" conditionals="19" coveredconditionals="19" methods="6" coveredmethods="6"/>
        <line num="29" count="13" type="cond" truecount="2" falsecount="0"/>
        <line num="30" count="1" type="stmt"/>
        <line num="37" count="12" type="cond" truecount="2" falsecount="0"/>
        <line num="38" count="2" type="stmt"/>
        <line num="45" count="10" type="stmt"/>
        <line num="51" count="10" type="stmt"/>
        <line num="57" count="20" type="stmt"/>
        <line num="72" count="27" type="stmt"/>
        <line num="74" count="1" type="stmt"/>
        <line num="82" count="54" type="stmt"/>
        <line num="90" count="51" type="stmt"/>
        <line num="91" count="51" type="cond" truecount="4" falsecount="0"/>
        <line num="92" count="49" type="cond" truecount="2" falsecount="0"/>
        <line num="93" count="48" type="stmt"/>
        <line num="105" count="2" type="stmt"/>
      </file>
      <file name="Toast.tsx" path="E:\MaghzAccountApp\MaghzAccountFlash35\src\core\ui\components\Toast.tsx">
        <metrics statements="20" coveredstatements="20" conditionals="6" coveredconditionals="6" methods="11" coveredmethods="10"/>
        <line num="6" count="3" type="stmt"/>
        <line num="13" count="3" type="stmt"/>
        <line num="21" count="38" type="stmt"/>
        <line num="22" count="12" type="stmt"/>
        <line num="23" count="12" type="stmt"/>
        <line num="25" count="12" type="stmt"/>
        <line num="26" count="11" type="cond" truecount="2" falsecount="0"/>
        <line num="27" count="1" type="stmt"/>
        <line num="28" count="1" type="stmt"/>
        <line num="29" count="1" type="stmt"/>
        <line num="31" count="1" type="stmt"/>
        <line num="34" count="12" type="stmt"/>
        <line num="35" count="1" type="stmt"/>
        <line num="36" count="1" type="stmt"/>
        <line num="39" count="12" type="stmt"/>
        <line num="60" count="3" type="stmt"/>
        <line num="61" count="50" type="stmt"/>
        <line num="63" count="16" type="cond" truecount="2" falsecount="0"/>
        <line num="65" count="9" type="stmt"/>
        <line num="68" count="11" type="stmt"/>
      </file>
      <file name="index.ts" path="E:\MaghzAccountApp\MaghzAccountFlash35\src\core\ui\components\index.ts">
        <metrics statements="0" coveredstatements="0" conditionals="0" coveredconditionals="0" methods="0" coveredmethods="0"/>
      </file>
    </package>
    <package name="src.core.utils">
      <metrics statements="430" coveredstatements="402" conditionals="374" coveredconditionals="283" methods="82" coveredmethods="78"/>
      <file name="aging.ts" path="E:\MaghzAccountApp\MaghzAccountFlash35\src\core\utils\aging.ts">
        <metrics statements="69" coveredstatements="61" conditionals="60" coveredconditionals="41" methods="9" coveredmethods="7"/>
        <line num="9" count="1" type="stmt"/>
        <line num="52" count="12" type="stmt"/>
        <line num="53" count="12" type="stmt"/>
        <line num="57" count="12" type="cond" truecount="2" falsecount="0"/>
        <line num="58" count="5" type="cond" truecount="2" falsecount="0"/>
        <line num="59" count="3" type="cond" truecount="2" falsecount="0"/>
        <line num="60" count="2" type="stmt"/>
        <line num="76" count="2" type="stmt"/>
        <line num="87" count="2" type="stmt"/>
        <line num="88" count="3" type="stmt"/>
        <line num="89" count="3" type="stmt"/>
        <line num="90" count="3" type="stmt"/>
        <line num="91" count="3" type="stmt"/>
        <line num="92" count="3" type="stmt"/>
        <line num="93" count="3" type="cond" truecount="2" falsecount="0"/>
        <line num="94" count="3" type="cond" truecount="2" falsecount="0"/>
        <line num="95" count="3" type="cond" truecount="2" falsecount="0"/>
        <line num="96" count="3" type="cond" truecount="2" falsecount="0"/>
        <line num="98" count="2" type="stmt"/>
        <line num="106" count="9" type="stmt"/>
        <line num="107" count="9" type="stmt"/>
        <line num="108" count="18" type="stmt"/>
        <line num="121" count="9" type="stmt"/>
        <line num="122" count="13" type="cond" truecount="1" falsecount="1"/>
        <line num="123" count="13" type="cond" truecount="1" falsecount="1"/>
        <line num="124" count="13" type="stmt"/>
        <line num="125" count="13" type="cond" truecount="1" falsecount="1"/>
        <line num="126" count="0" type="stmt"/>
        <line num="138" count="0" type="stmt"/>
        <line num="140" count="13" type="stmt"/>
        <line num="141" count="13" type="cond" truecount="2" falsecount="0"/>
        <line num="142" count="11" type="stmt"/>
        <line num="143" count="11" type="stmt"/>
        <line num="144" count="11" type="cond" truecount="2" falsecount="0"/>
        <line num="145" count="13" type="stmt"/>
        <line num="146" count="13" type="stmt"/>
        <line num="147" count="13" type="cond" truecount="2" falsecount="0"/>
        <line num="148" count="5" type="cond" truecount="2" falsecount="0"/>
        <line num="149" count="3" type="cond" truecount="2" falsecount="0"/>
        <line num="150" count="2" type="stmt"/>
        <line num="151" count="11" type="cond" truecount="4" falsecount="0"/>
        <line num="152" count="9" type="stmt"/>
        <line num="155" count="9" type="stmt"/>
        <line num="163" count="1" type="stmt"/>
        <line num="164" count="1" type="stmt"/>
        <line num="165" count="1" type="stmt"/>
        <line num="178" count="1" type="stmt"/>
        <line num="179" count="1" type="cond" truecount="1" falsecount="1"/>
        <line num="180" count="1" type="cond" truecount="1" falsecount="1"/>
        <line num="181" count="1" type="stmt"/>
        <line num="182" count="1" type="cond" truecount="1" falsecount="1"/>
        <line num="183" count="0" type="stmt"/>
        <line num="195" count="0" type="stmt"/>
        <line num="197" count="1" type="stmt"/>
        <line num="198" count="1" type="cond" truecount="1" falsecount="1"/>
        <line num="199" count="1" type="stmt"/>
        <line num="200" count="1" type="stmt"/>
        <line num="201" count="1" type="cond" truecount="1" falsecount="1"/>
        <line num="202" count="1" type="stmt"/>
        <line num="203" count="1" type="stmt"/>
        <line num="204" count="1" type="cond" truecount="1" falsecount="1"/>
        <line num="205" count="0" type="cond" truecount="0" falsecount="2"/>
        <line num="206" count="0" type="cond" truecount="0" falsecount="2"/>
        <line num="207" count="0" type="stmt"/>
        <line num="208" count="1" type="cond" truecount="2" falsecount="2"/>
        <line num="209" count="1" type="stmt"/>
        <line num="212" count="1" type="stmt"/>
        <line num="216" count="1" type="stmt"/>
        <line num="220" count="0" type="cond" truecount="0" falsecount="2"/>
      </file>
      <file name="currencyBreakdown.ts" path="E:\MaghzAccountApp\MaghzAccountFlash35\src\core\utils\currencyBreakdown.ts">
        <metrics statements="22" coveredstatements="22" conditionals="20" coveredconditionals="19" methods="3" coveredmethods="3"/>
        <line num="27" count="12" type="cond" truecount="2" falsecount="0"/>
        <line num="28" count="1" type="stmt"/>
        <line num="36" count="11" type="stmt"/>
        <line num="37" count="11" type="cond" truecount="2" falsecount="0"/>
        <line num="38" count="12" type="cond" truecount="2" falsecount="0"/>
        <line num="40" count="12" type="stmt"/>
        <line num="41" count="12" type="stmt"/>
        <line num="42" count="23" type="cond" truecount="2" falsecount="0"/>
        <line num="43" count="22" type="cond" truecount="2" falsecount="0"/>
        <line num="44" count="23" type="cond" truecount="2" falsecount="0"/>
        <line num="47" count="11" type="stmt"/>
        <line num="48" count="11" type="stmt"/>
        <line num="49" count="11" type="stmt"/>
        <line num="50" count="32" type="stmt"/>
        <line num="51" count="20" type="cond" truecount="4" falsecount="0"/>
        <line num="52" count="20" type="cond" truecount="2" falsecount="0"/>
        <line num="53" count="20" type="stmt"/>
        <line num="54" count="20" type="stmt"/>
        <line num="57" count="11" type="stmt"/>
        <line num="58" count="11" type="stmt"/>
        <line num="59" count="20" type="cond" truecount="1" falsecount="1"/>
        <line num="62" count="11" type="stmt"/>
      </file>
      <file name="currencyConverter.ts" path="E:\MaghzAccountApp\MaghzAccountFlash35\src\core\utils\currencyConverter.ts">
        <metrics statements="43" coveredstatements="42" conditionals="49" coveredconditionals="42" methods="13" coveredmethods="13"/>
        <line num="3" count="2" type="stmt"/>
        <line num="6" count="12" type="cond" truecount="2" falsecount="0"/>
        <line num="7" count="16" type="cond" truecount="2" falsecount="0"/>
        <line num="11" count="21" type="cond" truecount="2" falsecount="0"/>
        <line num="12" count="21" type="stmt"/>
        <line num="13" count="19" type="cond" truecount="2" falsecount="1"/>
        <line num="17" count="2" type="stmt"/>
        <line num="25" count="12" type="cond" truecount="2" falsecount="0"/>
        <line num="26" count="10" type="cond" truecount="4" falsecount="0"/>
        <line num="27" count="8" type="stmt"/>
        <line num="35" count="19" type="cond" truecount="1" falsecount="1"/>
        <line num="36" count="19" type="cond" truecount="3" falsecount="1"/>
        <line num="37" count="19" type="stmt"/>
        <line num="45" count="1" type="cond" truecount="1" falsecount="1"/>
        <line num="46" count="1" type="cond" truecount="3" falsecount="1"/>
        <line num="47" count="1" type="stmt"/>
        <line num="55" count="7" type="cond" truecount="1" falsecount="1"/>
        <line num="56" count="7" type="cond" truecount="2" falsecount="0"/>
        <line num="57" count="6" type="stmt"/>
        <line num="61" count="6" type="cond" truecount="2" falsecount="0"/>
        <line num="62" count="5" type="cond" truecount="2" falsecount="0"/>
        <line num="63" count="4" type="stmt"/>
        <line num="65" count="1" type="stmt"/>
        <line num="69" count="3" type="stmt"/>
        <line num="77" count="4" type="stmt"/>
        <line num="78" count="4" type="stmt"/>
        <line num="79" count="4" type="stmt"/>
        <line num="80" count="4" type="cond" truecount="4" falsecount="0"/>
        <line num="81" count="2" type="stmt"/>
        <line num="83" count="2" type="cond" truecount="2" falsecount="0"/>
        <line num="84" count="1" type="stmt"/>
        <line num="86" count="1" type="stmt"/>
        <line num="87" count="1" type="stmt"/>
        <line num="94" count="3" type="stmt"/>
        <line num="95" count="3" type="stmt"/>
        <line num="96" count="3" type="stmt"/>
        <line num="97" count="3" type="stmt"/>
        <line num="98" count="4" type="stmt"/>
        <line num="99" count="4" type="stmt"/>
        <line num="100" count="4" type="cond" truecount="3" falsecount="1"/>
        <line num="101" count="4" type="stmt"/>
        <line num="103" count="0" type="stmt"/>
        <line num="106" count="3" type="stmt"/>
      </file>
      <file name="export.ts" path="E:\MaghzAccountApp\MaghzAccountFlash35\src\core\utils\export.ts">
        <metrics statements="34" coveredstatements="34" conditionals="23" coveredconditionals="23" methods="3" coveredmethods="3"/>
        <line num="4" count="4" type="cond" truecount="4" falsecount="0"/>
        <line num="5" count="2" type="stmt"/>
        <line num="6" count="2" type="stmt"/>
        <line num="9" count="2" type="stmt"/>
        <line num="10" count="2" type="stmt"/>
        <line num="11" count="2" type="stmt"/>
        <line num="12" count="2" type="stmt"/>
        <line num="13" count="2" type="stmt"/>
        <line num="17" count="4" type="stmt"/>
        <line num="18" count="4" type="cond" truecount="2" falsecount="0"/>
        <line num="19" count="1" type="stmt"/>
        <line num="20" count="1" type="stmt"/>
        <line num="23" count="3" type="stmt"/>
        <line num="24" count="3" type="cond" truecount="2" falsecount="0"/>
        <line num="25" count="1" type="stmt"/>
        <line num="26" count="1" type="stmt"/>
        <line num="29" count="2" type="stmt"/>
        <line num="83" count="4" type="stmt"/>
        <line num="84" count="4" type="stmt"/>
        <line num="88" count="9" type="cond" truecount="4" falsecount="0"/>
        <line num="90" count="7" type="stmt"/>
        <line num="91" count="7" type="stmt"/>
        <line num="92" count="7" type="stmt"/>
        <line num="93" count="10" type="stmt"/>
        <line num="95" count="7" type="stmt"/>
        <line num="97" count="7" type="stmt"/>
        <line num="98" count="8" type="stmt"/>
        <line num="99" count="8" type="stmt"/>
        <line num="100" count="12" type="stmt"/>
        <line num="101" count="12" type="cond" truecount="4" falsecount="0"/>
        <line num="104" count="12" type="stmt"/>
        <line num="106" count="8" type="stmt"/>
        <line num="109" count="7" type="stmt"/>
        <line num="110" count="7" type="stmt"/>
      </file>
      <file name="html.ts" path="E:\MaghzAccountApp\MaghzAccountFlash35\src\core\utils\html.ts">
        <metrics statements="16" coveredstatements="16" conditionals="9" coveredconditionals="9" methods="3" coveredmethods="3"/>
        <line num="1" count="3" type="stmt"/>
        <line num="4" count="49" type="stmt"/>
        <line num="13" count="10" type="stmt"/>
        <line num="15" count="10" type="stmt"/>
        <line num="16" count="24" type="cond" truecount="2" falsecount="0"/>
        <line num="17" count="5" type="stmt"/>
        <line num="18" count="5" type="stmt"/>
        <line num="21" count="19" type="stmt"/>
        <line num="22" count="5" type="stmt"/>
        <line num="23" count="5" type="stmt"/>
        <line num="24" count="5" type="cond" truecount="7" falsecount="0"/>
        <line num="25" count="2" type="stmt"/>
        <line num="29" count="19" type="stmt"/>
        <line num="30" count="14" type="stmt"/>
        <line num="34" count="10" type="stmt"/>
        <line num="35" count="10" type="stmt"/>
      </file>
      <file name="index.ts" path="E:\MaghzAccountApp\MaghzAccountFlash35\src\core\utils\index.ts">
        <metrics statements="6" coveredstatements="6" conditionals="7" coveredconditionals="7" methods="3" coveredmethods="3"/>
        <line num="5" count="670" type="stmt"/>
        <line num="9" count="5" type="cond" truecount="2" falsecount="0"/>
        <line num="10" count="5" type="cond" truecount="2" falsecount="0"/>
        <line num="12" count="3" type="stmt"/>
        <line num="21" count="2" type="cond" truecount="2" falsecount="0"/>
        <line num="22" count="2" type="stmt"/>
      </file>
      <file name="journalEntryGenerator.ts" path="E:\MaghzAccountApp\MaghzAccountFlash35\src\core\utils\journalEntryGenerator.ts">
        <metrics statements="107" coveredstatements="93" conditionals="105" coveredconditionals="62" methods="11" coveredmethods="11"/>
        <line num="24" count="1" type="stmt"/>
        <line num="48" count="54" type="stmt"/>
        <line num="49" count="54" type="stmt"/>
        <line num="53" count="54" type="cond" truecount="2" falsecount="0"/>
        <line num="55" count="3" type="stmt"/>
        <line num="68" count="3" type="stmt"/>
        <line num="69" count="3" type="cond" truecount="1" falsecount="1"/>
        <line num="70" count="3" type="stmt"/>
        <line num="74" count="3" type="cond" truecount="2" falsecount="0"/>
        <line num="76" count="0" type="stmt"/>
        <line num="80" count="42" type="stmt"/>
        <line num="81" count="42" type="stmt"/>
        <line num="85" count="42" type="cond" truecount="1" falsecount="1"/>
        <line num="87" count="42" type="stmt"/>
        <line num="103" count="42" type="stmt"/>
        <line num="104" count="42" type="cond" truecount="1" falsecount="1"/>
        <line num="105" count="0" type="stmt"/>
        <line num="109" count="12" type="stmt"/>
        <line num="110" count="12" type="stmt"/>
        <line num="131" count="2" type="stmt"/>
        <line num="132" count="2" type="stmt"/>
        <line num="133" count="2" type="stmt"/>
        <line num="135" count="2" type="cond" truecount="5" falsecount="0"/>
        <line num="136" count="1" type="stmt"/>
        <line num="139" count="1" type="stmt"/>
        <line num="145" count="1" type="stmt"/>
        <line num="164" count="1" type="stmt"/>
        <line num="165" count="1" type="stmt"/>
        <line num="166" count="1" type="stmt"/>
        <line num="168" count="1" type="cond" truecount="4" falsecount="1"/>
        <line num="169" count="0" type="stmt"/>
        <line num="172" count="1" type="stmt"/>
        <line num="178" count="1" type="stmt"/>
        <line num="196" count="2" type="stmt"/>
        <line num="197" count="2" type="stmt"/>
        <line num="198" count="2" type="stmt"/>
        <line num="200" count="2" type="cond" truecount="3" falsecount="1"/>
        <line num="201" count="0" type="stmt"/>
        <line num="204" count="2" type="cond" truecount="4" falsecount="0"/>
        <line num="206" count="2" type="stmt"/>
        <line num="211" count="2" type="stmt"/>
        <line num="229" count="2" type="stmt"/>
        <line num="230" count="2" type="stmt"/>
        <line num="231" count="2" type="stmt"/>
        <line num="232" count="2" type="stmt"/>
        <line num="233" count="2" type="stmt"/>
        <line num="234" count="2" type="stmt"/>
        <line num="235" count="2" type="stmt"/>
        <line num="236" count="2" type="stmt"/>
        <line num="237" count="2" type="stmt"/>
        <line num="239" count="2" type="cond" truecount="3" falsecount="1"/>
        <line num="240" count="0" type="stmt"/>
        <line num="243" count="2" type="cond" truecount="4" falsecount="0"/>
        <line num="246" count="2" type="stmt"/>
        <line num="247" count="2" type="cond" truecount="2" falsecount="0"/>
        <line num="248" count="1" type="stmt"/>
        <line num="249" count="1" type="cond" truecount="4" falsecount="2"/>
        <line num="250" count="0" type="cond" truecount="0" falsecount="4"/>
        <line num="251" count="0" type="cond" truecount="0" falsecount="4"/>
        <line num="252" count="0" type="cond" truecount="0" falsecount="6"/>
        <line num="253" count="0" type="cond" truecount="0" falsecount="4"/>
        <line num="254" count="0" type="cond" truecount="0" falsecount="6"/>
        <line num="257" count="2" type="stmt"/>
        <line num="262" count="2" type="stmt"/>
        <line num="280" count="1" type="stmt"/>
        <line num="281" count="1" type="stmt"/>
        <line num="282" count="1" type="stmt"/>
        <line num="283" count="1" type="stmt"/>
        <line num="285" count="1" type="cond" truecount="4" falsecount="1"/>
        <line num="286" count="0" type="stmt"/>
        <line num="289" count="1" type="stmt"/>
        <line num="297" count="1" type="stmt"/>
        <line num="315" count="1" type="stmt"/>
        <line num="316" count="1" type="stmt"/>
        <line num="318" count="1" type="cond" truecount="3" falsecount="1"/>
        <line num="319" count="0" type="stmt"/>
        <line num="322" count="1" type="stmt"/>
        <line num="327" count="1" type="stmt"/>
        <line num="345" count="3" type="stmt"/>
        <line num="346" count="3" type="stmt"/>
        <line num="347" count="3" type="stmt"/>
        <line num="349" count="3" type="cond" truecount="1" falsecount="1"/>
        <line num="350" count="0" type="stmt"/>
        <line num="353" count="3" type="stmt"/>
        <line num="354" count="3" type="stmt"/>
        <line num="356" count="3" type="cond" truecount="2" falsecount="0"/>
        <line num="357" count="1" type="stmt"/>
        <line num="361" count="1" type="stmt"/>
        <line num="362" count="2" type="cond" truecount="2" falsecount="0"/>
        <line num="363" count="1" type="stmt"/>
        <line num="367" count="1" type="stmt"/>
        <line num="368" count="1" type="cond" truecount="1" falsecount="1"/>
        <line num="370" count="1" type="stmt"/>
        <line num="373" count="2" type="cond" truecount="1" falsecount="1"/>
        <line num="375" count="2" type="stmt"/>
        <line num="393" count="3" type="stmt"/>
        <line num="394" count="3" type="stmt"/>
        <line num="396" count="3" type="cond" truecount="1" falsecount="1"/>
        <line num="397" count="0" type="stmt"/>
        <line num="400" count="3" type="stmt"/>
        <line num="401" count="3" type="cond" truecount="2" falsecount="0"/>
        <line num="402" count="1" type="stmt"/>
        <line num="406" count="2" type="cond" truecount="2" falsecount="0"/>
        <line num="407" count="1" type="stmt"/>
        <line num="408" count="1" type="stmt"/>
        <line num="414" count="3" type="cond" truecount="2" falsecount="0"/>
        <line num="416" count="2" type="stmt"/>
      </file>
      <file name="locale.ts" path="E:\MaghzAccountApp\MaghzAccountFlash35\src\core\utils\locale.ts">
        <metrics statements="11" coveredstatements="11" conditionals="17" coveredconditionals="13" methods="4" coveredmethods="4"/>
        <line num="1" count="1" type="stmt"/>
        <line num="4" count="4" type="cond" truecount="2" falsecount="0"/>
        <line num="5" count="4" type="cond" truecount="2" falsecount="0"/>
        <line num="6" count="2" type="stmt"/>
        <line num="10" count="1" type="cond" truecount="1" falsecount="1"/>
        <line num="11" count="1" type="cond" truecount="1" falsecount="1"/>
        <line num="12" count="1" type="stmt"/>
        <line num="21" count="1" type="cond" truecount="1" falsecount="1"/>
        <line num="22" count="1" type="stmt"/>
        <line num="30" count="1" type="cond" truecount="1" falsecount="1"/>
        <line num="31" count="1" type="stmt"/>
      </file>
      <file name="pagination.ts" path="E:\MaghzAccountApp\MaghzAccountFlash35\src\core\utils\pagination.ts">
        <metrics statements="8" coveredstatements="8" conditionals="5" coveredconditionals="5" methods="4" coveredmethods="4"/>
        <line num="23" count="15" type="cond" truecount="2" falsecount="0"/>
        <line num="24" count="15" type="cond" truecount="2" falsecount="0"/>
        <line num="25" count="15" type="stmt"/>
        <line num="33" count="3" type="stmt"/>
        <line num="34" count="3" type="stmt"/>
        <line num="38" count="1" type="stmt"/>
        <line num="39" count="1" type="stmt"/>
        <line num="43" count="6" type="stmt"/>
      </file>
      <file name="printDocument.ts" path="E:\MaghzAccountApp\MaghzAccountFlash35\src\core\utils\printDocument.ts">
        <metrics statements="18" coveredstatements="18" conditionals="21" coveredconditionals="16" methods="5" coveredmethods="5"/>
        <line num="26" count="1" type="stmt"/>
        <line num="33" count="1" type="stmt"/>
        <line num="41" count="4" type="cond" truecount="1" falsecount="1"/>
        <line num="45" count="2" type="stmt"/>
        <line num="49" count="2" type="stmt"/>
        <line num="50" count="2" type="stmt"/>
        <line num="51" count="2" type="stmt"/>
        <line num="53" count="2" type="stmt"/>
        <line num="65" count="2" type="cond" truecount="2" falsecount="0"/>
        <line num="89" count="2" type="stmt"/>
        <line num="285" count="2" type="stmt"/>
        <line num="286" count="2" type="stmt"/>
        <line num="287" count="2" type="cond" truecount="2" falsecount="0"/>
        <line num="288" count="1" type="stmt"/>
        <line num="289" count="1" type="stmt"/>
        <line num="291" count="1" type="stmt"/>
        <line num="292" count="1" type="stmt"/>
        <line num="293" count="1" type="stmt"/>
      </file>
      <file name="productTypeFilter.ts" path="E:\MaghzAccountApp\MaghzAccountFlash35\src\core\utils\productTypeFilter.ts">
        <metrics statements="17" coveredstatements="17" conditionals="20" coveredconditionals="16" methods="7" coveredmethods="7"/>
        <line num="6" count="1" type="stmt"/>
        <line num="18" count="10" type="cond" truecount="2" falsecount="0"/>
        <line num="19" count="9" type="cond" truecount="2" falsecount="0"/>
        <line num="20" count="8" type="stmt"/>
        <line num="21" count="8" type="stmt"/>
        <line num="29" count="3" type="cond" truecount="2" falsecount="0"/>
        <line num="30" count="2" type="stmt"/>
        <line num="31" count="1" type="stmt"/>
        <line num="32" count="2" type="cond" truecount="1" falsecount="1"/>
        <line num="33" count="2" type="stmt"/>
        <line num="38" count="4" type="cond" truecount="2" falsecount="0"/>
        <line num="39" count="2" type="stmt"/>
        <line num="43" count="2" type="cond" truecount="2" falsecount="0"/>
        <line num="44" count="1" type="stmt"/>
        <line num="48" count="2" type="cond" truecount="2" falsecount="0"/>
        <line num="49" count="1" type="stmt"/>
        <line num="51" count="1" type="stmt"/>
      </file>
      <file name="useFormatters.ts" path="E:\MaghzAccountApp\MaghzAccountFlash35\src\core\utils\useFormatters.ts">
        <metrics statements="28" coveredstatements="27" conditionals="22" coveredconditionals="16" methods="7" coveredmethods="7"/>
        <line num="5" count="13" type="stmt"/>
        <line num="6" count="13" type="cond" truecount="1" falsecount="1"/>
        <line num="7" count="13" type="cond" truecount="1" falsecount="1"/>
        <line num="8" count="13" type="cond" truecount="1" falsecount="1"/>
        <line num="10" count="13" type="stmt"/>
        <line num="11" count="5" type="cond" truecount="2" falsecount="0"/>
        <line num="12" count="5" type="cond" truecount="2" falsecount="0"/>
        <line num="13" count="3" type="stmt"/>
        <line num="20" count="13" type="stmt"/>
        <line num="21" count="3" type="stmt"/>
        <line num="26" count="3" type="stmt"/>
        <line num="27" count="15" type="cond" truecount="1" falsecount="1"/>
        <line num="28" count="3" type="cond" truecount="1" falsecount="1"/>
        <line num="29" count="9" type="cond" truecount="1" falsecount="1"/>
        <line num="30" count="3" type="stmt"/>
        <line num="33" count="13" type="stmt"/>
        <line num="34" count="7" type="cond" truecount="2" falsecount="0"/>
        <line num="35" count="7" type="cond" truecount="2" falsecount="0"/>
        <line num="36" count="6" type="stmt"/>
        <line num="37" count="6" type="cond" truecount="2" falsecount="0"/>
        <line num="38" count="3" type="stmt"/>
        <line num="39" count="3" type="stmt"/>
        <line num="44" count="3" type="stmt"/>
        <line num="45" count="3" type="stmt"/>
        <line num="46" count="3" type="stmt"/>
        <line num="47" count="3" type="stmt"/>
        <line num="52" count="0" type="stmt"/>
        <line num="56" count="13" type="stmt"/>
      </file>
      <file name="useOwnerFilter.ts" path="E:\MaghzAccountApp\MaghzAccountFlash35\src\core\utils\useOwnerFilter.ts">
        <metrics statements="19" coveredstatements="19" conditionals="14" coveredconditionals="14" methods="8" coveredmethods="8"/>
        <line num="8" count="30" type="stmt"/>
        <line num="9" count="30" type="stmt"/>
        <line num="10" count="30" type="stmt"/>
        <line num="12" count="10" type="stmt"/>
        <line num="13" count="10" type="cond" truecount="2" falsecount="0"/>
        <line num="14" count="10" type="stmt"/>
        <line num="15" count="10" type="cond" truecount="3" falsecount="0"/>
        <line num="17" count="10" type="stmt"/>
        <line num="18" count="7" type="stmt"/>
        <line num="21" count="10" type="cond" truecount="3" falsecount="0"/>
        <line num="23" count="10" type="stmt"/>
        <line num="24" count="10" type="cond" truecount="4" falsecount="0"/>
        <line num="25" count="20" type="stmt"/>
        <line num="28" count="10" type="stmt"/>
        <line num="29" count="3" type="stmt"/>
        <line num="30" count="3" type="cond" truecount="2" falsecount="0"/>
        <line num="31" count="2" type="stmt"/>
        <line num="33" count="1" type="stmt"/>
        <line num="37" count="10" type="stmt"/>
      </file>
      <file name="validation.ts" path="E:\MaghzAccountApp\MaghzAccountFlash35\src\core\utils\validation.ts">
        <metrics statements="32" coveredstatements="28" conditionals="2" coveredconditionals="0" methods="2" coveredmethods="0"/>
        <line num="3" count="2" type="stmt"/>
        <line num="4" count="2" type="stmt"/>
        <line num="5" count="2" type="stmt"/>
        <line num="7" count="2" type="stmt"/>
        <line num="12" count="2" type="stmt"/>
        <line num="14" count="2" type="stmt"/>
        <line num="16" count="2" type="stmt"/>
        <line num="18" count="2" type="stmt"/>
        <line num="20" count="2" type="stmt"/>
        <line num="22" count="2" type="stmt"/>
        <line num="25" count="0" type="stmt"/>
        <line num="26" count="0" type="cond" truecount="0" falsecount="2"/>
        <line num="27" count="0" type="stmt"/>
        <line num="28" count="0" type="stmt"/>
        <line num="31" count="2" type="stmt"/>
        <line num="36" count="2" type="stmt"/>
        <line num="49" count="2" type="stmt"/>
        <line num="64" count="2" type="stmt"/>
        <line num="82" count="2" type="stmt"/>
        <line num="101" count="2" type="stmt"/>
        <line num="114" count="2" type="stmt"/>
        <line num="144" count="2" type="stmt"/>
        <line num="162" count="2" type="stmt"/>
        <line num="182" count="2" type="stmt"/>
        <line num="194" count="2" type="stmt"/>
        <line num="224" count="2" type="stmt"/>
        <line num="243" count="2" type="stmt"/>
        <line num="264" count="2" type="stmt"/>
        <line num="286" count="2" type="stmt"/>
        <line num="303" count="2" type="stmt"/>
        <line num="317" count="2" type="stmt"/>
        <line num="331" count="2" type="stmt"/>
      </file>
    </package>
    <package name="src.modules.auth">
      <metrics statements="59" coveredstatements="58" conditionals="35" coveredconditionals="33" methods="13" coveredmethods="12"/>
      <file name="store.ts" path="E:\MaghzAccountApp\MaghzAccountFlash35\src\modules\auth\store.ts">
        <metrics statements="57" coveredstatements="56" conditionals="35" coveredconditionals="33" methods="13" coveredmethods="12"/>
        <line num="4" count="7" type="stmt"/>
        <line num="6" count="7" type="stmt"/>
        <line num="55" count="7" type="stmt"/>
        <line num="62" count="0" type="stmt"/>
        <line num="65" count="81" type="stmt"/>
        <line num="66" count="81" type="stmt"/>
        <line num="67" count="81" type="stmt"/>
        <line num="71" count="97" type="stmt"/>
        <line num="72" count="97" type="stmt"/>
        <line num="73" count="97" type="stmt"/>
        <line num="76" count="2" type="stmt"/>
        <line num="78" count="1" type="stmt"/>
        <line num="81" count="273" type="stmt"/>
        <line num="82" count="273" type="cond" truecount="2" falsecount="0"/>
        <line num="84" count="263" type="cond" truecount="2" falsecount="0"/>
        <line num="86" count="217" type="cond" truecount="2" falsecount="0"/>
        <line num="87" count="92" type="stmt"/>
        <line num="88" count="92" type="stmt"/>
        <line num="91" count="125" type="cond" truecount="2" falsecount="0"/>
        <line num="92" count="47" type="cond" truecount="1" falsecount="1"/>
        <line num="93" count="47" type="stmt"/>
        <line num="96" count="78" type="cond" truecount="1" falsecount="1"/>
        <line num="97" count="273" type="stmt"/>
        <line num="101" count="7" type="stmt"/>
        <line num="102" count="7" type="cond" truecount="2" falsecount="0"/>
        <line num="103" count="6" type="stmt"/>
        <line num="107" count="3" type="stmt"/>
        <line num="108" count="3" type="cond" truecount="2" falsecount="0"/>
        <line num="109" count="2" type="cond" truecount="2" falsecount="0"/>
        <line num="110" count="1" type="stmt"/>
        <line num="111" count="1" type="stmt"/>
        <line num="113" count="1" type="stmt"/>
        <line num="117" count="4" type="stmt"/>
        <line num="118" count="4" type="stmt"/>
        <line num="119" count="4" type="stmt"/>
        <line num="123" count="12" type="stmt"/>
        <line num="127" count="29" type="stmt"/>
        <line num="128" count="29" type="cond" truecount="2" falsecount="0"/>
        <line num="129" count="27" type="cond" truecount="4" falsecount="0"/>
        <line num="130" count="22" type="stmt"/>
        <line num="131" count="22" type="stmt"/>
        <line num="132" count="22" type="cond" truecount="2" falsecount="0"/>
        <line num="133" count="11" type="cond" truecount="2" falsecount="0"/>
        <line num="134" count="3" type="stmt"/>
        <line num="139" count="4" type="stmt"/>
        <line num="140" count="4" type="cond" truecount="2" falsecount="0"/>
        <line num="141" count="3" type="stmt"/>
        <line num="142" count="3" type="stmt"/>
        <line num="143" count="3" type="stmt"/>
        <line num="144" count="3" type="cond" truecount="4" falsecount="0"/>
        <line num="145" count="1" type="stmt"/>
        <line num="146" count="1" type="stmt"/>
        <line num="147" count="1" type="stmt"/>
        <line num="148" count="1" type="stmt"/>
        <line num="150" count="1" type="stmt"/>
        <line num="152" count="1" type="stmt"/>
        <line num="155" count="1" type="stmt"/>
      </file>
      <file name="types.ts" path="E:\MaghzAccountApp\MaghzAccountFlash35\src\modules\auth\types.ts">
        <metrics statements="2" coveredstatements="2" conditionals="0" coveredconditionals="0" methods="0" coveredmethods="0"/>
        <line num="100" count="1" type="stmt"/>
        <line num="113" count="1" type="stmt"/>
      </file>
    </package>
    <package name="src.modules.auth.components">
      <metrics statements="85" coveredstatements="44" conditionals="58" coveredconditionals="33" methods="47" coveredmethods="19"/>
      <file name="RolesPage.tsx" path="E:\MaghzAccountApp\MaghzAccountFlash35\src\modules\auth\components\RolesPage.tsx">
        <metrics statements="85" coveredstatements="44" conditionals="58" coveredconditionals="33" methods="47" coveredmethods="19"/>
        <line num="16" count="1" type="stmt"/>
        <line num="17" count="11" type="stmt"/>
        <line num="18" count="33" type="stmt"/>
        <line num="19" count="11" type="stmt"/>
        <line num="20" count="33" type="stmt"/>
        <line num="21" count="11" type="stmt"/>
        <line num="22" count="11" type="stmt"/>
        <line num="23" count="11" type="cond" truecount="1" falsecount="1"/>
        <line num="25" count="11" type="stmt"/>
        <line num="26" count="11" type="stmt"/>
        <line num="27" count="11" type="stmt"/>
        <line num="34" count="11" type="stmt"/>
        <line num="40" count="11" type="stmt"/>
        <line num="41" count="9" type="cond" truecount="2" falsecount="0"/>
        <line num="42" count="1" type="stmt"/>
        <line num="46" count="11" type="stmt"/>
        <line num="47" count="1" type="cond" truecount="1" falsecount="1"/>
        <line num="48" count="1" type="stmt"/>
        <line num="49" count="1" type="stmt"/>
        <line num="55" count="0" type="stmt"/>
        <line num="56" count="0" type="stmt"/>
        <line num="58" count="1" type="stmt"/>
        <line num="61" count="11" type="stmt"/>
        <line num="62" count="0" type="cond" truecount="0" falsecount="2"/>
        <line num="64" count="0" type="stmt"/>
        <line num="72" count="0" type="cond" truecount="0" falsecount="2"/>
        <line num="73" count="0" type="stmt"/>
        <line num="74" count="0" type="stmt"/>
        <line num="76" count="0" type="stmt"/>
        <line num="77" count="0" type="stmt"/>
        <line num="80" count="0" type="stmt"/>
        <line num="81" count="0" type="stmt"/>
        <line num="82" count="0" type="stmt"/>
        <line num="85" count="11" type="stmt"/>
        <line num="86" count="0" type="cond" truecount="0" falsecount="2"/>
        <line num="87" count="0" type="stmt"/>
        <line num="92" count="0" type="stmt"/>
        <line num="93" count="0" type="stmt"/>
        <line num="94" count="0" type="stmt"/>
        <line num="99" count="11" type="stmt"/>
        <line num="100" count="1" type="stmt"/>
        <line num="101" count="1" type="stmt"/>
        <line num="106" count="1" type="stmt"/>
        <line num="109" count="11" type="stmt"/>
        <line num="110" count="0" type="cond" truecount="0" falsecount="2"/>
        <line num="111" count="0" type="stmt"/>
        <line num="114" count="0" type="stmt"/>
        <line num="119" count="11" type="stmt"/>
        <line num="120" count="0" type="cond" truecount="0" falsecount="2"/>
        <line num="121" count="0" type="stmt"/>
        <line num="122" count="0" type="stmt"/>
        <line num="123" count="0" type="cond" truecount="0" falsecount="2"/>
        <line num="124" count="0" type="stmt"/>
        <line num="126" count="0" type="stmt"/>
        <line num="127" count="0" type="stmt"/>
        <line num="128" count="0" type="cond" truecount="0" falsecount="2"/>
        <line num="130" count="0" type="stmt"/>
        <line num="135" count="11" type="stmt"/>
        <line num="136" count="111" type="stmt"/>
        <line num="139" count="11" type="stmt"/>
        <line num="140" count="501" type="stmt"/>
        <line num="141" count="111" type="stmt"/>
        <line num="142" count="110" type="cond" truecount="2" falsecount="0"/>
        <line num="145" count="11" type="stmt"/>
        <line num="159" count="0" type="stmt"/>
        <line num="171" count="0" type="stmt"/>
        <line num="181" count="0" type="stmt"/>
        <line num="191" count="0" type="stmt"/>
        <line num="200" count="11" type="stmt"/>
        <line num="218" count="25" type="stmt"/>
        <line num="234" count="1" type="stmt"/>
        <line num="245" count="1" type="stmt"/>
        <line num="257" count="0" type="stmt"/>
        <line num="274" count="0" type="stmt"/>
        <line num="280" count="0" type="stmt"/>
        <line num="310" count="0" type="stmt"/>
        <line num="317" count="0" type="stmt"/>
        <line num="345" count="110" type="stmt"/>
        <line num="348" count="0" type="stmt"/>
        <line num="352" count="506" type="cond" truecount="1" falsecount="1"/>
        <line num="354" count="506" type="cond" truecount="2" falsecount="0"/>
        <line num="364" count="506" type="stmt"/>
        <line num="365" count="506" type="stmt"/>
        <line num="368" count="0" type="stmt"/>
        <line num="393" count="0" type="stmt"/>
      </file>
    </package>
    <package name="src.modules.auth.hooks">
      <metrics statements="31" coveredstatements="31" conditionals="10" coveredconditionals="9" methods="24" coveredmethods="24"/>
      <file name="usePermission.ts" path="E:\MaghzAccountApp\MaghzAccountFlash35\src\modules\auth\hooks\usePermission.ts">
        <metrics statements="31" coveredstatements="31" conditionals="10" coveredconditionals="9" methods="24" coveredmethods="24"/>
        <line num="5" count="53" type="stmt"/>
        <line num="9" count="117" type="stmt"/>
        <line num="10" count="117" type="stmt"/>
        <line num="11" count="38" type="stmt"/>
        <line num="15" count="6" type="stmt"/>
        <line num="16" count="6" type="stmt"/>
        <line num="17" count="2" type="stmt"/>
        <line num="18" count="5" type="stmt"/>
        <line num="19" count="5" type="stmt"/>
        <line num="24" count="9" type="stmt"/>
        <line num="25" count="3" type="stmt"/>
        <line num="31" count="3" type="stmt"/>
        <line num="35" count="3" type="stmt"/>
        <line num="39" count="2" type="stmt"/>
        <line num="43" count="2" type="stmt"/>
        <line num="47" count="2" type="stmt"/>
        <line num="51" count="2" type="stmt"/>
        <line num="55" count="322" type="stmt"/>
        <line num="56" count="322" type="stmt"/>
        <line num="57" count="104" type="stmt"/>
        <line num="58" count="104" type="cond" truecount="2" falsecount="0"/>
        <line num="59" count="93" type="cond" truecount="2" falsecount="0"/>
        <line num="60" count="92" type="cond" truecount="2" falsecount="0"/>
        <line num="61" count="6" type="cond" truecount="2" falsecount="0"/>
        <line num="62" count="5" type="cond" truecount="1" falsecount="1"/>
        <line num="63" count="5" type="stmt"/>
        <line num="67" count="6" type="stmt"/>
        <line num="68" count="6" type="stmt"/>
        <line num="69" count="2" type="stmt"/>
        <line num="79" count="6" type="stmt"/>
        <line num="80" count="2" type="stmt"/>
      </file>
    </package>
  </project>
</coverage>
