{"E:\\MaghzAccountApp\\MaghzAccountFlash35\\electron\\seedDemoData.js": {"path":"E:\\MaghzAccountApp\\MaghzAccountFlash35\\electron\\seedDemoData.js","statementMap":{"0":{"start":{"line":1,"column":9},"end":{"line":1,"column":null}},"1":{"start":{"line":1,"column":40},"end":{"line":1,"column":null}},"2":{"start":{"line":15,"column":26},"end":{"line":15,"column":null}},"3":{"start":{"line":16,"column":20},"end":{"line":16,"column":null}},"4":{"start":{"line":18,"column":15},"end":{"line":18,"column":null}},"5":{"start":{"line":19,"column":15},"end":{"line":19,"column":null}},"6":{"start":{"line":20,"column":2},"end":{"line":20,"column":null}},"7":{"start":{"line":23,"column":17},"end":{"line":23,"column":null}},"8":{"start":{"line":25,"column":17},"end":{"line":62,"column":null}},"9":{"start":{"line":64,"column":22},"end":{"line":70,"column":null}},"10":{"start":{"line":72,"column":14},"end":{"line":78,"column":null}},"11":{"start":{"line":80,"column":19},"end":{"line":84,"column":null}},"12":{"start":{"line":86,"column":25},"end":{"line":101,"column":null}},"13":{"start":{"line":103,"column":17},"end":{"line":107,"column":null}},"14":{"start":{"line":109,"column":21},"end":{"line":114,"column":null}},"15":{"start":{"line":116,"column":27},"end":{"line":122,"column":null}},"16":{"start":{"line":124,"column":14},"end":{"line":127,"column":null}},"17":{"start":{"line":129,"column":27},"end":{"line":133,"column":null}},"18":{"start":{"line":135,"column":17},"end":{"line":151,"column":null}},"19":{"start":{"line":153,"column":19},"end":{"line":157,"column":null}},"20":{"start":{"line":159,"column":18},"end":{"line":168,"column":null}},"21":{"start":{"line":170,"column":18},"end":{"line":179,"column":null}},"22":{"start":{"line":181,"column":20},"end":{"line":181,"column":null}},"23":{"start":{"line":183,"column":18},"end":{"line":192,"column":null}},"24":{"start":{"line":194,"column":14},"end":{"line":201,"column":null}},"25":{"start":{"line":205,"column":14},"end":{"line":205,"column":null}},"26":{"start":{"line":206,"column":2},"end":{"line":206,"column":null}},"27":{"start":{"line":210,"column":12},"end":{"line":213,"column":null}},"28":{"start":{"line":214,"column":2},"end":{"line":214,"column":null}},"29":{"start":{"line":218,"column":14},"end":{"line":218,"column":null}},"30":{"start":{"line":219,"column":23},"end":{"line":219,"column":null}},"31":{"start":{"line":220,"column":22},"end":{"line":220,"column":null}},"32":{"start":{"line":221,"column":16},"end":{"line":221,"column":null}},"33":{"start":{"line":222,"column":2},"end":{"line":235,"column":null}},"34":{"start":{"line":224,"column":14},"end":{"line":230,"column":null}},"35":{"start":{"line":231,"column":4},"end":{"line":231,"column":null}},"36":{"start":{"line":232,"column":4},"end":{"line":234,"column":null}},"37":{"start":{"line":233,"column":6},"end":{"line":233,"column":null}},"38":{"start":{"line":238,"column":2},"end":{"line":238,"column":null}},"39":{"start":{"line":239,"column":2},"end":{"line":246,"column":null}},"40":{"start":{"line":240,"column":4},"end":{"line":245,"column":null}},"41":{"start":{"line":249,"column":2},"end":{"line":249,"column":null}},"42":{"start":{"line":250,"column":19},"end":{"line":250,"column":null}},"43":{"start":{"line":251,"column":2},"end":{"line":266,"column":null}},"44":{"start":{"line":252,"column":21},"end":{"line":252,"column":null}},"45":{"start":{"line":253,"column":14},"end":{"line":259,"column":null}},"46":{"start":{"line":260,"column":13},"end":{"line":260,"column":null}},"47":{"start":{"line":261,"column":4},"end":{"line":264,"column":null}},"48":{"start":{"line":262,"column":18},"end":{"line":262,"column":null}},"49":{"start":{"line":263,"column":6},"end":{"line":263,"column":null}},"50":{"start":{"line":265,"column":4},"end":{"line":265,"column":null}},"51":{"start":{"line":265,"column":12},"end":{"line":265,"column":null}},"52":{"start":{"line":269,"column":2},"end":{"line":269,"column":null}},"53":{"start":{"line":270,"column":23},"end":{"line":270,"column":null}},"54":{"start":{"line":271,"column":2},"end":{"line":288,"column":null}},"55":{"start":{"line":272,"column":20},"end":{"line":272,"column":null}},"56":{"start":{"line":273,"column":19},"end":{"line":273,"column":null}},"57":{"start":{"line":274,"column":18},"end":{"line":274,"column":null}},"58":{"start":{"line":275,"column":14},"end":{"line":281,"column":null}},"59":{"start":{"line":282,"column":13},"end":{"line":282,"column":null}},"60":{"start":{"line":283,"column":4},"end":{"line":286,"column":null}},"61":{"start":{"line":284,"column":18},"end":{"line":284,"column":null}},"62":{"start":{"line":285,"column":6},"end":{"line":285,"column":null}},"63":{"start":{"line":287,"column":4},"end":{"line":287,"column":null}},"64":{"start":{"line":287,"column":12},"end":{"line":287,"column":null}},"65":{"start":{"line":291,"column":2},"end":{"line":291,"column":null}},"66":{"start":{"line":292,"column":2},"end":{"line":299,"column":null}},"67":{"start":{"line":293,"column":4},"end":{"line":298,"column":null}},"68":{"start":{"line":302,"column":2},"end":{"line":302,"column":null}},"69":{"start":{"line":303,"column":2},"end":{"line":310,"column":null}},"70":{"start":{"line":304,"column":4},"end":{"line":309,"column":null}},"71":{"start":{"line":313,"column":2},"end":{"line":313,"column":null}},"72":{"start":{"line":314,"column":2},"end":{"line":322,"column":null}},"73":{"start":{"line":315,"column":22},"end":{"line":315,"column":null}},"74":{"start":{"line":316,"column":4},"end":{"line":321,"column":null}},"75":{"start":{"line":325,"column":2},"end":{"line":325,"column":null}},"76":{"start":{"line":326,"column":2},"end":{"line":335,"column":null}},"77":{"start":{"line":327,"column":22},"end":{"line":327,"column":null}},"78":{"start":{"line":328,"column":4},"end":{"line":328,"column":null}},"79":{"start":{"line":328,"column":20},"end":{"line":328,"column":null}},"80":{"start":{"line":329,"column":4},"end":{"line":334,"column":null}},"81":{"start":{"line":338,"column":2},"end":{"line":338,"column":null}},"82":{"start":{"line":339,"column":2},"end":{"line":346,"column":null}},"83":{"start":{"line":340,"column":4},"end":{"line":345,"column":null}},"84":{"start":{"line":349,"column":2},"end":{"line":349,"column":null}},"85":{"start":{"line":350,"column":2},"end":{"line":355,"column":null}},"86":{"start":{"line":358,"column":2},"end":{"line":358,"column":null}},"87":{"start":{"line":359,"column":20},"end":{"line":367,"column":null}},"88":{"start":{"line":368,"column":2},"end":{"line":375,"column":null}},"89":{"start":{"line":369,"column":4},"end":{"line":374,"column":null}},"90":{"start":{"line":378,"column":2},"end":{"line":378,"column":null}},"91":{"start":{"line":379,"column":2},"end":{"line":386,"column":null}},"92":{"start":{"line":380,"column":4},"end":{"line":385,"column":null}},"93":{"start":{"line":389,"column":2},"end":{"line":389,"column":null}},"94":{"start":{"line":390,"column":2},"end":{"line":397,"column":null}},"95":{"start":{"line":391,"column":4},"end":{"line":396,"column":null}},"96":{"start":{"line":400,"column":2},"end":{"line":400,"column":null}},"97":{"start":{"line":401,"column":22},"end":{"line":401,"column":null}},"98":{"start":{"line":402,"column":2},"end":{"line":416,"column":null}},"99":{"start":{"line":403,"column":14},"end":{"line":409,"column":null}},"100":{"start":{"line":410,"column":13},"end":{"line":410,"column":null}},"101":{"start":{"line":411,"column":4},"end":{"line":414,"column":null}},"102":{"start":{"line":412,"column":18},"end":{"line":412,"column":null}},"103":{"start":{"line":413,"column":6},"end":{"line":413,"column":null}},"104":{"start":{"line":415,"column":4},"end":{"line":415,"column":null}},"105":{"start":{"line":415,"column":12},"end":{"line":415,"column":null}},"106":{"start":{"line":417,"column":20},"end":{"line":417,"column":null}},"107":{"start":{"line":420,"column":2},"end":{"line":420,"column":null}},"108":{"start":{"line":421,"column":26},"end":{"line":421,"column":null}},"109":{"start":{"line":422,"column":2},"end":{"line":447,"column":null}},"110":{"start":{"line":423,"column":19},"end":{"line":423,"column":null}},"111":{"start":{"line":424,"column":14},"end":{"line":430,"column":null}},"112":{"start":{"line":431,"column":13},"end":{"line":431,"column":null}},"113":{"start":{"line":432,"column":4},"end":{"line":435,"column":null}},"114":{"start":{"line":433,"column":18},"end":{"line":433,"column":null}},"115":{"start":{"line":434,"column":6},"end":{"line":434,"column":null}},"116":{"start":{"line":436,"column":4},"end":{"line":446,"column":null}},"117":{"start":{"line":437,"column":6},"end":{"line":437,"column":null}},"118":{"start":{"line":438,"column":6},"end":{"line":445,"column":null}},"119":{"start":{"line":439,"column":8},"end":{"line":444,"column":null}},"120":{"start":{"line":450,"column":2},"end":{"line":450,"column":null}},"121":{"start":{"line":451,"column":21},"end":{"line":451,"column":null}},"122":{"start":{"line":452,"column":2},"end":{"line":466,"column":null}},"123":{"start":{"line":453,"column":14},"end":{"line":459,"column":null}},"124":{"start":{"line":460,"column":13},"end":{"line":460,"column":null}},"125":{"start":{"line":461,"column":4},"end":{"line":464,"column":null}},"126":{"start":{"line":462,"column":18},"end":{"line":462,"column":null}},"127":{"start":{"line":463,"column":6},"end":{"line":463,"column":null}},"128":{"start":{"line":465,"column":4},"end":{"line":465,"column":null}},"129":{"start":{"line":465,"column":12},"end":{"line":465,"column":null}},"130":{"start":{"line":467,"column":19},"end":{"line":467,"column":null}},"131":{"start":{"line":470,"column":2},"end":{"line":470,"column":null}},"132":{"start":{"line":471,"column":2},"end":{"line":492,"column":null}},"133":{"start":{"line":472,"column":22},"end":{"line":472,"column":null}},"134":{"start":{"line":473,"column":12},"end":{"line":473,"column":null}},"135":{"start":{"line":474,"column":4},"end":{"line":491,"column":null}},"136":{"start":{"line":475,"column":18},"end":{"line":475,"column":null}},"137":{"start":{"line":476,"column":23},"end":{"line":476,"column":null}},"138":{"start":{"line":477,"column":6},"end":{"line":482,"column":null}},"139":{"start":{"line":484,"column":6},"end":{"line":489,"column":null}},"140":{"start":{"line":490,"column":6},"end":{"line":490,"column":null}},"141":{"start":{"line":495,"column":2},"end":{"line":495,"column":null}},"142":{"start":{"line":496,"column":23},"end":{"line":496,"column":null}},"143":{"start":{"line":497,"column":2},"end":{"line":511,"column":null}},"144":{"start":{"line":498,"column":14},"end":{"line":504,"column":null}},"145":{"start":{"line":505,"column":13},"end":{"line":505,"column":null}},"146":{"start":{"line":506,"column":4},"end":{"line":509,"column":null}},"147":{"start":{"line":507,"column":18},"end":{"line":507,"column":null}},"148":{"start":{"line":508,"column":6},"end":{"line":508,"column":null}},"149":{"start":{"line":510,"column":4},"end":{"line":510,"column":null}},"150":{"start":{"line":510,"column":12},"end":{"line":510,"column":null}},"151":{"start":{"line":512,"column":24},"end":{"line":512,"column":null}},"152":{"start":{"line":513,"column":2},"end":{"line":528,"column":null}},"153":{"start":{"line":514,"column":19},"end":{"line":514,"column":null}},"154":{"start":{"line":515,"column":14},"end":{"line":521,"column":null}},"155":{"start":{"line":522,"column":13},"end":{"line":522,"column":null}},"156":{"start":{"line":523,"column":4},"end":{"line":526,"column":null}},"157":{"start":{"line":524,"column":18},"end":{"line":524,"column":null}},"158":{"start":{"line":525,"column":6},"end":{"line":525,"column":null}},"159":{"start":{"line":527,"column":4},"end":{"line":527,"column":null}},"160":{"start":{"line":527,"column":12},"end":{"line":527,"column":null}},"161":{"start":{"line":531,"column":2},"end":{"line":531,"column":null}},"162":{"start":{"line":532,"column":2},"end":{"line":539,"column":null}},"163":{"start":{"line":533,"column":4},"end":{"line":538,"column":null}},"164":{"start":{"line":542,"column":2},"end":{"line":576,"column":null}},"165":{"start":{"line":543,"column":4},"end":{"line":543,"column":null}},"166":{"start":{"line":544,"column":25},"end":{"line":550,"column":null}},"167":{"start":{"line":551,"column":15},"end":{"line":551,"column":null}},"168":{"start":{"line":552,"column":4},"end":{"line":555,"column":null}},"169":{"start":{"line":553,"column":18},"end":{"line":553,"column":null}},"170":{"start":{"line":554,"column":6},"end":{"line":554,"column":null}},"171":{"start":{"line":556,"column":4},"end":{"line":575,"column":null}},"172":{"start":{"line":557,"column":18},"end":{"line":557,"column":null}},"173":{"start":{"line":558,"column":6},"end":{"line":571,"column":null}},"174":{"start":{"line":559,"column":23},"end":{"line":559,"column":null}},"175":{"start":{"line":560,"column":27},"end":{"line":560,"column":null}},"176":{"start":{"line":561,"column":27},"end":{"line":561,"column":null}},"177":{"start":{"line":562,"column":27},"end":{"line":562,"column":null}},"178":{"start":{"line":563,"column":20},"end":{"line":563,"column":null}},"179":{"start":{"line":564,"column":8},"end":{"line":564,"column":null}},"180":{"start":{"line":565,"column":8},"end":{"line":570,"column":null}},"181":{"start":{"line":572,"column":6},"end":{"line":574,"column":null}},"182":{"start":{"line":573,"column":8},"end":{"line":573,"column":null}},"183":{"start":{"line":579,"column":2},"end":{"line":579,"column":null}},"184":{"start":{"line":582,"column":14},"end":{"line":582,"column":null}},"185":{"start":{"line":583,"column":4},"end":{"line":583,"column":null}},"186":{"start":{"line":585,"column":24},"end":{"line":585,"column":null}},"187":{"start":{"line":586,"column":23},"end":{"line":586,"column":null}},"188":{"start":{"line":587,"column":18},"end":{"line":587,"column":null}},"189":{"start":{"line":588,"column":2},"end":{"line":588,"column":null}},"190":{"start":{"line":588,"column":46},"end":{"line":588,"column":84}},"191":{"start":{"line":588,"column":84},"end":{"line":588,"column":123}},"192":{"start":{"line":588,"column":92},"end":{"line":588,"column":123}},"193":{"start":{"line":589,"column":20},"end":{"line":589,"column":null}},"194":{"start":{"line":590,"column":2},"end":{"line":593,"column":null}},"195":{"start":{"line":591,"column":14},"end":{"line":591,"column":null}},"196":{"start":{"line":592,"column":4},"end":{"line":592,"column":null}},"197":{"start":{"line":592,"column":19},"end":{"line":592,"column":null}},"198":{"start":{"line":594,"column":2},"end":{"line":630,"column":null}},"199":{"start":{"line":595,"column":27},"end":{"line":601,"column":null}},"200":{"start":{"line":602,"column":4},"end":{"line":629,"column":null}},"201":{"start":{"line":603,"column":23},"end":{"line":603,"column":null}},"202":{"start":{"line":603,"column":50},"end":{"line":603,"column":104}},"203":{"start":{"line":604,"column":24},"end":{"line":604,"column":null}},"204":{"start":{"line":605,"column":26},"end":{"line":605,"column":null}},"205":{"start":{"line":606,"column":21},"end":{"line":612,"column":null}},"206":{"start":{"line":613,"column":18},"end":{"line":613,"column":null}},"207":{"start":{"line":614,"column":6},"end":{"line":617,"column":null}},"208":{"start":{"line":615,"column":20},"end":{"line":615,"column":null}},"209":{"start":{"line":616,"column":8},"end":{"line":616,"column":null}},"210":{"start":{"line":618,"column":6},"end":{"line":628,"column":null}},"211":{"start":{"line":619,"column":8},"end":{"line":627,"column":null}},"212":{"start":{"line":620,"column":20},"end":{"line":620,"column":null}},"213":{"start":{"line":621,"column":28},"end":{"line":621,"column":null}},"214":{"start":{"line":622,"column":10},"end":{"line":626,"column":null}},"215":{"start":{"line":633,"column":2},"end":{"line":633,"column":null}},"216":{"start":{"line":634,"column":24},"end":{"line":634,"column":null}},"217":{"start":{"line":635,"column":17},"end":{"line":635,"column":null}},"218":{"start":{"line":636,"column":2},"end":{"line":636,"column":null}},"219":{"start":{"line":636,"column":46},"end":{"line":636,"column":84}},"220":{"start":{"line":636,"column":84},"end":{"line":636,"column":122}},"221":{"start":{"line":636,"column":92},"end":{"line":636,"column":122}},"222":{"start":{"line":637,"column":2},"end":{"line":667,"column":null}},"223":{"start":{"line":638,"column":22},"end":{"line":642,"column":null}},"224":{"start":{"line":643,"column":4},"end":{"line":666,"column":null}},"225":{"start":{"line":644,"column":20},"end":{"line":644,"column":null}},"226":{"start":{"line":644,"column":46},"end":{"line":644,"column":69}},"227":{"start":{"line":645,"column":21},"end":{"line":651,"column":null}},"228":{"start":{"line":652,"column":17},"end":{"line":652,"column":null}},"229":{"start":{"line":653,"column":6},"end":{"line":656,"column":null}},"230":{"start":{"line":654,"column":20},"end":{"line":654,"column":null}},"231":{"start":{"line":655,"column":8},"end":{"line":655,"column":null}},"232":{"start":{"line":657,"column":6},"end":{"line":665,"column":null}},"233":{"start":{"line":658,"column":8},"end":{"line":664,"column":null}},"234":{"start":{"line":659,"column":10},"end":{"line":663,"column":null}},"235":{"start":{"line":670,"column":2},"end":{"line":670,"column":null}},"236":{"start":{"line":671,"column":2},"end":{"line":703,"column":null}},"237":{"start":{"line":672,"column":22},"end":{"line":676,"column":null}},"238":{"start":{"line":677,"column":4},"end":{"line":702,"column":null}},"239":{"start":{"line":678,"column":23},"end":{"line":678,"column":null}},"240":{"start":{"line":678,"column":49},"end":{"line":678,"column":72}},"241":{"start":{"line":679,"column":24},"end":{"line":679,"column":null}},"242":{"start":{"line":680,"column":20},"end":{"line":680,"column":null}},"243":{"start":{"line":681,"column":21},"end":{"line":687,"column":null}},"244":{"start":{"line":688,"column":17},"end":{"line":688,"column":null}},"245":{"start":{"line":689,"column":6},"end":{"line":692,"column":null}},"246":{"start":{"line":690,"column":20},"end":{"line":690,"column":null}},"247":{"start":{"line":691,"column":8},"end":{"line":691,"column":null}},"248":{"start":{"line":693,"column":6},"end":{"line":701,"column":null}},"249":{"start":{"line":694,"column":8},"end":{"line":700,"column":null}},"250":{"start":{"line":695,"column":10},"end":{"line":699,"column":null}},"251":{"start":{"line":706,"column":2},"end":{"line":706,"column":null}},"252":{"start":{"line":707,"column":2},"end":{"line":741,"column":null}},"253":{"start":{"line":708,"column":25},"end":{"line":711,"column":null}},"254":{"start":{"line":712,"column":4},"end":{"line":740,"column":null}},"255":{"start":{"line":713,"column":20},"end":{"line":716,"column":null}},"256":{"start":{"line":714,"column":18},"end":{"line":714,"column":null}},"257":{"start":{"line":715,"column":8},"end":{"line":715,"column":null}},"258":{"start":{"line":717,"column":21},"end":{"line":723,"column":null}},"259":{"start":{"line":724,"column":16},"end":{"line":724,"column":null}},"260":{"start":{"line":725,"column":6},"end":{"line":728,"column":null}},"261":{"start":{"line":726,"column":20},"end":{"line":726,"column":null}},"262":{"start":{"line":727,"column":8},"end":{"line":727,"column":null}},"263":{"start":{"line":729,"column":6},"end":{"line":739,"column":null}},"264":{"start":{"line":730,"column":8},"end":{"line":738,"column":null}},"265":{"start":{"line":731,"column":20},"end":{"line":731,"column":null}},"266":{"start":{"line":732,"column":28},"end":{"line":732,"column":null}},"267":{"start":{"line":733,"column":10},"end":{"line":737,"column":null}},"268":{"start":{"line":744,"column":2},"end":{"line":744,"column":null}},"269":{"start":{"line":745,"column":8},"end":{"line":745,"column":null}},"270":{"start":{"line":746,"column":2},"end":{"line":767,"column":null}},"271":{"start":{"line":747,"column":22},"end":{"line":747,"column":null}},"272":{"start":{"line":748,"column":14},"end":{"line":748,"column":null}},"273":{"start":{"line":749,"column":21},"end":{"line":749,"column":null}},"274":{"start":{"line":750,"column":22},"end":{"line":750,"column":null}},"275":{"start":{"line":751,"column":24},"end":{"line":751,"column":null}},"276":{"start":{"line":752,"column":19},"end":{"line":758,"column":null}},"277":{"start":{"line":759,"column":18},"end":{"line":759,"column":null}},"278":{"start":{"line":760,"column":4},"end":{"line":766,"column":null}},"279":{"start":{"line":761,"column":6},"end":{"line":765,"column":null}},"280":{"start":{"line":770,"column":2},"end":{"line":770,"column":null}},"281":{"start":{"line":771,"column":8},"end":{"line":771,"column":null}},"282":{"start":{"line":772,"column":2},"end":{"line":794,"column":null}},"283":{"start":{"line":773,"column":22},"end":{"line":773,"column":null}},"284":{"start":{"line":774,"column":14},"end":{"line":774,"column":null}},"285":{"start":{"line":775,"column":22},"end":{"line":775,"column":null}},"286":{"start":{"line":776,"column":21},"end":{"line":776,"column":null}},"287":{"start":{"line":777,"column":22},"end":{"line":777,"column":null}},"288":{"start":{"line":778,"column":24},"end":{"line":778,"column":null}},"289":{"start":{"line":779,"column":19},"end":{"line":785,"column":null}},"290":{"start":{"line":786,"column":18},"end":{"line":786,"column":null}},"291":{"start":{"line":787,"column":4},"end":{"line":793,"column":null}},"292":{"start":{"line":788,"column":6},"end":{"line":792,"column":null}},"293":{"start":{"line":797,"column":2},"end":{"line":797,"column":null}},"294":{"start":{"line":798,"column":2},"end":{"line":812,"column":null}},"295":{"start":{"line":799,"column":20},"end":{"line":799,"column":null}},"296":{"start":{"line":800,"column":19},"end":{"line":800,"column":null}},"297":{"start":{"line":801,"column":4},"end":{"line":811,"column":null}},"298":{"start":{"line":801,"column":17},"end":{"line":801,"column":20}},"299":{"start":{"line":802,"column":21},"end":{"line":802,"column":null}},"300":{"start":{"line":803,"column":21},"end":{"line":803,"column":null}},"301":{"start":{"line":804,"column":19},"end":{"line":804,"column":null}},"302":{"start":{"line":805,"column":6},"end":{"line":810,"column":null}},"303":{"start":{"line":815,"column":2},"end":{"line":815,"column":null}},"304":{"start":{"line":816,"column":2},"end":{"line":832,"column":null}},"305":{"start":{"line":817,"column":20},"end":{"line":817,"column":null}},"306":{"start":{"line":818,"column":19},"end":{"line":818,"column":null}},"307":{"start":{"line":819,"column":19},"end":{"line":819,"column":null}},"308":{"start":{"line":820,"column":18},"end":{"line":820,"column":null}},"309":{"start":{"line":821,"column":4},"end":{"line":831,"column":null}},"310":{"start":{"line":821,"column":17},"end":{"line":821,"column":20}},"311":{"start":{"line":822,"column":21},"end":{"line":822,"column":null}},"312":{"start":{"line":823,"column":21},"end":{"line":823,"column":null}},"313":{"start":{"line":824,"column":19},"end":{"line":824,"column":null}},"314":{"start":{"line":825,"column":6},"end":{"line":830,"column":null}},"315":{"start":{"line":835,"column":2},"end":{"line":835,"column":null}},"316":{"start":{"line":836,"column":2},"end":{"line":843,"column":null}},"317":{"start":{"line":837,"column":4},"end":{"line":842,"column":null}},"318":{"start":{"line":846,"column":18},"end":{"line":846,"column":null}},"319":{"start":{"line":847,"column":2},"end":{"line":859,"column":null}},"320":{"start":{"line":847,"column":15},"end":{"line":847,"column":18}},"321":{"start":{"line":848,"column":16},"end":{"line":848,"column":null}},"322":{"start":{"line":849,"column":4},"end":{"line":849,"column":null}},"323":{"start":{"line":849,"column":14},"end":{"line":849,"column":null}},"324":{"start":{"line":850,"column":21},"end":{"line":850,"column":null}},"325":{"start":{"line":851,"column":21},"end":{"line":851,"column":null}},"326":{"start":{"line":852,"column":21},"end":{"line":852,"column":null}},"327":{"start":{"line":853,"column":4},"end":{"line":858,"column":null}},"328":{"start":{"line":862,"column":2},"end":{"line":862,"column":null}},"329":{"start":{"line":863,"column":2},"end":{"line":885,"column":null}},"330":{"start":{"line":864,"column":19},"end":{"line":870,"column":null}},"331":{"start":{"line":871,"column":18},"end":{"line":871,"column":null}},"332":{"start":{"line":872,"column":4},"end":{"line":884,"column":null}},"333":{"start":{"line":873,"column":6},"end":{"line":877,"column":null}},"334":{"start":{"line":878,"column":6},"end":{"line":883,"column":null}},"335":{"start":{"line":888,"column":2},"end":{"line":888,"column":null}},"336":{"start":{"line":889,"column":18},"end":{"line":889,"column":null}},"337":{"start":{"line":890,"column":17},"end":{"line":890,"column":null}},"338":{"start":{"line":891,"column":2},"end":{"line":916,"column":null}},"339":{"start":{"line":892,"column":4},"end":{"line":897,"column":null}},"340":{"start":{"line":898,"column":4},"end":{"line":903,"column":null}},"341":{"start":{"line":904,"column":4},"end":{"line":909,"column":null}},"342":{"start":{"line":910,"column":4},"end":{"line":915,"column":null}},"343":{"start":{"line":919,"column":2},"end":{"line":919,"column":null}},"344":{"start":{"line":920,"column":16},"end":{"line":920,"column":null}},"345":{"start":{"line":921,"column":22},"end":{"line":921,"column":null}},"346":{"start":{"line":922,"column":2},"end":{"line":930,"column":null}},"347":{"start":{"line":923,"column":18},"end":{"line":923,"column":null}},"348":{"start":{"line":924,"column":4},"end":{"line":929,"column":null}},"349":{"start":{"line":932,"column":2},"end":{"line":932,"column":null}}},"fnMap":{"0":{"name":"hashPasswordNode","decl":{"start":{"line":17,"column":9},"end":{"line":17,"column":26}},"loc":{"start":{"line":17,"column":36},"end":{"line":21,"column":null}},"line":17},"1":{"name":"ensureRow","decl":{"start":{"line":204,"column":15},"end":{"line":204,"column":25}},"loc":{"start":{"line":204,"column":53},"end":{"line":207,"column":null}},"line":204},"2":{"name":"getAdminUser","decl":{"start":{"line":209,"column":15},"end":{"line":209,"column":28}},"loc":{"start":{"line":209,"column":47},"end":{"line":215,"column":null}},"line":209},"3":{"name":"seedComprehensiveDemoData","decl":{"start":{"line":217,"column":22},"end":{"line":217,"column":48}},"loc":{"start":{"line":217,"column":67},"end":{"line":933,"column":null}},"line":217},"4":{"name":"lookupIdByCode","decl":{"start":{"line":581,"column":17},"end":{"line":581,"column":32}},"loc":{"start":{"line":581,"column":45},"end":{"line":584,"column":null}},"line":581},"5":{"name":"(anonymous_5)","decl":{"start":{"line":603,"column":33},"end":{"line":603,"column":41}},"loc":{"start":{"line":603,"column":50},"end":{"line":603,"column":104}},"line":603},"6":{"name":"(anonymous_6)","decl":{"start":{"line":644,"column":29},"end":{"line":644,"column":37}},"loc":{"start":{"line":644,"column":46},"end":{"line":644,"column":69}},"line":644},"7":{"name":"(anonymous_7)","decl":{"start":{"line":678,"column":32},"end":{"line":678,"column":40}},"loc":{"start":{"line":678,"column":49},"end":{"line":678,"column":72}},"line":678},"8":{"name":"(anonymous_8)","decl":{"start":{"line":713,"column":28},"end":{"line":713,"column":36}},"loc":{"start":{"line":713,"column":45},"end":{"line":716,"column":9}},"line":713}},"branchMap":{"0":{"loc":{"start":{"line":214,"column":9},"end":{"line":214,"column":null}},"type":"binary-expr","locations":[{"start":{"line":214,"column":9},"end":{"line":214,"column":26}},{"start":{"line":214,"column":26},"end":{"line":214,"column":null}}],"line":214},"1":{"loc":{"start":{"line":222,"column":2},"end":{"line":235,"column":null}},"type":"if","locations":[{"start":{"line":222,"column":2},"end":{"line":235,"column":null}},{"start":{},"end":{}}],"line":222},"2":{"loc":{"start":{"line":232,"column":4},"end":{"line":234,"column":null}},"type":"if","locations":[{"start":{"line":232,"column":4},"end":{"line":234,"column":null}},{"start":{},"end":{}}],"line":232},"3":{"loc":{"start":{"line":252,"column":21},"end":{"line":252,"column":null}},"type":"cond-expr","locations":[{"start":{"line":252,"column":39},"end":{"line":252,"column":71}},{"start":{"line":252,"column":71},"end":{"line":252,"column":null}}],"line":252},"4":{"loc":{"start":{"line":258,"column":100},"end":{"line":258,"column":119}},"type":"binary-expr","locations":[{"start":{"line":258,"column":100},"end":{"line":258,"column":115}},{"start":{"line":258,"column":115},"end":{"line":258,"column":119}}],"line":258},"5":{"loc":{"start":{"line":261,"column":4},"end":{"line":264,"column":null}},"type":"if","locations":[{"start":{"line":261,"column":4},"end":{"line":264,"column":null}},{"start":{},"end":{}}],"line":261},"6":{"loc":{"start":{"line":265,"column":4},"end":{"line":265,"column":null}},"type":"if","locations":[{"start":{"line":265,"column":4},"end":{"line":265,"column":null}},{"start":{},"end":{}}],"line":265},"7":{"loc":{"start":{"line":272,"column":20},"end":{"line":272,"column":null}},"type":"cond-expr","locations":[{"start":{"line":272,"column":31},"end":{"line":272,"column":56}},{"start":{"line":272,"column":56},"end":{"line":272,"column":null}}],"line":272},"8":{"loc":{"start":{"line":273,"column":19},"end":{"line":273,"column":null}},"type":"cond-expr","locations":[{"start":{"line":273,"column":29},"end":{"line":273,"column":53}},{"start":{"line":273,"column":53},"end":{"line":273,"column":null}}],"line":273},"9":{"loc":{"start":{"line":274,"column":18},"end":{"line":274,"column":null}},"type":"cond-expr","locations":[{"start":{"line":274,"column":27},"end":{"line":274,"column":50}},{"start":{"line":274,"column":50},"end":{"line":274,"column":null}}],"line":274},"10":{"loc":{"start":{"line":283,"column":4},"end":{"line":286,"column":null}},"type":"if","locations":[{"start":{"line":283,"column":4},"end":{"line":286,"column":null}},{"start":{},"end":{}}],"line":283},"11":{"loc":{"start":{"line":287,"column":4},"end":{"line":287,"column":null}},"type":"if","locations":[{"start":{"line":287,"column":4},"end":{"line":287,"column":null}},{"start":{},"end":{}}],"line":287},"12":{"loc":{"start":{"line":328,"column":4},"end":{"line":328,"column":null}},"type":"if","locations":[{"start":{"line":328,"column":4},"end":{"line":328,"column":null}},{"start":{},"end":{}}],"line":328},"13":{"loc":{"start":{"line":411,"column":4},"end":{"line":414,"column":null}},"type":"if","locations":[{"start":{"line":411,"column":4},"end":{"line":414,"column":null}},{"start":{},"end":{}}],"line":411},"14":{"loc":{"start":{"line":415,"column":4},"end":{"line":415,"column":null}},"type":"if","locations":[{"start":{"line":415,"column":4},"end":{"line":415,"column":null}},{"start":{},"end":{}}],"line":415},"15":{"loc":{"start":{"line":423,"column":19},"end":{"line":423,"column":null}},"type":"binary-expr","locations":[{"start":{"line":423,"column":19},"end":{"line":423,"column":47}},{"start":{"line":423,"column":47},"end":{"line":423,"column":null}}],"line":423},"16":{"loc":{"start":{"line":432,"column":4},"end":{"line":435,"column":null}},"type":"if","locations":[{"start":{"line":432,"column":4},"end":{"line":435,"column":null}},{"start":{},"end":{}}],"line":432},"17":{"loc":{"start":{"line":436,"column":4},"end":{"line":446,"column":null}},"type":"if","locations":[{"start":{"line":436,"column":4},"end":{"line":446,"column":null}},{"start":{},"end":{}}],"line":436},"18":{"loc":{"start":{"line":438,"column":6},"end":{"line":445,"column":null}},"type":"if","locations":[{"start":{"line":438,"column":6},"end":{"line":445,"column":null}},{"start":{},"end":{}}],"line":438},"19":{"loc":{"start":{"line":461,"column":4},"end":{"line":464,"column":null}},"type":"if","locations":[{"start":{"line":461,"column":4},"end":{"line":464,"column":null}},{"start":{},"end":{}}],"line":461},"20":{"loc":{"start":{"line":465,"column":4},"end":{"line":465,"column":null}},"type":"if","locations":[{"start":{"line":465,"column":4},"end":{"line":465,"column":null}},{"start":{},"end":{}}],"line":465},"21":{"loc":{"start":{"line":471,"column":2},"end":{"line":492,"column":null}},"type":"if","locations":[{"start":{"line":471,"column":2},"end":{"line":492,"column":null}},{"start":{},"end":{}}],"line":471},"22":{"loc":{"start":{"line":475,"column":18},"end":{"line":475,"column":null}},"type":"cond-expr","locations":[{"start":{"line":475,"column":47},"end":{"line":475,"column":62}},{"start":{"line":475,"column":62},"end":{"line":475,"column":null}}],"line":475},"23":{"loc":{"start":{"line":506,"column":4},"end":{"line":509,"column":null}},"type":"if","locations":[{"start":{"line":506,"column":4},"end":{"line":509,"column":null}},{"start":{},"end":{}}],"line":506},"24":{"loc":{"start":{"line":510,"column":4},"end":{"line":510,"column":null}},"type":"if","locations":[{"start":{"line":510,"column":4},"end":{"line":510,"column":null}},{"start":{},"end":{}}],"line":510},"25":{"loc":{"start":{"line":523,"column":4},"end":{"line":526,"column":null}},"type":"if","locations":[{"start":{"line":523,"column":4},"end":{"line":526,"column":null}},{"start":{},"end":{}}],"line":523},"26":{"loc":{"start":{"line":527,"column":4},"end":{"line":527,"column":null}},"type":"if","locations":[{"start":{"line":527,"column":4},"end":{"line":527,"column":null}},{"start":{},"end":{}}],"line":527},"27":{"loc":{"start":{"line":542,"column":2},"end":{"line":576,"column":null}},"type":"if","locations":[{"start":{"line":542,"column":2},"end":{"line":576,"column":null}},{"start":{},"end":{}}],"line":542},"28":{"loc":{"start":{"line":552,"column":4},"end":{"line":555,"column":null}},"type":"if","locations":[{"start":{"line":552,"column":4},"end":{"line":555,"column":null}},{"start":{},"end":{}}],"line":552},"29":{"loc":{"start":{"line":556,"column":4},"end":{"line":575,"column":null}},"type":"if","locations":[{"start":{"line":556,"column":4},"end":{"line":575,"column":null}},{"start":{},"end":{}}],"line":556},"30":{"loc":{"start":{"line":560,"column":38},"end":{"line":560,"column":70}},"type":"binary-expr","locations":[{"start":{"line":560,"column":38},"end":{"line":560,"column":69}},{"start":{"line":560,"column":69},"end":{"line":560,"column":70}}],"line":560},"31":{"loc":{"start":{"line":572,"column":6},"end":{"line":574,"column":null}},"type":"if","locations":[{"start":{"line":572,"column":6},"end":{"line":574,"column":null}},{"start":{},"end":{}}],"line":572},"32":{"loc":{"start":{"line":588,"column":84},"end":{"line":588,"column":123}},"type":"if","locations":[{"start":{"line":588,"column":84},"end":{"line":588,"column":123}},{"start":{},"end":{}}],"line":588},"33":{"loc":{"start":{"line":592,"column":4},"end":{"line":592,"column":null}},"type":"if","locations":[{"start":{"line":592,"column":4},"end":{"line":592,"column":null}},{"start":{},"end":{}}],"line":592},"34":{"loc":{"start":{"line":594,"column":2},"end":{"line":630,"column":null}},"type":"if","locations":[{"start":{"line":594,"column":2},"end":{"line":630,"column":null}},{"start":{},"end":{}}],"line":594},"35":{"loc":{"start":{"line":594,"column":6},"end":{"line":594,"column":52}},"type":"binary-expr","locations":[{"start":{"line":594,"column":6},"end":{"line":594,"column":29}},{"start":{"line":594,"column":29},"end":{"line":594,"column":52}}],"line":594},"36":{"loc":{"start":{"line":614,"column":6},"end":{"line":617,"column":null}},"type":"if","locations":[{"start":{"line":614,"column":6},"end":{"line":617,"column":null}},{"start":{},"end":{}}],"line":614},"37":{"loc":{"start":{"line":618,"column":6},"end":{"line":628,"column":null}},"type":"if","locations":[{"start":{"line":618,"column":6},"end":{"line":628,"column":null}},{"start":{},"end":{}}],"line":618},"38":{"loc":{"start":{"line":636,"column":84},"end":{"line":636,"column":122}},"type":"if","locations":[{"start":{"line":636,"column":84},"end":{"line":636,"column":122}},{"start":{},"end":{}}],"line":636},"39":{"loc":{"start":{"line":637,"column":2},"end":{"line":667,"column":null}},"type":"if","locations":[{"start":{"line":637,"column":2},"end":{"line":667,"column":null}},{"start":{},"end":{}}],"line":637},"40":{"loc":{"start":{"line":637,"column":6},"end":{"line":637,"column":51}},"type":"binary-expr","locations":[{"start":{"line":637,"column":6},"end":{"line":637,"column":28}},{"start":{"line":637,"column":28},"end":{"line":637,"column":51}}],"line":637},"41":{"loc":{"start":{"line":653,"column":6},"end":{"line":656,"column":null}},"type":"if","locations":[{"start":{"line":653,"column":6},"end":{"line":656,"column":null}},{"start":{},"end":{}}],"line":653},"42":{"loc":{"start":{"line":657,"column":6},"end":{"line":665,"column":null}},"type":"if","locations":[{"start":{"line":657,"column":6},"end":{"line":665,"column":null}},{"start":{},"end":{}}],"line":657},"43":{"loc":{"start":{"line":671,"column":2},"end":{"line":703,"column":null}},"type":"if","locations":[{"start":{"line":671,"column":2},"end":{"line":703,"column":null}},{"start":{},"end":{}}],"line":671},"44":{"loc":{"start":{"line":671,"column":6},"end":{"line":671,"column":51}},"type":"binary-expr","locations":[{"start":{"line":671,"column":6},"end":{"line":671,"column":28}},{"start":{"line":671,"column":28},"end":{"line":671,"column":51}}],"line":671},"45":{"loc":{"start":{"line":689,"column":6},"end":{"line":692,"column":null}},"type":"if","locations":[{"start":{"line":689,"column":6},"end":{"line":692,"column":null}},{"start":{},"end":{}}],"line":689},"46":{"loc":{"start":{"line":693,"column":6},"end":{"line":701,"column":null}},"type":"if","locations":[{"start":{"line":693,"column":6},"end":{"line":701,"column":null}},{"start":{},"end":{}}],"line":693},"47":{"loc":{"start":{"line":707,"column":2},"end":{"line":741,"column":null}},"type":"if","locations":[{"start":{"line":707,"column":2},"end":{"line":741,"column":null}},{"start":{},"end":{}}],"line":707},"48":{"loc":{"start":{"line":707,"column":6},"end":{"line":707,"column":52}},"type":"binary-expr","locations":[{"start":{"line":707,"column":6},"end":{"line":707,"column":29}},{"start":{"line":707,"column":29},"end":{"line":707,"column":52}}],"line":707},"49":{"loc":{"start":{"line":725,"column":6},"end":{"line":728,"column":null}},"type":"if","locations":[{"start":{"line":725,"column":6},"end":{"line":728,"column":null}},{"start":{},"end":{}}],"line":725},"50":{"loc":{"start":{"line":729,"column":6},"end":{"line":739,"column":null}},"type":"if","locations":[{"start":{"line":729,"column":6},"end":{"line":739,"column":null}},{"start":{},"end":{}}],"line":729},"51":{"loc":{"start":{"line":746,"column":2},"end":{"line":767,"column":null}},"type":"if","locations":[{"start":{"line":746,"column":2},"end":{"line":767,"column":null}},{"start":{},"end":{}}],"line":746},"52":{"loc":{"start":{"line":746,"column":6},"end":{"line":746,"column":45}},"type":"binary-expr","locations":[{"start":{"line":746,"column":6},"end":{"line":746,"column":23}},{"start":{"line":746,"column":23},"end":{"line":746,"column":45}}],"line":746},"53":{"loc":{"start":{"line":760,"column":4},"end":{"line":766,"column":null}},"type":"if","locations":[{"start":{"line":760,"column":4},"end":{"line":766,"column":null}},{"start":{},"end":{}}],"line":760},"54":{"loc":{"start":{"line":772,"column":2},"end":{"line":794,"column":null}},"type":"if","locations":[{"start":{"line":772,"column":2},"end":{"line":794,"column":null}},{"start":{},"end":{}}],"line":772},"55":{"loc":{"start":{"line":772,"column":6},"end":{"line":772,"column":40}},"type":"binary-expr","locations":[{"start":{"line":772,"column":6},"end":{"line":772,"column":18}},{"start":{"line":772,"column":18},"end":{"line":772,"column":40}}],"line":772},"56":{"loc":{"start":{"line":787,"column":4},"end":{"line":793,"column":null}},"type":"if","locations":[{"start":{"line":787,"column":4},"end":{"line":793,"column":null}},{"start":{},"end":{}}],"line":787},"57":{"loc":{"start":{"line":798,"column":2},"end":{"line":812,"column":null}},"type":"if","locations":[{"start":{"line":798,"column":2},"end":{"line":812,"column":null}},{"start":{},"end":{}}],"line":798},"58":{"loc":{"start":{"line":809,"column":74},"end":{"line":809,"column":101}},"type":"cond-expr","locations":[{"start":{"line":809,"column":84},"end":{"line":809,"column":93}},{"start":{"line":809,"column":93},"end":{"line":809,"column":101}}],"line":809},"59":{"loc":{"start":{"line":816,"column":2},"end":{"line":832,"column":null}},"type":"if","locations":[{"start":{"line":816,"column":2},"end":{"line":832,"column":null}},{"start":{},"end":{}}],"line":816},"60":{"loc":{"start":{"line":829,"column":79},"end":{"line":829,"column":106}},"type":"cond-expr","locations":[{"start":{"line":829,"column":89},"end":{"line":829,"column":98}},{"start":{"line":829,"column":98},"end":{"line":829,"column":106}}],"line":829},"61":{"loc":{"start":{"line":841,"column":105},"end":{"line":841,"column":123}},"type":"binary-expr","locations":[{"start":{"line":841,"column":105},"end":{"line":841,"column":119}},{"start":{"line":841,"column":119},"end":{"line":841,"column":123}}],"line":841},"62":{"loc":{"start":{"line":849,"column":4},"end":{"line":849,"column":null}},"type":"if","locations":[{"start":{"line":849,"column":4},"end":{"line":849,"column":null}},{"start":{},"end":{}}],"line":849},"63":{"loc":{"start":{"line":850,"column":21},"end":{"line":850,"column":null}},"type":"cond-expr","locations":[{"start":{"line":850,"column":31},"end":{"line":850,"column":57}},{"start":{"line":850,"column":57},"end":{"line":850,"column":null}}],"line":850},"64":{"loc":{"start":{"line":851,"column":21},"end":{"line":851,"column":null}},"type":"cond-expr","locations":[{"start":{"line":851,"column":31},"end":{"line":851,"column":44}},{"start":{"line":851,"column":44},"end":{"line":851,"column":null}}],"line":851},"65":{"loc":{"start":{"line":852,"column":21},"end":{"line":852,"column":null}},"type":"cond-expr","locations":[{"start":{"line":852,"column":31},"end":{"line":852,"column":40}},{"start":{"line":852,"column":40},"end":{"line":852,"column":null}}],"line":852},"66":{"loc":{"start":{"line":863,"column":2},"end":{"line":885,"column":null}},"type":"if","locations":[{"start":{"line":863,"column":2},"end":{"line":885,"column":null}},{"start":{},"end":{}}],"line":863},"67":{"loc":{"start":{"line":872,"column":4},"end":{"line":884,"column":null}},"type":"if","locations":[{"start":{"line":872,"column":4},"end":{"line":884,"column":null}},{"start":{},"end":{}}],"line":872},"68":{"loc":{"start":{"line":891,"column":2},"end":{"line":916,"column":null}},"type":"if","locations":[{"start":{"line":891,"column":2},"end":{"line":916,"column":null}},{"start":{},"end":{}}],"line":891},"69":{"loc":{"start":{"line":922,"column":2},"end":{"line":930,"column":null}},"type":"if","locations":[{"start":{"line":922,"column":2},"end":{"line":930,"column":null}},{"start":{},"end":{}}],"line":922},"70":{"loc":{"start":{"line":922,"column":6},"end":{"line":922,"column":43}},"type":"binary-expr","locations":[{"start":{"line":922,"column":6},"end":{"line":922,"column":30}},{"start":{"line":922,"column":30},"end":{"line":922,"column":43}}],"line":922}},"s":{"0":9,"1":9,"2":9,"3":9,"4":9,"5":9,"6":9,"7":9,"8":9,"9":9,"10":9,"11":9,"12":9,"13":9,"14":9,"15":9,"16":9,"17":9,"18":9,"19":9,"20":9,"21":9,"22":9,"23":9,"24":9,"25":0,"26":0,"27":9,"28":9,"29":9,"30":9,"31":9,"32":9,"33":9,"34":9,"35":9,"36":9,"37":9,"38":9,"39":9,"40":27,"41":9,"42":9,"43":9,"44":279,"45":279,"46":279,"47":279,"48":31,"49":31,"50":279,"51":279,"52":9,"53":9,"54":9,"55":45,"56":45,"57":45,"58":45,"59":45,"60":45,"61":5,"62":5,"63":45,"64":45,"65":9,"66":9,"67":45,"68":9,"69":9,"70":36,"71":9,"72":9,"73":18,"74":18,"75":9,"76":9,"77":126,"78":126,"79":0,"80":126,"81":9,"82":9,"83":27,"84":9,"85":9,"86":9,"87":9,"88":9,"89":63,"90":9,"91":9,"92":72,"93":9,"94":9,"95":72,"96":9,"97":9,"98":9,"99":27,"100":27,"101":27,"102":3,"103":3,"104":27,"105":27,"106":9,"107":9,"108":9,"109":9,"110":135,"111":135,"112":135,"113":135,"114":15,"115":15,"116":135,"117":135,"118":135,"119":135,"120":9,"121":9,"122":9,"123":27,"124":27,"125":27,"126":3,"127":3,"128":27,"129":27,"130":9,"131":9,"132":9,"133":9,"134":9,"135":9,"136":135,"137":135,"138":135,"139":135,"140":135,"141":9,"142":9,"143":9,"144":36,"145":36,"146":36,"147":4,"148":4,"149":36,"150":36,"151":9,"152":9,"153":72,"154":72,"155":72,"156":72,"157":8,"158":8,"159":72,"160":72,"161":9,"162":9,"163":45,"164":9,"165":9,"166":9,"167":9,"168":9,"169":1,"170":1,"171":9,"172":9,"173":9,"174":72,"175":72,"176":72,"177":72,"178":72,"179":72,"180":72,"181":9,"182":9,"183":9,"184":72,"185":72,"186":9,"187":9,"188":9,"189":9,"190":45,"191":45,"192":20,"193":9,"194":9,"195":81,"196":81,"197":36,"198":9,"199":4,"200":4,"201":20,"202":36,"203":20,"204":20,"205":20,"206":20,"207":20,"208":5,"209":5,"210":20,"211":20,"212":36,"213":36,"214":36,"215":9,"216":9,"217":9,"218":9,"219":27,"220":27,"221":12,"222":9,"223":4,"224":4,"225":12,"226":20,"227":12,"228":12,"229":12,"230":3,"231":3,"232":12,"233":12,"234":20,"235":9,"236":9,"237":4,"238":4,"239":12,"240":16,"241":12,"242":12,"243":12,"244":12,"245":12,"246":3,"247":3,"248":12,"249":12,"250":16,"251":9,"252":9,"253":4,"254":4,"255":8,"256":12,"257":12,"258":8,"259":8,"260":8,"261":2,"262":2,"263":8,"264":8,"265":12,"266":12,"267":12,"268":9,"269":9,"270":9,"271":4,"272":4,"273":4,"274":4,"275":4,"276":4,"277":4,"278":4,"279":3,"280":9,"281":9,"282":9,"283":4,"284":4,"285":4,"286":4,"287":4,"288":4,"289":4,"290":4,"291":4,"292":3,"293":9,"294":9,"295":4,"296":4,"297":4,"298":4,"299":12,"300":12,"301":12,"302":12,"303":9,"304":9,"305":4,"306":4,"307":4,"308":4,"309":4,"310":4,"311":12,"312":12,"313":12,"314":12,"315":9,"316":9,"317":54,"318":9,"319":9,"320":9,"321":4,"322":4,"323":0,"324":4,"325":4,"326":4,"327":4,"328":9,"329":9,"330":4,"331":4,"332":4,"333":3,"334":3,"335":9,"336":9,"337":9,"338":9,"339":4,"340":4,"341":4,"342":4,"343":9,"344":9,"345":9,"346":9,"347":4,"348":4,"349":9},"f":{"0":9,"1":0,"2":9,"3":9,"4":72,"5":36,"6":20,"7":16,"8":12},"b":{"0":[9,9],"1":[9,0],"2":[9,0],"3":[234,45],"4":[279,252],"5":[31,248],"6":[279,0],"7":[27,18],"8":[27,18],"9":[36,9],"10":[5,40],"11":[45,0],"12":[0,126],"13":[3,24],"14":[27,0],"15":[135,0],"16":[15,120],"17":[135,0],"18":[135,0],"19":[3,24],"20":[27,0],"21":[9,0],"22":[135,0],"23":[4,32],"24":[36,0],"25":[8,64],"26":[72,0],"27":[9,0],"28":[1,8],"29":[9,0],"30":[72,72],"31":[9,0],"32":[20,25],"33":[36,45],"34":[4,5],"35":[9,4],"36":[5,15],"37":[20,0],"38":[12,15],"39":[4,5],"40":[9,4],"41":[3,9],"42":[12,0],"43":[4,5],"44":[9,4],"45":[3,9],"46":[12,0],"47":[4,5],"48":[9,4],"49":[2,6],"50":[8,0],"51":[4,5],"52":[9,4],"53":[3,1],"54":[4,5],"55":[9,4],"56":[3,1],"57":[4,5],"58":[4,8],"59":[4,5],"60":[4,8],"61":[54,54],"62":[0,4],"63":[4,0],"64":[4,0],"65":[4,0],"66":[4,5],"67":[3,1],"68":[4,5],"69":[4,5],"70":[9,4]},"meta":{"lastBranch":71,"lastFunction":9,"lastStatement":350,"seen":{"s:1:9:1:Infinity":0,"s:1:40:1:Infinity":1,"s:15:26:15:Infinity":2,"s:16:20:16:Infinity":3,"f:17:9:17:26":0,"s:18:15:18:Infinity":4,"s:19:15:19:Infinity":5,"s:20:2:20:Infinity":6,"s:23:17:23:Infinity":7,"s:25:17:62:Infinity":8,"s:64:22:70:Infinity":9,"s:72:14:78:Infinity":10,"s:80:19:84:Infinity":11,"s:86:25:101:Infinity":12,"s:103:17:107:Infinity":13,"s:109:21:114:Infinity":14,"s:116:27:122:Infinity":15,"s:124:14:127:Infinity":16,"s:129:27:133:Infinity":17,"s:135:17:151:Infinity":18,"s:153:19:157:Infinity":19,"s:159:18:168:Infinity":20,"s:170:18:179:Infinity":21,"s:181:20:181:Infinity":22,"s:183:18:192:Infinity":23,"s:194:14:201:Infinity":24,"f:204:15:204:25":1,"s:205:14:205:Infinity":25,"s:206:2:206:Infinity":26,"f:209:15:209:28":2,"s:210:12:213:Infinity":27,"s:214:2:214:Infinity":28,"b:214:9:214:26:214:26:214:Infinity":0,"f:217:22:217:48":3,"s:218:14:218:Infinity":29,"s:219:23:219:Infinity":30,"s:220:22:220:Infinity":31,"s:221:16:221:Infinity":32,"b:222:2:235:Infinity:undefined:undefined:undefined:undefined":1,"s:222:2:235:Infinity":33,"s:224:14:230:Infinity":34,"s:231:4:231:Infinity":35,"b:232:4:234:Infinity:undefined:undefined:undefined:undefined":2,"s:232:4:234:Infinity":36,"s:233:6:233:Infinity":37,"s:238:2:238:Infinity":38,"s:239:2:246:Infinity":39,"s:240:4:245:Infinity":40,"s:249:2:249:Infinity":41,"s:250:19:250:Infinity":42,"s:251:2:266:Infinity":43,"s:252:21:252:Infinity":44,"b:252:39:252:71:252:71:252:Infinity":3,"s:253:14:259:Infinity":45,"b:258:100:258:115:258:115:258:119":4,"s:260:13:260:Infinity":46,"b:261:4:264:Infinity:undefined:undefined:undefined:undefined":5,"s:261:4:264:Infinity":47,"s:262:18:262:Infinity":48,"s:263:6:263:Infinity":49,"b:265:4:265:Infinity:undefined:undefined:undefined:undefined":6,"s:265:4:265:Infinity":50,"s:265:12:265:Infinity":51,"s:269:2:269:Infinity":52,"s:270:23:270:Infinity":53,"s:271:2:288:Infinity":54,"s:272:20:272:Infinity":55,"b:272:31:272:56:272:56:272:Infinity":7,"s:273:19:273:Infinity":56,"b:273:29:273:53:273:53:273:Infinity":8,"s:274:18:274:Infinity":57,"b:274:27:274:50:274:50:274:Infinity":9,"s:275:14:281:Infinity":58,"s:282:13:282:Infinity":59,"b:283:4:286:Infinity:undefined:undefined:undefined:undefined":10,"s:283:4:286:Infinity":60,"s:284:18:284:Infinity":61,"s:285:6:285:Infinity":62,"b:287:4:287:Infinity:undefined:undefined:undefined:undefined":11,"s:287:4:287:Infinity":63,"s:287:12:287:Infinity":64,"s:291:2:291:Infinity":65,"s:292:2:299:Infinity":66,"s:293:4:298:Infinity":67,"s:302:2:302:Infinity":68,"s:303:2:310:Infinity":69,"s:304:4:309:Infinity":70,"s:313:2:313:Infinity":71,"s:314:2:322:Infinity":72,"s:315:22:315:Infinity":73,"s:316:4:321:Infinity":74,"s:325:2:325:Infinity":75,"s:326:2:335:Infinity":76,"s:327:22:327:Infinity":77,"b:328:4:328:Infinity:undefined:undefined:undefined:undefined":12,"s:328:4:328:Infinity":78,"s:328:20:328:Infinity":79,"s:329:4:334:Infinity":80,"s:338:2:338:Infinity":81,"s:339:2:346:Infinity":82,"s:340:4:345:Infinity":83,"s:349:2:349:Infinity":84,"s:350:2:355:Infinity":85,"s:358:2:358:Infinity":86,"s:359:20:367:Infinity":87,"s:368:2:375:Infinity":88,"s:369:4:374:Infinity":89,"s:378:2:378:Infinity":90,"s:379:2:386:Infinity":91,"s:380:4:385:Infinity":92,"s:389:2:389:Infinity":93,"s:390:2:397:Infinity":94,"s:391:4:396:Infinity":95,"s:400:2:400:Infinity":96,"s:401:22:401:Infinity":97,"s:402:2:416:Infinity":98,"s:403:14:409:Infinity":99,"s:410:13:410:Infinity":100,"b:411:4:414:Infinity:undefined:undefined:undefined:undefined":13,"s:411:4:414:Infinity":101,"s:412:18:412:Infinity":102,"s:413:6:413:Infinity":103,"b:415:4:415:Infinity:undefined:undefined:undefined:undefined":14,"s:415:4:415:Infinity":104,"s:415:12:415:Infinity":105,"s:417:20:417:Infinity":106,"s:420:2:420:Infinity":107,"s:421:26:421:Infinity":108,"s:422:2:447:Infinity":109,"s:423:19:423:Infinity":110,"b:423:19:423:47:423:47:423:Infinity":15,"s:424:14:430:Infinity":111,"s:431:13:431:Infinity":112,"b:432:4:435:Infinity:undefined:undefined:undefined:undefined":16,"s:432:4:435:Infinity":113,"s:433:18:433:Infinity":114,"s:434:6:434:Infinity":115,"b:436:4:446:Infinity:undefined:undefined:undefined:undefined":17,"s:436:4:446:Infinity":116,"s:437:6:437:Infinity":117,"b:438:6:445:Infinity:undefined:undefined:undefined:undefined":18,"s:438:6:445:Infinity":118,"s:439:8:444:Infinity":119,"s:450:2:450:Infinity":120,"s:451:21:451:Infinity":121,"s:452:2:466:Infinity":122,"s:453:14:459:Infinity":123,"s:460:13:460:Infinity":124,"b:461:4:464:Infinity:undefined:undefined:undefined:undefined":19,"s:461:4:464:Infinity":125,"s:462:18:462:Infinity":126,"s:463:6:463:Infinity":127,"b:465:4:465:Infinity:undefined:undefined:undefined:undefined":20,"s:465:4:465:Infinity":128,"s:465:12:465:Infinity":129,"s:467:19:467:Infinity":130,"s:470:2:470:Infinity":131,"b:471:2:492:Infinity:undefined:undefined:undefined:undefined":21,"s:471:2:492:Infinity":132,"s:472:22:472:Infinity":133,"s:473:12:473:Infinity":134,"s:474:4:491:Infinity":135,"s:475:18:475:Infinity":136,"b:475:47:475:62:475:62:475:Infinity":22,"s:476:23:476:Infinity":137,"s:477:6:482:Infinity":138,"s:484:6:489:Infinity":139,"s:490:6:490:Infinity":140,"s:495:2:495:Infinity":141,"s:496:23:496:Infinity":142,"s:497:2:511:Infinity":143,"s:498:14:504:Infinity":144,"s:505:13:505:Infinity":145,"b:506:4:509:Infinity:undefined:undefined:undefined:undefined":23,"s:506:4:509:Infinity":146,"s:507:18:507:Infinity":147,"s:508:6:508:Infinity":148,"b:510:4:510:Infinity:undefined:undefined:undefined:undefined":24,"s:510:4:510:Infinity":149,"s:510:12:510:Infinity":150,"s:512:24:512:Infinity":151,"s:513:2:528:Infinity":152,"s:514:19:514:Infinity":153,"s:515:14:521:Infinity":154,"s:522:13:522:Infinity":155,"b:523:4:526:Infinity:undefined:undefined:undefined:undefined":25,"s:523:4:526:Infinity":156,"s:524:18:524:Infinity":157,"s:525:6:525:Infinity":158,"b:527:4:527:Infinity:undefined:undefined:undefined:undefined":26,"s:527:4:527:Infinity":159,"s:527:12:527:Infinity":160,"s:531:2:531:Infinity":161,"s:532:2:539:Infinity":162,"s:533:4:538:Infinity":163,"b:542:2:576:Infinity:undefined:undefined:undefined:undefined":27,"s:542:2:576:Infinity":164,"s:543:4:543:Infinity":165,"s:544:25:550:Infinity":166,"s:551:15:551:Infinity":167,"b:552:4:555:Infinity:undefined:undefined:undefined:undefined":28,"s:552:4:555:Infinity":168,"s:553:18:553:Infinity":169,"s:554:6:554:Infinity":170,"b:556:4:575:Infinity:undefined:undefined:undefined:undefined":29,"s:556:4:575:Infinity":171,"s:557:18:557:Infinity":172,"s:558:6:571:Infinity":173,"s:559:23:559:Infinity":174,"s:560:27:560:Infinity":175,"b:560:38:560:69:560:69:560:70":30,"s:561:27:561:Infinity":176,"s:562:27:562:Infinity":177,"s:563:20:563:Infinity":178,"s:564:8:564:Infinity":179,"s:565:8:570:Infinity":180,"b:572:6:574:Infinity:undefined:undefined:undefined:undefined":31,"s:572:6:574:Infinity":181,"s:573:8:573:Infinity":182,"s:579:2:579:Infinity":183,"f:581:17:581:32":4,"s:582:14:582:Infinity":184,"s:583:4:583:Infinity":185,"s:585:24:585:Infinity":186,"s:586:23:586:Infinity":187,"s:587:18:587:Infinity":188,"s:588:2:588:Infinity":189,"s:588:46:588:84":190,"b:588:84:588:123:undefined:undefined:undefined:undefined":32,"s:588:84:588:123":191,"s:588:92:588:123":192,"s:589:20:589:Infinity":193,"s:590:2:593:Infinity":194,"s:591:14:591:Infinity":195,"b:592:4:592:Infinity:undefined:undefined:undefined:undefined":33,"s:592:4:592:Infinity":196,"s:592:19:592:Infinity":197,"b:594:2:630:Infinity:undefined:undefined:undefined:undefined":34,"s:594:2:630:Infinity":198,"b:594:6:594:29:594:29:594:52":35,"s:595:27:601:Infinity":199,"s:602:4:629:Infinity":200,"s:603:23:603:Infinity":201,"f:603:33:603:41":5,"s:603:50:603:104":202,"s:604:24:604:Infinity":203,"s:605:26:605:Infinity":204,"s:606:21:612:Infinity":205,"s:613:18:613:Infinity":206,"b:614:6:617:Infinity:undefined:undefined:undefined:undefined":36,"s:614:6:617:Infinity":207,"s:615:20:615:Infinity":208,"s:616:8:616:Infinity":209,"b:618:6:628:Infinity:undefined:undefined:undefined:undefined":37,"s:618:6:628:Infinity":210,"s:619:8:627:Infinity":211,"s:620:20:620:Infinity":212,"s:621:28:621:Infinity":213,"s:622:10:626:Infinity":214,"s:633:2:633:Infinity":215,"s:634:24:634:Infinity":216,"s:635:17:635:Infinity":217,"s:636:2:636:Infinity":218,"s:636:46:636:84":219,"b:636:84:636:122:undefined:undefined:undefined:undefined":38,"s:636:84:636:122":220,"s:636:92:636:122":221,"b:637:2:667:Infinity:undefined:undefined:undefined:undefined":39,"s:637:2:667:Infinity":222,"b:637:6:637:28:637:28:637:51":40,"s:638:22:642:Infinity":223,"s:643:4:666:Infinity":224,"s:644:20:644:Infinity":225,"f:644:29:644:37":6,"s:644:46:644:69":226,"s:645:21:651:Infinity":227,"s:652:17:652:Infinity":228,"b:653:6:656:Infinity:undefined:undefined:undefined:undefined":41,"s:653:6:656:Infinity":229,"s:654:20:654:Infinity":230,"s:655:8:655:Infinity":231,"b:657:6:665:Infinity:undefined:undefined:undefined:undefined":42,"s:657:6:665:Infinity":232,"s:658:8:664:Infinity":233,"s:659:10:663:Infinity":234,"s:670:2:670:Infinity":235,"b:671:2:703:Infinity:undefined:undefined:undefined:undefined":43,"s:671:2:703:Infinity":236,"b:671:6:671:28:671:28:671:51":44,"s:672:22:676:Infinity":237,"s:677:4:702:Infinity":238,"s:678:23:678:Infinity":239,"f:678:32:678:40":7,"s:678:49:678:72":240,"s:679:24:679:Infinity":241,"s:680:20:680:Infinity":242,"s:681:21:687:Infinity":243,"s:688:17:688:Infinity":244,"b:689:6:692:Infinity:undefined:undefined:undefined:undefined":45,"s:689:6:692:Infinity":245,"s:690:20:690:Infinity":246,"s:691:8:691:Infinity":247,"b:693:6:701:Infinity:undefined:undefined:undefined:undefined":46,"s:693:6:701:Infinity":248,"s:694:8:700:Infinity":249,"s:695:10:699:Infinity":250,"s:706:2:706:Infinity":251,"b:707:2:741:Infinity:undefined:undefined:undefined:undefined":47,"s:707:2:741:Infinity":252,"b:707:6:707:29:707:29:707:52":48,"s:708:25:711:Infinity":253,"s:712:4:740:Infinity":254,"s:713:20:716:Infinity":255,"f:713:28:713:36":8,"s:714:18:714:Infinity":256,"s:715:8:715:Infinity":257,"s:717:21:723:Infinity":258,"s:724:16:724:Infinity":259,"b:725:6:728:Infinity:undefined:undefined:undefined:undefined":49,"s:725:6:728:Infinity":260,"s:726:20:726:Infinity":261,"s:727:8:727:Infinity":262,"b:729:6:739:Infinity:undefined:undefined:undefined:undefined":50,"s:729:6:739:Infinity":263,"s:730:8:738:Infinity":264,"s:731:20:731:Infinity":265,"s:732:28:732:Infinity":266,"s:733:10:737:Infinity":267,"s:744:2:744:Infinity":268,"s:745:8:745:Infinity":269,"b:746:2:767:Infinity:undefined:undefined:undefined:undefined":51,"s:746:2:767:Infinity":270,"b:746:6:746:23:746:23:746:45":52,"s:747:22:747:Infinity":271,"s:748:14:748:Infinity":272,"s:749:21:749:Infinity":273,"s:750:22:750:Infinity":274,"s:751:24:751:Infinity":275,"s:752:19:758:Infinity":276,"s:759:18:759:Infinity":277,"b:760:4:766:Infinity:undefined:undefined:undefined:undefined":53,"s:760:4:766:Infinity":278,"s:761:6:765:Infinity":279,"s:770:2:770:Infinity":280,"s:771:8:771:Infinity":281,"b:772:2:794:Infinity:undefined:undefined:undefined:undefined":54,"s:772:2:794:Infinity":282,"b:772:6:772:18:772:18:772:40":55,"s:773:22:773:Infinity":283,"s:774:14:774:Infinity":284,"s:775:22:775:Infinity":285,"s:776:21:776:Infinity":286,"s:777:22:777:Infinity":287,"s:778:24:778:Infinity":288,"s:779:19:785:Infinity":289,"s:786:18:786:Infinity":290,"b:787:4:793:Infinity:undefined:undefined:undefined:undefined":56,"s:787:4:793:Infinity":291,"s:788:6:792:Infinity":292,"s:797:2:797:Infinity":293,"b:798:2:812:Infinity:undefined:undefined:undefined:undefined":57,"s:798:2:812:Infinity":294,"s:799:20:799:Infinity":295,"s:800:19:800:Infinity":296,"s:801:4:811:Infinity":297,"s:801:17:801:20":298,"s:802:21:802:Infinity":299,"s:803:21:803:Infinity":300,"s:804:19:804:Infinity":301,"s:805:6:810:Infinity":302,"b:809:84:809:93:809:93:809:101":58,"s:815:2:815:Infinity":303,"b:816:2:832:Infinity:undefined:undefined:undefined:undefined":59,"s:816:2:832:Infinity":304,"s:817:20:817:Infinity":305,"s:818:19:818:Infinity":306,"s:819:19:819:Infinity":307,"s:820:18:820:Infinity":308,"s:821:4:831:Infinity":309,"s:821:17:821:20":310,"s:822:21:822:Infinity":311,"s:823:21:823:Infinity":312,"s:824:19:824:Infinity":313,"s:825:6:830:Infinity":314,"b:829:89:829:98:829:98:829:106":60,"s:835:2:835:Infinity":315,"s:836:2:843:Infinity":316,"s:837:4:842:Infinity":317,"b:841:105:841:119:841:119:841:123":61,"s:846:18:846:Infinity":318,"s:847:2:859:Infinity":319,"s:847:15:847:18":320,"s:848:16:848:Infinity":321,"b:849:4:849:Infinity:undefined:undefined:undefined:undefined":62,"s:849:4:849:Infinity":322,"s:849:14:849:Infinity":323,"s:850:21:850:Infinity":324,"b:850:31:850:57:850:57:850:Infinity":63,"s:851:21:851:Infinity":325,"b:851:31:851:44:851:44:851:Infinity":64,"s:852:21:852:Infinity":326,"b:852:31:852:40:852:40:852:Infinity":65,"s:853:4:858:Infinity":327,"s:862:2:862:Infinity":328,"b:863:2:885:Infinity:undefined:undefined:undefined:undefined":66,"s:863:2:885:Infinity":329,"s:864:19:870:Infinity":330,"s:871:18:871:Infinity":331,"b:872:4:884:Infinity:undefined:undefined:undefined:undefined":67,"s:872:4:884:Infinity":332,"s:873:6:877:Infinity":333,"s:878:6:883:Infinity":334,"s:888:2:888:Infinity":335,"s:889:18:889:Infinity":336,"s:890:17:890:Infinity":337,"b:891:2:916:Infinity:undefined:undefined:undefined:undefined":68,"s:891:2:916:Infinity":338,"s:892:4:897:Infinity":339,"s:898:4:903:Infinity":340,"s:904:4:909:Infinity":341,"s:910:4:915:Infinity":342,"s:919:2:919:Infinity":343,"s:920:16:920:Infinity":344,"s:921:22:921:Infinity":345,"b:922:2:930:Infinity:undefined:undefined:undefined:undefined":69,"s:922:2:930:Infinity":346,"b:922:6:922:30:922:30:922:43":70,"s:923:18:923:Infinity":347,"s:924:4:929:Infinity":348,"s:932:2:932:Infinity":349},"fnNames":{}}}
,"E:\\MaghzAccountApp\\MaghzAccountFlash35\\src\\app\\layout.tsx": {"path":"E:\\MaghzAccountApp\\MaghzAccountFlash35\\src\\app\\layout.tsx","statementMap":{"0":{"start":{"line":41,"column":30},"end":{"line":176,"column":null}},"1":{"start":{"line":179,"column":10},"end":{"line":179,"column":null}},"2":{"start":{"line":180,"column":8},"end":{"line":180,"column":null}},"3":{"start":{"line":181,"column":8},"end":{"line":181,"column":null}},"4":{"start":{"line":182,"column":8},"end":{"line":182,"column":null}},"5":{"start":{"line":182,"column":39},"end":{"line":182,"column":49}},"6":{"start":{"line":183,"column":26},"end":{"line":188,"column":null}},"7":{"start":{"line":185,"column":7},"end":{"line":185,"column":null}},"8":{"start":{"line":185,"column":42},"end":{"line":185,"column":110}},"9":{"start":{"line":189,"column":22},"end":{"line":189,"column":null}},"10":{"start":{"line":190,"column":19},"end":{"line":190,"column":null}},"11":{"start":{"line":191,"column":21},"end":{"line":191,"column":null}},"12":{"start":{"line":193,"column":2},"end":{"line":193,"column":null}},"13":{"start":{"line":193,"column":16},"end":{"line":193,"column":null}},"14":{"start":{"line":195,"column":2},"end":{"line":248,"column":null}},"15":{"start":{"line":200,"column":10},"end":{"line":203,"column":null}},"16":{"start":{"line":201,"column":12},"end":{"line":201,"column":null}},"17":{"start":{"line":202,"column":12},"end":{"line":202,"column":null}},"18":{"start":{"line":230,"column":32},"end":{"line":230,"column":null}},"19":{"start":{"line":231,"column":12},"end":{"line":243,"column":null}},"20":{"start":{"line":252,"column":13},"end":{"line":300,"column":null}},"21":{"start":{"line":253,"column":10},"end":{"line":253,"column":null}},"22":{"start":{"line":254,"column":8},"end":{"line":254,"column":null}},"23":{"start":{"line":254,"column":45},"end":{"line":254,"column":62}},"24":{"start":{"line":255,"column":8},"end":{"line":255,"column":null}},"25":{"start":{"line":255,"column":47},"end":{"line":255,"column":66}},"26":{"start":{"line":257,"column":2},"end":{"line":298,"column":null}},"27":{"start":{"line":283,"column":10},"end":{"line":283,"column":null}},"28":{"start":{"line":302,"column":13},"end":{"line":368,"column":null}},"29":{"start":{"line":303,"column":10},"end":{"line":303,"column":null}},"30":{"start":{"line":304,"column":8},"end":{"line":304,"column":null}},"31":{"start":{"line":304,"column":39},"end":{"line":304,"column":50}},"32":{"start":{"line":305,"column":8},"end":{"line":305,"column":null}},"33":{"start":{"line":305,"column":45},"end":{"line":305,"column":62}},"34":{"start":{"line":306,"column":8},"end":{"line":306,"column":null}},"35":{"start":{"line":306,"column":42},"end":{"line":306,"column":56}},"36":{"start":{"line":307,"column":8},"end":{"line":307,"column":null}},"37":{"start":{"line":307,"column":45},"end":{"line":307,"column":62}},"38":{"start":{"line":308,"column":8},"end":{"line":308,"column":null}},"39":{"start":{"line":308,"column":47},"end":{"line":308,"column":66}},"40":{"start":{"line":309,"column":8},"end":{"line":309,"column":null}},"41":{"start":{"line":309,"column":39},"end":{"line":309,"column":49}},"42":{"start":{"line":310,"column":8},"end":{"line":310,"column":null}},"43":{"start":{"line":310,"column":41},"end":{"line":310,"column":53}},"44":{"start":{"line":311,"column":8},"end":{"line":311,"column":null}},"45":{"start":{"line":313,"column":8},"end":{"line":316,"column":null}},"46":{"start":{"line":314,"column":4},"end":{"line":314,"column":null}},"47":{"start":{"line":315,"column":4},"end":{"line":315,"column":null}},"48":{"start":{"line":318,"column":2},"end":{"line":366,"column":null}},"49":{"start":{"line":350,"column":25},"end":{"line":350,"column":null}},"50":{"start":{"line":370,"column":13},"end":{"line":412,"column":null}},"51":{"start":{"line":371,"column":8},"end":{"line":371,"column":null}},"52":{"start":{"line":371,"column":50},"end":{"line":371,"column":71}},"53":{"start":{"line":372,"column":8},"end":{"line":372,"column":null}},"54":{"start":{"line":372,"column":49},"end":{"line":372,"column":69}},"55":{"start":{"line":373,"column":8},"end":{"line":373,"column":null}},"56":{"start":{"line":373,"column":47},"end":{"line":373,"column":65}},"57":{"start":{"line":374,"column":8},"end":{"line":374,"column":null}},"58":{"start":{"line":376,"column":8},"end":{"line":380,"column":null}},"59":{"start":{"line":377,"column":4},"end":{"line":379,"column":null}},"60":{"start":{"line":378,"column":6},"end":{"line":378,"column":null}},"61":{"start":{"line":382,"column":2},"end":{"line":398,"column":null}},"62":{"start":{"line":383,"column":4},"end":{"line":383,"column":null}},"63":{"start":{"line":383,"column":26},"end":{"line":383,"column":null}},"64":{"start":{"line":385,"column":19},"end":{"line":385,"column":null}},"65":{"start":{"line":386,"column":4},"end":{"line":386,"column":null}},"66":{"start":{"line":386,"column":30},"end":{"line":386,"column":95}},"67":{"start":{"line":388,"column":21},"end":{"line":392,"column":null}},"68":{"start":{"line":389,"column":6},"end":{"line":391,"column":null}},"69":{"start":{"line":390,"column":8},"end":{"line":390,"column":null}},"70":{"start":{"line":394,"column":4},"end":{"line":397,"column":null}},"71":{"start":{"line":395,"column":6},"end":{"line":395,"column":null}},"72":{"start":{"line":395,"column":32},"end":{"line":395,"column":81}},"73":{"start":{"line":396,"column":6},"end":{"line":396,"column":null}},"74":{"start":{"line":400,"column":2},"end":{"line":410,"column":null}}},"fnMap":{"0":{"name":"SidebarItem","decl":{"start":{"line":178,"column":9},"end":{"line":178,"column":21}},"loc":{"start":{"line":178,"column":86},"end":{"line":250,"column":null}},"line":178},"1":{"name":"(anonymous_1)","decl":{"start":{"line":182,"column":15},"end":{"line":182,"column":29}},"loc":{"start":{"line":182,"column":39},"end":{"line":182,"column":49}},"line":182},"2":{"name":"(anonymous_2)","decl":{"start":{"line":185,"column":7},"end":{"line":185,"column":12}},"loc":{"start":{"line":185,"column":7},"end":{"line":185,"column":null}},"line":185},"3":{"name":"(anonymous_3)","decl":{"start":{"line":185,"column":28},"end":{"line":185,"column":36}},"loc":{"start":{"line":185,"column":42},"end":{"line":185,"column":110}},"line":185},"4":{"name":"(anonymous_4)","decl":{"start":{"line":199,"column":8},"end":{"line":199,"column":18}},"loc":{"start":{"line":199,"column":24},"end":{"line":204,"column":null}},"line":199},"5":{"name":"(anonymous_5)","decl":{"start":{"line":229,"column":27},"end":{"line":229,"column":32}},"loc":{"start":{"line":229,"column":42},"end":{"line":245,"column":11}},"line":229},"6":{"name":"(anonymous_6)","decl":{"start":{"line":252,"column":13},"end":{"line":252,"column":39}},"loc":{"start":{"line":252,"column":39},"end":{"line":300,"column":null}},"line":252},"7":{"name":"(anonymous_7)","decl":{"start":{"line":254,"column":22},"end":{"line":254,"column":35}},"loc":{"start":{"line":254,"column":45},"end":{"line":254,"column":62}},"line":254},"8":{"name":"(anonymous_8)","decl":{"start":{"line":255,"column":24},"end":{"line":255,"column":37}},"loc":{"start":{"line":255,"column":47},"end":{"line":255,"column":66}},"line":255},"9":{"name":"(anonymous_9)","decl":{"start":{"line":282,"column":19},"end":{"line":282,"column":24}},"loc":{"start":{"line":283,"column":10},"end":{"line":283,"column":null}},"line":283},"10":{"name":"(anonymous_10)","decl":{"start":{"line":302,"column":13},"end":{"line":302,"column":38}},"loc":{"start":{"line":302,"column":38},"end":{"line":368,"column":null}},"line":302},"11":{"name":"(anonymous_11)","decl":{"start":{"line":304,"column":16},"end":{"line":304,"column":29}},"loc":{"start":{"line":304,"column":39},"end":{"line":304,"column":50}},"line":304},"12":{"name":"(anonymous_12)","decl":{"start":{"line":305,"column":22},"end":{"line":305,"column":35}},"loc":{"start":{"line":305,"column":45},"end":{"line":305,"column":62}},"line":305},"13":{"name":"(anonymous_13)","decl":{"start":{"line":306,"column":19},"end":{"line":306,"column":32}},"loc":{"start":{"line":306,"column":42},"end":{"line":306,"column":56}},"line":306},"14":{"name":"(anonymous_14)","decl":{"start":{"line":307,"column":22},"end":{"line":307,"column":35}},"loc":{"start":{"line":307,"column":45},"end":{"line":307,"column":62}},"line":307},"15":{"name":"(anonymous_15)","decl":{"start":{"line":308,"column":24},"end":{"line":308,"column":37}},"loc":{"start":{"line":308,"column":47},"end":{"line":308,"column":66}},"line":308},"16":{"name":"(anonymous_16)","decl":{"start":{"line":309,"column":15},"end":{"line":309,"column":29}},"loc":{"start":{"line":309,"column":39},"end":{"line":309,"column":49}},"line":309},"17":{"name":"(anonymous_17)","decl":{"start":{"line":310,"column":17},"end":{"line":310,"column":31}},"loc":{"start":{"line":310,"column":41},"end":{"line":310,"column":53}},"line":310},"18":{"name":"(anonymous_18)","decl":{"start":{"line":313,"column":8},"end":{"line":313,"column":29}},"loc":{"start":{"line":313,"column":29},"end":{"line":316,"column":null}},"line":313},"19":{"name":"(anonymous_19)","decl":{"start":{"line":350,"column":10},"end":{"line":350,"column":25}},"loc":{"start":{"line":350,"column":25},"end":{"line":350,"column":null}},"line":350},"20":{"name":"(anonymous_20)","decl":{"start":{"line":370,"column":13},"end":{"line":370,"column":31}},"loc":{"start":{"line":370,"column":31},"end":{"line":412,"column":null}},"line":370},"21":{"name":"(anonymous_21)","decl":{"start":{"line":371,"column":26},"end":{"line":371,"column":40}},"loc":{"start":{"line":371,"column":50},"end":{"line":371,"column":71}},"line":371},"22":{"name":"(anonymous_22)","decl":{"start":{"line":372,"column":25},"end":{"line":372,"column":39}},"loc":{"start":{"line":372,"column":49},"end":{"line":372,"column":69}},"line":372},"23":{"name":"(anonymous_23)","decl":{"start":{"line":373,"column":23},"end":{"line":373,"column":37}},"loc":{"start":{"line":373,"column":47},"end":{"line":373,"column":65}},"line":373},"24":{"name":"(anonymous_24)","decl":{"start":{"line":376,"column":25},"end":{"line":376,"column":43}},"loc":{"start":{"line":376,"column":43},"end":{"line":380,"column":5}},"line":376},"25":{"name":"(anonymous_25)","decl":{"start":{"line":382,"column":2},"end":{"line":382,"column":18}},"loc":{"start":{"line":382,"column":18},"end":{"line":398,"column":5}},"line":382},"26":{"name":"(anonymous_26)","decl":{"start":{"line":386,"column":11},"end":{"line":386,"column":20}},"loc":{"start":{"line":386,"column":30},"end":{"line":386,"column":95}},"line":386},"27":{"name":"(anonymous_27)","decl":{"start":{"line":388,"column":21},"end":{"line":388,"column":39}},"loc":{"start":{"line":388,"column":39},"end":{"line":392,"column":7}},"line":388},"28":{"name":"(anonymous_28)","decl":{"start":{"line":394,"column":4},"end":{"line":394,"column":17}},"loc":{"start":{"line":394,"column":17},"end":{"line":397,"column":null}},"line":394},"29":{"name":"(anonymous_29)","decl":{"start":{"line":395,"column":13},"end":{"line":395,"column":22}},"loc":{"start":{"line":395,"column":32},"end":{"line":395,"column":81}},"line":395}},"branchMap":{"0":{"loc":{"start":{"line":185,"column":7},"end":{"line":185,"column":28}},"type":"binary-expr","locations":[{"start":{"line":185,"column":7},"end":{"line":185,"column":24}},{"start":{"line":185,"column":24},"end":{"line":185,"column":28}}],"line":185},"1":{"loc":{"start":{"line":185,"column":42},"end":{"line":185,"column":110}},"type":"binary-expr","locations":[{"start":{"line":185,"column":42},"end":{"line":185,"column":59}},{"start":{"line":185,"column":59},"end":{"line":185,"column":110}}],"line":185},"2":{"loc":{"start":{"line":190,"column":19},"end":{"line":190,"column":null}},"type":"binary-expr","locations":[{"start":{"line":190,"column":19},"end":{"line":190,"column":54}},{"start":{"line":190,"column":54},"end":{"line":190,"column":null}}],"line":190},"3":{"loc":{"start":{"line":193,"column":2},"end":{"line":193,"column":null}},"type":"if","locations":[{"start":{"line":193,"column":2},"end":{"line":193,"column":null}},{"start":{},"end":{}}],"line":193},"4":{"loc":{"start":{"line":200,"column":10},"end":{"line":203,"column":null}},"type":"if","locations":[{"start":{"line":200,"column":10},"end":{"line":203,"column":null}},{"start":{},"end":{}}],"line":200},"5":{"loc":{"start":{"line":207,"column":10},"end":{"line":209,"column":null}},"type":"cond-expr","locations":[{"start":{"line":208,"column":14},"end":{"line":208,"column":null}},{"start":{"line":209,"column":14},"end":{"line":209,"column":null}}],"line":207},"6":{"loc":{"start":{"line":211,"column":15},"end":{"line":211,"column":null}},"type":"cond-expr","locations":[{"start":{"line":211,"column":30},"end":{"line":211,"column":49}},{"start":{"line":211,"column":49},"end":{"line":211,"column":null}}],"line":211},"7":{"loc":{"start":{"line":214,"column":9},"end":{"line":225,"column":null}},"type":"binary-expr","locations":[{"start":{"line":214,"column":9},"end":{"line":214,"column":null}},{"start":{"line":215,"column":10},"end":{"line":225,"column":null}}],"line":214},"8":{"loc":{"start":{"line":217,"column":13},"end":{"line":223,"column":null}},"type":"binary-expr","locations":[{"start":{"line":217,"column":13},"end":{"line":217,"column":null}},{"start":{"line":218,"column":14},"end":{"line":223,"column":null}}],"line":217},"9":{"loc":{"start":{"line":220,"column":67},"end":{"line":220,"column":93}},"type":"binary-expr","locations":[{"start":{"line":220,"column":67},"end":{"line":220,"column":81}},{"start":{"line":220,"column":81},"end":{"line":220,"column":93}}],"line":220},"10":{"loc":{"start":{"line":227,"column":7},"end":{"line":248,"column":null}},"type":"binary-expr","locations":[{"start":{"line":227,"column":7},"end":{"line":227,"column":22}},{"start":{"line":227,"column":22},"end":{"line":227,"column":37}},{"start":{"line":227,"column":37},"end":{"line":227,"column":null}},{"start":{"line":228,"column":8},"end":{"line":248,"column":null}}],"line":227},"11":{"loc":{"start":{"line":237,"column":18},"end":{"line":239,"column":null}},"type":"cond-expr","locations":[{"start":{"line":238,"column":22},"end":{"line":238,"column":null}},{"start":{"line":239,"column":22},"end":{"line":239,"column":null}}],"line":237},"12":{"loc":{"start":{"line":261,"column":8},"end":{"line":261,"column":null}},"type":"cond-expr","locations":[{"start":{"line":261,"column":22},"end":{"line":261,"column":31}},{"start":{"line":261,"column":31},"end":{"line":261,"column":null}}],"line":261},"13":{"loc":{"start":{"line":266,"column":9},"end":{"line":276,"column":null}},"type":"cond-expr","locations":[{"start":{"line":267,"column":10},"end":{"line":274,"column":11}},{"start":{"line":274,"column":10},"end":{"line":276,"column":null}}],"line":266},"14":{"loc":{"start":{"line":292,"column":17},"end":{"line":292,"column":null}},"type":"cond-expr","locations":[{"start":{"line":292,"column":31},"end":{"line":292,"column":61}},{"start":{"line":292,"column":61},"end":{"line":292,"column":null}}],"line":292},"15":{"loc":{"start":{"line":293,"column":22},"end":{"line":293,"column":null}},"type":"cond-expr","locations":[{"start":{"line":293,"column":36},"end":{"line":293,"column":66}},{"start":{"line":293,"column":66},"end":{"line":293,"column":null}}],"line":293},"16":{"loc":{"start":{"line":295,"column":11},"end":{"line":295,"column":null}},"type":"cond-expr","locations":[{"start":{"line":295,"column":25},"end":{"line":295,"column":54}},{"start":{"line":295,"column":53},"end":{"line":295,"column":null}}],"line":295},"17":{"loc":{"start":{"line":321,"column":9},"end":{"line":325,"column":null}},"type":"binary-expr","locations":[{"start":{"line":321,"column":9},"end":{"line":321,"column":null}},{"start":{"line":322,"column":10},"end":{"line":325,"column":null}}],"line":321},"18":{"loc":{"start":{"line":330,"column":9},"end":{"line":344,"column":null}},"type":"binary-expr","locations":[{"start":{"line":330,"column":9},"end":{"line":330,"column":null}},{"start":{"line":331,"column":10},"end":{"line":344,"column":null}}],"line":330},"19":{"loc":{"start":{"line":350,"column":37},"end":{"line":350,"column":68}},"type":"cond-expr","locations":[{"start":{"line":350,"column":57},"end":{"line":350,"column":64}},{"start":{"line":350,"column":64},"end":{"line":350,"column":68}}],"line":350},"20":{"loc":{"start":{"line":352,"column":17},"end":{"line":352,"column":null}},"type":"cond-expr","locations":[{"start":{"line":352,"column":37},"end":{"line":352,"column":67}},{"start":{"line":352,"column":67},"end":{"line":352,"column":null}}],"line":352},"21":{"loc":{"start":{"line":353,"column":22},"end":{"line":353,"column":null}},"type":"cond-expr","locations":[{"start":{"line":353,"column":42},"end":{"line":353,"column":72}},{"start":{"line":353,"column":72},"end":{"line":353,"column":null}}],"line":353},"22":{"loc":{"start":{"line":360,"column":17},"end":{"line":360,"column":null}},"type":"cond-expr","locations":[{"start":{"line":360,"column":36},"end":{"line":360,"column":60}},{"start":{"line":360,"column":60},"end":{"line":360,"column":null}}],"line":360},"23":{"loc":{"start":{"line":361,"column":22},"end":{"line":361,"column":null}},"type":"cond-expr","locations":[{"start":{"line":361,"column":41},"end":{"line":361,"column":65}},{"start":{"line":361,"column":65},"end":{"line":361,"column":null}}],"line":361},"24":{"loc":{"start":{"line":363,"column":11},"end":{"line":363,"column":null}},"type":"cond-expr","locations":[{"start":{"line":363,"column":30},"end":{"line":363,"column":51}},{"start":{"line":363,"column":50},"end":{"line":363,"column":null}}],"line":363},"25":{"loc":{"start":{"line":377,"column":4},"end":{"line":379,"column":null}},"type":"if","locations":[{"start":{"line":377,"column":4},"end":{"line":379,"column":null}},{"start":{},"end":{}}],"line":377},"26":{"loc":{"start":{"line":383,"column":4},"end":{"line":383,"column":null}},"type":"if","locations":[{"start":{"line":383,"column":4},"end":{"line":383,"column":null}},{"start":{},"end":{}}],"line":383},"27":{"loc":{"start":{"line":389,"column":6},"end":{"line":391,"column":null}},"type":"if","locations":[{"start":{"line":389,"column":6},"end":{"line":391,"column":null}},{"start":{},"end":{}}],"line":389}},"s":{"0":1,"1":100,"2":100,"3":100,"4":100,"5":310,"6":100,"7":90,"8":468,"9":100,"10":100,"11":100,"12":100,"13":14,"14":86,"15":0,"16":0,"17":0,"18":0,"19":0,"20":1,"21":10,"22":10,"23":31,"24":10,"25":31,"26":10,"27":100,"28":1,"29":13,"30":13,"31":41,"32":13,"33":41,"34":13,"35":41,"36":13,"37":41,"38":13,"39":41,"40":13,"41":41,"42":13,"43":41,"44":13,"45":13,"46":1,"47":1,"48":13,"49":1,"50":1,"51":4,"52":13,"53":4,"54":13,"55":4,"56":13,"57":4,"58":4,"59":1,"60":1,"61":4,"62":4,"63":1,"64":3,"65":3,"66":12,"67":3,"68":0,"69":0,"70":3,"71":3,"72":12,"73":3,"74":4},"f":{"0":100,"1":310,"2":90,"3":468,"4":0,"5":0,"6":10,"7":31,"8":31,"9":100,"10":13,"11":41,"12":41,"13":41,"14":41,"15":41,"16":41,"17":41,"18":1,"19":1,"20":4,"21":13,"22":13,"23":13,"24":1,"25":4,"26":12,"27":0,"28":3,"29":12},"b":{"0":[90,9],"1":[468,0],"2":[100,90],"3":[14,86],"4":[0,0],"5":[9,77],"6":[20,66],"7":[100,66],"8":[66,59],"9":[59,0],"10":[100,77,59,0],"11":[0,0],"12":[8,2],"13":[8,2],"14":[8,2],"15":[8,2],"16":[8,2],"17":[13,9]
[...]
,{"start":{"line":223,"column":18},"end":{"line":227,"column":null}}],"line":222},"20":{"loc":{"start":{"line":252,"column":17},"end":{"line":263,"column":null}},"type":"binary-expr","locations":[{"start":{"line":252,"column":17},"end":{"line":252,"column":null}},{"start":{"line":253,"column":18},"end":{"line":263,"column":null}}],"line":252},"21":{"loc":{"start":{"line":275,"column":15},"end":{"line":275,"column":null}},"type":"cond-expr","locations":[{"start":{"line":275,"column":29},"end":{"line":275,"column":52}},{"start":{"line":275,"column":52},"end":{"line":275,"column":null}}],"line":275},"22":{"loc":{"start":{"line":287,"column":15},"end":{"line":287,"column":null}},"type":"cond-expr","locations":[{"start":{"line":287,"column":39},"end":{"line":287,"column":66}},{"start":{"line":287,"column":66},"end":{"line":287,"column":null}}],"line":287},"23":{"loc":{"start":{"line":293,"column":11},"end":{"line":302,"column":null}},"type":"binary-expr","locations":[{"start":{"line":293,"column":11},"end":{"line":293,"column":null}},{"start":{"line":294,"column":12},"end":{"line":302,"column":null}}],"line":293},"24":{"loc":{"start":{"line":343,"column":111},"end":{"line":343,"column":null}},"type":"cond-expr","locations":[{"start":{"line":343,"column":135},"end":{"line":343,"column":170}},{"start":{"line":343,"column":170},"end":{"line":343,"column":null}}],"line":343},"25":{"loc":{"start":{"line":352,"column":25},"end":{"line":359,"column":25}},"type":"cond-expr","locations":[{"start":{"line":353,"column":26},"end":{"line":354,"column":44}},{"start":{"line":354,"column":28},"end":{"line":359,"column":25}}],"line":352},"26":{"loc":{"start":{"line":354,"column":28},"end":{"line":359,"column":25}},"type":"cond-expr","locations":[{"start":{"line":355,"column":26},"end":{"line":357,"column":27}},{"start":{"line":357,"column":26},"end":{"line":359,"column":25}}],"line":354},"27":{"loc":{"start":{"line":370,"column":30},"end":{"line":372,"column":null}},"type":"cond-expr","locations":[{"start":{"line":371,"column":34},"end":{"line":371,"column":null}},{"start":{"line":372,"column":34},"end":{"line":372,"column":null}}],"line":370},"28":{"loc":{"start":{"line":376,"column":31},"end":{"line":377,"column":36}},"type":"binary-expr","locations":[{"start":{"line":376,"column":31},"end":{"line":376,"column":45}},{"start":{"line":376,"column":45},"end":{"line":377,"column":36}}],"line":376}},"s":{"0":1,"1":11,"2":11,"3":33,"4":11,"5":11,"6":33,"7":11,"8":11,"9":11,"10":11,"11":11,"12":11,"13":11,"14":11,"15":9,"16":1,"17":11,"18":1,"19":1,"20":1,"21":0,"22":0,"23":1,"24":11,"25":0,"26":0,"27":0,"28":0,"29":0,"30":0,"31":0,"32":0,"33":0,"34":0,"35":0,"36":11,"37":0,"38":0,"39":0,"40":0,"41":0,"42":0,"43":0,"44":11,"45":1,"46":1,"47":1,"48":11,"49":0,"50":0,"51":0,"52":0,"53":0,"54":11,"55":0,"56":0,"57":0,"58":0,"59":0,"60":0,"61":0,"62":0,"63":0,"64":0,"65":0,"66":0,"67":0,"68":11,"69":110,"70":111,"71":11,"72":110,"73":501,"74":110,"75":111,"76":110,"77":11,"78":0,"79":0,"80":0,"81":0,"82":11,"83":25,"84":1,"85":1,"86":0,"87":0,"88":0,"89":0,"90":0,"91":0,"92":0,"93":110,"94":0,"95":0,"96":506,"97":506,"98":506,"99":506,"100":0,"101":0,"102":0},"f":{"0":11,"1":33,"2":33,"3":0,"4":9,"5":1,"6":0,"7":0,"8":0,"9":0,"10":1,"11":0,"12":0,"13":0,"14":0,"15":0,"16":0,"17":0,"18":110,"19":111,"20":110,"21":501,"22":111,"23":0,"24":0,"25":0,"26":0,"27":11,"28":25,"29":1,"30":1,"31":0,"32":0,"33":0,"34":0,"35":0,"36":0,"37":0,"38":110,"39":0,"40":0,"41":506,"42":506,"43":506,"44":0,"45":0,"46":0},"b":{"0":[11,0],"1":[1,8],"2":[1,0],"3":[1,0],"4":[0,0],"5":[0,0],"6":[0,0],"7":[0,0],"8":[1,0],"9":[0,0],"10":[0,0],"11":[0,0],"12":[0,0],"13":[0,0],"14":[110,1],"15":[0,11],"16":[1,10],"17":[11,11],"18":[11,4],"19":[11,0],"20":[11,7],"21":[1,10],"22":[1,10],"23":[11,1],"24":[1,10],"25":[0,110],"26":[1,109],"27":[3,503],"28":[506,3]},"meta":{"lastBranch":29,"lastFunction":47,"lastStatement":103,"seen":{"s:16:13:401:Infinity":0,"f:16:13:16:41":0,"s:17:10:17:Infinity":1,"s:18:8:18:Infinity":2,"f:18:19:18:34":1,"s:18:40:18:50":3,"s:19:8:19:Infinity":4,"s:20:8:20:Infinity":5,"f:20:24:20:37":2,"s:20:47:20:66":6,"s:21:8:21:Infinity":7,"s:22:17:22:Infinity":8,"s:23:44:23:Infinity":9,"b:23:64:23:85:23:85:23:89":0,"s:25:22:25:Infinity":10,"s:26:22:26:Infinity":11,"s:27:24:32:Infinity":12,"f:31:4:31:21":3,"s:34:19:38:Infinity":13,"s:40:2:44:Infinity":14,"f:40:8:40:24":4,"b:41:4:43:Infinity:undefined:undefined:undefined:undefined":1,"s:41:4:43:Infinity":15,"s:42:6:42:Infinity":16,"s:46:8:59:Infinity":17,"f:46:20:46:33":5,"b:47:4:57:Infinity:54:11:57:Infinity":2,"s:47:4:57:Infinity":18,"s:48:6:48:Infinity":19,"s:49:6:53:Infinity":20,"b:51:21:51:41:51:41:51:Infinity":3,"s:55:6:55:Infinity":21,"s:56:6:56:Infinity":22,"s:58:4:58:Infinity":23,"s:61:21:83:Infinity":24,"f:61:21:61:33":6,"b:62:4:62:Infinity:undefined:undefined:undefined:undefined":4,"s:62:4:62:Infinity":25,"s:62:24:62:Infinity":26,"s:64:17:70:Infinity":27,"b:69:16:69:41:69:41:69:Infinity":5,"b:72:4:78:Infinity:75:11:78:Infinity":6,"s:72:4:78:Infinity":28,"s:73:6:73:Infinity":29,"s:74:6:74:Infinity":30,"s:76:6:76:Infinity":31,"s:77:6:77:Infinity":32,"s:80:4:80:Infinity":33,"s:81:4:81:Infinity":34,"s:82:4:82:Infinity":35,"s:85:8:97:Infinity":36,"f:85:8:85:24":7,"b:86:4:86:Infinity:undefined:undefined:undefined:undefined":7,"s:86:4:86:Infinity":37,"s:86:23:86:Infinity":38,"s:87:4:96:Infinity":39,"f:91:17:91:29":8,"s:92:8:92:Infinity":40,"s:93:8:93:Infinity":41,"s:94:8:94:Infinity":42,"f:94:8:94:26":9,"s:94:36:94:61":43,"s:99:8:107:Infinity":44,"f:99:8:99:23":10,"s:100:4:100:Infinity":45,"s:101:4:105:Infinity":46,"b:103:19:103:39:103:39:103:Infinity":8,"s:106:4:106:Infinity":47,"s:109:8:117:Infinity":48,"f:109:8:109:28":11,"b:110:4:110:Infinity:undefined:undefined:undefined:undefined":9,"s:110:4:110:Infinity":49,"s:110:31:110:Infinity":50,"s:111:4:116:Infinity":51,"f:111:4:111:17":12,"s:111:27:116:6":52,"b:114:10:114:Infinity:115:10:115:Infinity":10,"f:114:27:114:35":13,"s:114:41:114:57":53,"s:119:8:133:Infinity":54,"f:119:8:119:38":14,"b:120:4:120:Infinity:undefined:undefined:undefined:undefined":11,"s:120:4:120:Infinity":55,"s:120:31:120:Infinity":56,"s:121:4:132:Infinity":57,"f:121:4:121:17":15,"s:122:26:122:Infinity":58,"f:122:44:122:51":16,"s:122:57:122:85":59,"b:123:6:131:Infinity:125:13:131:Infinity":12,"s:123:6:131:Infinity":60,"s:124:8:124:Infinity":61,"f:124:56:124:64":17,"s:124:70:124:114":62,"s:126:25:126:Infinity":63,"s:127:8:129:Infinity":64,"b:128:10:128:Infinity:undefined:undefined:undefined:undefined":13,"s:128:10:128:Infinity":65,"s:128:37:128:Infinity":66,"s:130:8:130:Infinity":67,"s:135:8:137:Infinity":68,"f:135:8:135:28":18,"s:136:4:136:Infinity":69,"f:136:29:136:36":19,"s:136:42:136:74":70,"s:139:8:143:Infinity":71,"f:139:8:139:27":20,"s:140:17:140:Infinity":72,"f:140:35:140:41":21,"s:140:47:140:79":73,"s:141:16:141:Infinity":74,"f:141:34:141:41":22,"s:141:47:141:79":75,"s:142:4:142:Infinity":76,"b:142:11:142:19:142:19:142:Infinity":14,"s:145:2:399:Infinity":77,"f:159:66:159:81":23,"s:159:81:159:Infinity":78,"f:171:10:171:21":24,"s:171:27:171:Infinity":79,"b:179:8:184:16:184:10:268:Infinity":15,"f:180:21:180:26":25,"s:181:12:181:Infinity":80,"b:185:8:198:9:198:8:268:Infinity":16,"f:191:70:191:85":26,"s:191:85:191:Infinity":81,"f:199:17:199:22":27,"s:200:12:266:Infinity":82,"b:204:19:204:Infinity:205:20:207:Infinity":17,"b:208:17:208:Infinity:209:18:214:Infinity":18,"f:217:46:217:51":28,"s:218:18:220:Infinity":83,"b:222:17:222:Infinity:223:18:227:Infinity":19,"f:234:20:234:35":29,"s:234:35:234:Infinity":84,"f:245:20:245:35":30,"s:245:35:245:Infinity":85,"b:252:17:252:Infinity:253:18:263:Infinity":20,"f:257:22:257:37":31,"s:257:37:257:Infinity":86,"f:274:8:274:23":32,"s:274:23:274:Infinity":87,"b:275:29:275:52:275:52:275:Infinity":21,"f:280:40:280:55":33,"s:280:55:280:79":88,"b:287:39:287:66:287:66:287:Infinity":22,"b:293:11:293:Infinity:294:12:302:Infinity":23,"f:310:14:310:25":34,"s:310:31:310:Infinity":89,"f:310:31:310:44":35,"s:310:54:310:88":90,"f:317:14:317:25":36,"s:317:31:317:Infinity":91,"f:317:31:317:44":37,"s:317:54:317:95":92,"b:343:135:343:170:343:170:343:Infinity":24,"f:344:35:344:40":38,"s:345:18:383:Infinity":93,"f:348:24:348:39":39,"s:348:39:348:Infinity":94,"f:348:84:348:89":40,"s:348:95:348:114":95,"b:353:26:354:44:354:28:359:25":25,"f:352:60:352:65":41,"s:352:71:352:90":96,"b:355:26:357:27:357:26:359:25":26,"f:354:62:354:67":42,"s:354:73:354:92":97,"f:363:41:363:46":43,"s:364:43:364:Infinity":98,"s:365:24:379:Infinity":99,"f:368:28:368:43":44,"s:368:43:368:Infinity":100,"b:371:34:371:Infinity:372:34:372:Infinity":27,"b:376:31:376:45:376:45:377:36":28,"f:393:8:393:23":45,"s:393:23:393:Infinity":101,"f:393:23:393:41":46,"s:393:51:393:76":102},"fnNames":{}}}
,"E:\\MaghzAccountApp\\MaghzAccountFlash35\\src\\modules\\auth\\hooks\\usePermission.ts": {"path":"E:\\MaghzAccountApp\\MaghzAccountFlash35\\src\\modules\\auth\\hooks\\usePermission.ts","statementMap":{"0":{"start":{"line":5,"column":2},"end":{"line":5,"column":null}},"1":{"start":{"line":9,"column":2},"end":{"line":9,"column":null}},"2":{"start":{"line":9,"column":22},"end":{"line":9,"column":28}},"3":{"start":{"line":10,"column":2},"end":{"line":10,"column":null}},"4":{"start":{"line":10,"column":22},"end":{"line":10,"column":35}},"5":{"start":{"line":11,"column":2},"end":{"line":11,"column":null}},"6":{"start":{"line":15,"column":2},"end":{"line":15,"column":null}},"7":{"start":{"line":15,"column":22},"end":{"line":15,"column":28}},"8":{"start":{"line":16,"column":2},"end":{"line":16,"column":null}},"9":{"start":{"line":16,"column":22},"end":{"line":16,"column":35}},"10":{"start":{"line":17,"column":2},"end":{"line":20,"column":null}},"11":{"start":{"line":18,"column":4},"end":{"line":18,"column":null}},"12":{"start":{"line":19,"column":4},"end":{"line":19,"column":null}},"13":{"start":{"line":24,"column":2},"end":{"line":24,"column":null}},"14":{"start":{"line":24,"column":22},"end":{"line":24,"column":28}},"15":{"start":{"line":25,"column":2},"end":{"line":25,"column":null}},"16":{"start":{"line":31,"column":2},"end":{"line":31,"column":null}},"17":{"start":{"line":35,"column":2},"end":{"line":35,"column":null}},"18":{"start":{"line":39,"column":2},"end":{"line":39,"column":null}},"19":{"start":{"line":43,"column":2},"end":{"line":43,"column":null}},"20":{"start":{"line":47,"column":2},"end":{"line":47,"column":null}},"21":{"start":{"line":51,"column":2},"end":{"line":51,"column":null}},"22":{"start":{"line":55,"column":2},"end":{"line":55,"column":null}},"23":{"start":{"line":55,"column":22},"end":{"line":55,"column":28}},"24":{"start":{"line":56,"column":2},"end":{"line":56,"column":null}},"25":{"start":{"line":56,"column":22},"end":{"line":56,"column":35}},"26":{"start":{"line":57,"column":16},"end":{"line":57,"column":null}},"27":{"start":{"line":58,"column":2},"end":{"line":58,"column":null}},"28":{"start":{"line":58,"column":19},"end":{"line":58,"column":null}},"29":{"start":{"line":59,"column":2},"end":{"line":59,"column":null}},"30":{"start":{"line":59,"column":41},"end":{"line":59,"column":null}},"31":{"start":{"line":60,"column":2},"end":{"line":60,"column":null}},"32":{"start":{"line":60,"column":59},"end":{"line":60,"column":null}},"33":{"start":{"line":61,"column":2},"end":{"line":61,"column":null}},"34":{"start":{"line":61,"column":58},"end":{"line":61,"column":null}},"35":{"start":{"line":62,"column":2},"end":{"line":62,"column":null}},"36":{"start":{"line":62,"column":61},"end":{"line":62,"column":null}},"37":{"start":{"line":63,"column":2},"end":{"line":63,"column":null}},"38":{"start":{"line":67,"column":2},"end":{"line":67,"column":null}},"39":{"start":{"line":67,"column":22},"end":{"line":67,"column":28}},"40":{"start":{"line":68,"column":2},"end":{"line":68,"column":null}},"41":{"start":{"line":68,"column":22},"end":{"line":68,"column":35}},"42":{"start":{"line":69,"column":2},"end":{"line":75,"column":null}},"43":{"start":{"line":79,"column":2},"end":{"line":79,"column":null}},"44":{"start":{"line":79,"column":22},"end":{"line":79,"column":28}},"45":{"start":{"line":80,"column":2},"end":{"line":80,"column":null}}},"fnMap":{"0":{"name":"checkPermission","decl":{"start":{"line":4,"column":9},"end":{"line":4,"column":25}},"loc":{"start":{"line":4,"column":58},"end":{"line":6,"column":null}},"line":4},"1":{"name":"usePermission","decl":{"start":{"line":8,"column":16},"end":{"line":8,"column":30}},"loc":{"start":{"line":8,"column":63},"end":{"line":12,"column":null}},"line":8},"2":{"name":"(anonymous_2)","decl":{"start":{"line":9,"column":2},"end":{"line":9,"column":16}},"loc":{"start":{"line":9,"column":22},"end":{"line":9,"column":28}},"line":9},"3":{"name":"(anonymous_3)","decl":{"start":{"line":10,"column":2},"end":{"line":10,"column":16}},"loc":{"start":{"line":10,"column":22},"end":{"line":10,"column":35}},"line":10},"4":{"name":"usePermissions","decl":{"start":{"line":14,"column":16},"end":{"line":14,"column":31}},"loc":{"start":{"line":14,"column":83},"end":{"line":21,"column":null}},"line":14},"5":{"name":"(anonymous_5)","decl":{"start":{"line":15,"column":2},"end":{"line":15,"column":16}},"loc":{"start":{"line":15,"column":22},"end":{"line":15,"column":28}},"line":15},"6":{"name":"(anonymous_6)","decl":{"start":{"line":16,"column":2},"end":{"line":16,"column":16}},"loc":{"start":{"line":16,"column":22},"end":{"line":16,"column":35}},"line":16},"7":{"name":"(anonymous_7)","decl":{"start":{"line":17,"column":21},"end":{"line":17,"column":54}},"loc":{"start":{"line":17,"column":65},"end":{"line":20,"column":5}},"line":17},"8":{"name":"useHasRole","decl":{"start":{"line":23,"column":16},"end":{"line":23,"column":27}},"loc":{"start":{"line":23,"column":53},"end":{"line":26,"column":null}},"line":23},"9":{"name":"(anonymous_9)","decl":{"start":{"line":24,"column":2},"end":{"line":24,"column":16}},"loc":{"start":{"line":24,"column":22},"end":{"line":24,"column":28}},"line":24},"10":{"name":"useCanView","decl":{"start":{"line":30,"column":16},"end":{"line":30,"column":27}},"loc":{"start":{"line":30,"column":52},"end":{"line":32,"column":null}},"line":30},"11":{"name":"useCanCreate","decl":{"start":{"line":34,"column":16},"end":{"line":34,"column":29}},"loc":{"start":{"line":34,"column":54},"end":{"line":36,"column":null}},"line":34},"12":{"name":"useCanEdit","decl":{"start":{"line":38,"column":16},"end":{"line":38,"column":27}},"loc":{"start":{"line":38,"column":52},"end":{"line":40,"column":null}},"line":38},"13":{"name":"useCanDelete","decl":{"start":{"line":42,"column":16},"end":{"line":42,"column":29}},"loc":{"start":{"line":42,"column":54},"end":{"line":44,"column":null}},"line":42},"14":{"name":"useCanPost","decl":{"start":{"line":46,"column":16},"end":{"line":46,"column":27}},"loc":{"start":{"line":46,"column":52},"end":{"line":48,"column":null}},"line":46},"15":{"name":"useCanExport","decl":{"start":{"line":50,"column":16},"end":{"line":50,"column":40}},"loc":{"start":{"line":50,"column":40},"end":{"line":52,"column":null}},"line":50},"16":{"name":"useCanAccessModule","decl":{"start":{"line":54,"column":16},"end":{"line":54,"column":35}},"loc":{"start":{"line":54,"column":60},"end":{"line":64,"column":null}},"line":54},"17":{"name":"(anonymous_17)","decl":{"start":{"line":55,"column":2},"end":{"line":55,"column":16}},"loc":{"start":{"line":55,"column":22},"end":{"line":55,"column":28}},"line":55},"18":{"name":"(anonymous_18)","decl":{"start":{"line":56,"column":2},"end":{"line":56,"column":16}},"loc":{"start":{"line":56,"column":22},"end":{"line":56,"column":35}},"line":56},"19":{"name":"useModulePermissions","decl":{"start":{"line":66,"column":16},"end":{"line":66,"column":37}},"loc":{"start":{"line":66,"column":53},"end":{"line":76,"column":null}},"line":66},"20":{"name":"(anonymous_20)","decl":{"start":{"line":67,"column":2},"end":{"line":67,"column":16}},"loc":{"start":{"line":67,"column":22},"end":{"line":67,"column":28}},"line":67},"21":{"name":"(anonymous_21)","decl":{"start":{"line":68,"column":2},"end":{"line":68,"column":16}},"loc":{"start":{"line":68,"column":22},"end":{"line":68,"column":35}},"line":68},"22":{"name":"useShouldFilterByOwner","decl":{"start":{"line":78,"column":16},"end":{"line":78,"column":39}},"loc":{"start":{"line":78,"column":64},"end":{"line":81,"column":null}},"line":78},"23":{"name":"(anonymous_23)","decl":{"start":{"line":79,"column":2},"end":{"line":79,"column":16}},"loc":{"start":{"line":79,"column":22},"end":{"line":79,"column":28}},"line":79}},"branchMap":{"0":{"loc":{"start":{"line":58,"column":2},"end":{"line":58,"column":null}},"type":"if","locations":[{"start":{"line":58,"column":2},"end":{"line":58,"column":null}},{"start":{},"end":{}}],"line":58},"1":{"loc":{"start":{"line":59,"column":2},"end":{"line":59,"column":null}},"type":"if","locations":[{"start":{"line":59,"column":2},"end":{"line":59,"column":null}},{"start":{},"end":{}}],"line":59},"2":{"loc":{"start":{"line":60,"column":2},"end":{"line":60,"column":null}},"type":"if","locations":[{"start":{"line":60,"column":2},"end":{"line":60,"column":null}},{"start":{},"end":{}}],"line":60},"3":{"loc":{"start":{"line":61,"column":2},"end":{"line":61,"column":null}},"type":"if","locations":[{"start":{"line":61,"column":2},"end":{"line":61,"column":null}},{"start":{},"end":{}}],"line":61},"4":{"loc":{"start":{"line":62,"column":2},"end":{"line":62,"column":null}},"type":"if","locations":[{"start":{"line":62,"column":2},"end":{"line":62,"column":null}},{"start":{},"end":{}}],"line":62}},"s":{"0":53,"1":38,"2":117,"3":38,"4":117,"5":38,"6":2,"7":6,"8":2,"9":6,"10":2,"11":5,"12":5,"13":3,"14":9,"15":3,"16":3,"17":3,"18":2,"19":2,"20":2,"21":2,"22":104,"23":322,"24":104,"25":322,"26":104,"27":104,"28":11,"29":93,"30":1,"31":92,"32":86,"33":6,"34":1,"35":5,"36":0,"37":5,"38":2,"39":6,"40":2,"41":6,"42":2,"43":2,"44":6,"45":2},"f":{"0":53,"1":38,"2":117,"3":117,"4":2,"5":6,"6":6,"7":5,"8":3,"9":9,"10":3,"11":3,"12":2,"13":2,"14":2,"15":2,"16":104,"17":322,"18":322,"19":2,"20":6,"21":6,"22":2,"23":6},"b":{"0":[11,93],"1":[1,92],"2":[86,6],"3":[1,5],"4":[0,5]},"meta":{"lastBranch":5,"lastFunction":24,"lastStatement":46,"seen":{"f:4:9:4:25":0,"s:5:2:5:Infinity":0,"f:8:16:8:30":1,"s:9:2:9:Infinity":1,"f:9:2:9:16":2,"s:9:22:9:28":2,"s:10:2:10:Infinity":3,"f:10:2:10:16":3,"s:10:22:10:35":4,"s:11:2:11:Infinity":5,"f:14:16:14:31":4,"s:15:2:15:Infinity":6,"f:15:2:15:16":5,"s:15:22:15:28":7,"s:16:2:16:Infinity":8,"f:16:2:16:16":6,"s:16:22:16:35":9,"s:17:2:20:Infinity":10,"f:17:21:17:54":7,"s:18:4:18:Infinity":11,"s:19:4:19:Infinity":12,"f:23:16:23:27":8,"s:24:2:24:Infinity":13,"f:24:2:24:16":9,"s:24:22:24:28":14,"s:25:2:25:Infinity":15,"f:30:16:30:27":10,"s:31:2:31:Infinity":16,"f:34:16:34:29":11,"s:35:2:35:Infinity":17,"f:38:16:38:27":12,"s:39:2:39:Infinity":18,"f:42:16:42:29":13,"s:43:2:43:Infinity":19,"f:46:16:46:27":14,"s:47:2:47:Infinity":20,"f:50:16:50:40":15,"s:51:2:51:Infinity":21,"f:54:16:54:35":16,"s:55:2:55:Infinity":22,"f:55:2:55:16":17,"s:55:22:55:28":23,"s:56:2:56:Infinity":24,"f:56:2:56:16":18,"s:56:22:56:35":25,"s:57:16:57:Infinity":26,"b:58:2:58:Infinity:undefined:undefined:undefined:undefined":0,"s:58:2:58:Infinity":27,"s:58:19:58:Infinity":28,"b:59:2:59:Infinity:undefined:undefined:undefined:undefined":1,"s:59:2:59:Infinity":29,"s:59:41:59:Infinity":30,"b:60:2:60:Infinity:undefined:undefined:undefined:undefined":2,"s:60:2:60:Infinity":31,"s:60:59:60:Infinity":32,"b:61:2:61:Infinity:undefined:undefined:undefined:undefined":3,"s:61:2:61:Infinity":33,"s:61:58:61:Infinity":34,"b:62:2:62:Infinity:undefined:undefined:undefined:undefined":4,"s:62:2:62:Infinity":35,"s:62:61:62:Infinity":36,"s:63:2:63:Infinity":37,"f:66:16:66:37":19,"s:67:2:67:Infinity":38,"f:67:2:67:16":20,"s:67:22:67:28":39,"s:68:2:68:Infinity":40,"f:68:2:68:16":21,"s:68:22:68:35":41,"s:69:2:75:Infinity":42,"f:78:16:78:39":22,"s:79:2:79:Infinity":43,"f:79:2:79:16":23,"s:79:22:79:28":44,"s:80:2:80:Infinity":45},"fnNames":{}}}
}
